mode: atomic
github.com/m11ano/budget_planner/backend/auth/cmd/main.go:10.13,20.2 4 0
github.com/m11ano/budget_planner/backend/auth/internal/app/config/config.go:45.41,48.29 2 0
github.com/m11ano/budget_planner/backend/auth/internal/app/config/config.go:48.29,49.42 1 0
github.com/m11ano/budget_planner/backend/auth/internal/app/config/config.go:49.42,51.18 2 0
github.com/m11ano/budget_planner/backend/auth/internal/app/config/config.go:51.18,53.5 1 0
github.com/m11ano/budget_planner/backend/auth/internal/app/config/config.go:57.2,57.15 1 0
github.com/m11ano/budget_planner/backend/auth/internal/domain/auth/init.go:10.62,12.2 1 0
github.com/m11ano/budget_planner/backend/auth/internal/app/fxboot/providing/backoff.go:5.39,7.2 1 0
github.com/m11ano/budget_planner/backend/auth/internal/app/fxboot/providing/db_clients.go:12.115,22.16 2 0
github.com/m11ano/budget_planner/backend/auth/internal/app/fxboot/providing/db_clients.go:22.16,26.3 2 0
github.com/m11ano/budget_planner/backend/auth/internal/app/fxboot/providing/db_clients.go:28.2,28.15 1 0
github.com/m11ano/budget_planner/backend/auth/internal/app/fxboot/providing/delivery_grpc.go:15.71,16.38 1 0
github.com/m11ano/budget_planner/backend/auth/internal/app/fxboot/providing/delivery_grpc.go:16.38,18.4 1 0
github.com/m11ano/budget_planner/backend/auth/internal/app/fxboot/providing/delivery_grpc.go:19.3,19.39 1 0
github.com/m11ano/budget_planner/backend/auth/internal/app/fxboot/providing/fx_logger.go:9.49,10.16 1 0
github.com/m11ano/budget_planner/backend/auth/internal/app/fxboot/providing/fx_logger.go:10.16,12.3 1 0
github.com/m11ano/budget_planner/backend/auth/internal/app/fxboot/providing/fx_logger.go:13.2,15.3 1 0
github.com/m11ano/budget_planner/backend/auth/internal/app/fxboot/providing/logger.go:12.93,15.9 2 0
github.com/m11ano/budget_planner/backend/auth/internal/app/fxboot/providing/logger.go:16.18,17.94 1 0
github.com/m11ano/budget_planner/backend/auth/internal/app/fxboot/providing/logger.go:18.14,19.93 1 0
github.com/m11ano/budget_planner/backend/auth/internal/app/fxboot/providing/logger.go:20.10,21.83 1 0
github.com/m11ano/budget_planner/backend/auth/internal/app/fxboot/providing/logger.go:24.2,26.18 2 0
github.com/m11ano/budget_planner/backend/auth/internal/delivery/grpc/controller/controller.go:31.3,56.2 4 0
github.com/m11ano/budget_planner/backend/auth/internal/delivery/grpc/controller/login.go:13.102,20.39 4 0
github.com/m11ano/budget_planner/backend/auth/internal/delivery/grpc/controller/login.go:20.39,26.3 2 0
github.com/m11ano/budget_planner/backend/auth/internal/delivery/grpc/controller/login.go:28.2,36.16 3 0
github.com/m11ano/budget_planner/backend/auth/internal/delivery/grpc/controller/login.go:36.16,37.48 1 0
github.com/m11ano/budget_planner/backend/auth/internal/delivery/grpc/controller/login.go:37.48,40.36 3 0
github.com/m11ano/budget_planner/backend/auth/internal/delivery/grpc/controller/login.go:40.36,42.5 1 0
github.com/m11ano/budget_planner/backend/auth/internal/delivery/grpc/controller/login.go:45.3,45.56 1 0
github.com/m11ano/budget_planner/backend/auth/internal/delivery/grpc/controller/login.go:48.2,49.16 2 0
github.com/m11ano/budget_planner/backend/auth/internal/delivery/grpc/controller/login.go:49.16,51.3 1 0
github.com/m11ano/budget_planner/backend/auth/internal/delivery/grpc/controller/login.go:53.2,54.16 2 0
github.com/m11ano/budget_planner/backend/auth/internal/delivery/grpc/controller/login.go:54.16,56.3 1 0
github.com/m11ano/budget_planner/backend/auth/internal/delivery/grpc/controller/login.go:58.2,72.17 2 0
github.com/m11ano/budget_planner/backend/auth/internal/delivery/grpc/controller/logout.go:11.105,15.21 3 0
github.com/m11ano/budget_planner/backend/auth/internal/delivery/grpc/controller/logout.go:15.21,17.3 1 0
github.com/m11ano/budget_planner/backend/auth/internal/delivery/grpc/controller/logout.go:19.2,20.16 2 0
github.com/m11ano/budget_planner/backend/auth/internal/delivery/grpc/controller/logout.go:20.16,22.3 1 0
github.com/m11ano/budget_planner/backend/auth/internal/delivery/grpc/controller/logout.go:24.2,24.36 1 0
github.com/m11ano/budget_planner/backend/auth/internal/delivery/grpc/controller/refresh.go:14.108,21.16 5 0
github.com/m11ano/budget_planner/backend/auth/internal/delivery/grpc/controller/refresh.go:21.16,22.45 1 0
github.com/m11ano/budget_planner/backend/auth/internal/delivery/grpc/controller/refresh.go:22.45,24.4 1 0
github.com/m11ano/budget_planner/backend/auth/internal/delivery/grpc/controller/refresh.go:25.3,25.56 1 0
github.com/m11ano/budget_planner/backend/auth/internal/delivery/grpc/controller/refresh.go:28.2,29.16 2 0
github.com/m11ano/budget_planner/backend/auth/internal/delivery/grpc/controller/refresh.go:29.16,31.3 1 0
github.com/m11ano/budget_planner/backend/auth/internal/delivery/grpc/controller/refresh.go:33.2,34.16 2 0
github.com/m11ano/budget_planner/backend/auth/internal/delivery/grpc/controller/refresh.go:34.16,36.3 1 0
github.com/m11ano/budget_planner/backend/auth/internal/delivery/grpc/controller/refresh.go:38.2,39.16 2 0
github.com/m11ano/budget_planner/backend/auth/internal/delivery/grpc/controller/refresh.go:39.16,41.3 1 0
github.com/m11ano/budget_planner/backend/auth/internal/delivery/grpc/controller/refresh.go:43.2,50.17 2 0
github.com/m11ano/budget_planner/backend/auth/internal/delivery/grpc/controller/register.go:13.111,20.39 4 0
github.com/m11ano/budget_planner/backend/auth/internal/delivery/grpc/controller/register.go:20.39,27.3 2 0
github.com/m11ano/budget_planner/backend/auth/internal/delivery/grpc/controller/register.go:29.2,42.16 3 0
github.com/m11ano/budget_planner/backend/auth/internal/delivery/grpc/controller/register.go:42.16,44.3 1 0
github.com/m11ano/budget_planner/backend/auth/internal/delivery/grpc/controller/register.go:46.2,50.38 4 0
github.com/m11ano/budget_planner/backend/auth/internal/delivery/grpc/controller/who_i_am.go:11.105,15.21 3 0
github.com/m11ano/budget_planner/backend/auth/internal/delivery/grpc/controller/who_i_am.go:15.21,17.3 1 0
github.com/m11ano/budget_planner/backend/auth/internal/delivery/grpc/controller/who_i_am.go:19.2,24.16 2 0
github.com/m11ano/budget_planner/backend/auth/internal/delivery/grpc/controller/who_i_am.go:24.16,26.3 1 0
github.com/m11ano/budget_planner/backend/auth/internal/delivery/grpc/controller/who_i_am.go:28.2,37.17 2 0
github.com/m11ano/budget_planner/backend/auth/internal/domain/auth/entity/account.go:41.38,43.2 1 0
github.com/m11ano/budget_planner/backend/auth/internal/domain/auth/entity/account.go:45.79,46.22 1 0
github.com/m11ano/budget_planner/backend/auth/internal/domain/auth/entity/account.go:46.22,48.24 1 0
github.com/m11ano/budget_planner/backend/auth/internal/domain/auth/entity/account.go:48.24,50.4 1 0
github.com/m11ano/budget_planner/backend/auth/internal/domain/auth/entity/account.go:52.3,53.30 2 0
github.com/m11ano/budget_planner/backend/auth/internal/domain/auth/entity/account.go:53.30,54.11 1 0
github.com/m11ano/budget_planner/backend/auth/internal/domain/auth/entity/account.go:55.29,56.21 1 0
github.com/m11ano/budget_planner/backend/auth/internal/domain/auth/entity/account.go:57.28,58.20 1 0
github.com/m11ano/budget_planner/backend/auth/internal/domain/auth/entity/account.go:59.12,60.22 1 0
github.com/m11ano/budget_planner/backend/auth/internal/domain/auth/entity/account.go:64.3,65.16 2 0
github.com/m11ano/budget_planner/backend/auth/internal/domain/auth/entity/account.go:65.16,67.4 1 0
github.com/m11ano/budget_planner/backend/auth/internal/domain/auth/entity/account.go:68.3,68.15 1 0
github.com/m11ano/budget_planner/backend/auth/internal/domain/auth/entity/account.go:68.15,70.4 1 0
github.com/m11ano/budget_planner/backend/auth/internal/domain/auth/entity/account.go:71.3,71.17 1 0
github.com/m11ano/budget_planner/backend/auth/internal/domain/auth/entity/account.go:71.17,73.4 1 0
github.com/m11ano/budget_planner/backend/auth/internal/domain/auth/entity/account.go:75.3,75.16 1 0
github.com/m11ano/budget_planner/backend/auth/internal/domain/auth/entity/account.go:75.16,77.4 1 0
github.com/m11ano/budget_planner/backend/auth/internal/domain/auth/entity/account.go:80.2,81.16 2 0
github.com/m11ano/budget_planner/backend/auth/internal/domain/auth/entity/account.go:81.16,83.3 1 0
github.com/m11ano/budget_planner/backend/auth/internal/domain/auth/entity/account.go:85.2,87.12 2 0
github.com/m11ano/budget_planner/backend/auth/internal/domain/auth/entity/account.go:90.59,93.2 2 0
github.com/m11ano/budget_planner/backend/auth/internal/domain/auth/entity/account.go:95.51,99.16 3 0
github.com/m11ano/budget_planner/backend/auth/internal/domain/auth/entity/account.go:99.16,101.3 1 0
github.com/m11ano/budget_planner/backend/auth/internal/domain/auth/entity/account.go:103.2,104.16 2 0
github.com/m11ano/budget_planner/backend/auth/internal/domain/auth/entity/account.go:104.16,106.3 1 0
github.com/m11ano/budget_planner/backend/auth/internal/domain/auth/entity/account.go:108.2,110.12 2 0
github.com/m11ano/budget_planner/backend/auth/internal/domain/auth/entity/account.go:113.55,114.18 1 0
github.com/m11ano/budget_planner/backend/auth/internal/domain/auth/entity/account.go:114.18,116.3 1 0
github.com/m11ano/budget_planner/backend/auth/internal/domain/auth/entity/account.go:118.2,118.26 1 0
github.com/m11ano/budget_planner/backend/auth/internal/domain/auth/entity/account.go:121.57,122.18 1 0
github.com/m11ano/budget_planner/backend/auth/internal/domain/auth/entity/account.go:122.18,124.3 1 0
github.com/m11ano/budget_planner/backend/auth/internal/domain/auth/entity/account.go:126.2,126.28 1 0
github.com/m11ano/budget_planner/backend/auth/internal/domain/auth/entity/account.go:129.54,131.2 1 0
github.com/m11ano/budget_planner/backend/auth/internal/domain/auth/entity/account.go:133.57,136.17 2 0
github.com/m11ano/budget_planner/backend/auth/internal/domain/auth/entity/account.go:136.17,138.3 1 0
github.com/m11ano/budget_planner/backend/auth/internal/domain/auth/entity/account.go:140.2,142.12 2 0
github.com/m11ano/budget_planner/backend/auth/internal/domain/auth/entity/account.go:145.60,148.17 2 0
github.com/m11ano/budget_planner/backend/auth/internal/domain/auth/entity/account.go:148.17,150.3 1 0
github.com/m11ano/budget_planner/backend/auth/internal/domain/auth/entity/account.go:152.2,154.12 2 0
github.com/m11ano/budget_planner/backend/auth/internal/domain/auth/entity/account.go:162.21,173.16 4 0
github.com/m11ano/budget_planner/backend/auth/internal/domain/auth/entity/account.go:173.16,175.3 1 0
github.com/m11ano/budget_planner/backend/auth/internal/domain/auth/entity/account.go:177.2,178.16 2 0
github.com/m11ano/budget_planner/backend/auth/internal/domain/auth/entity/account.go:178.16,180.3 1 0
github.com/m11ano/budget_planner/backend/auth/internal/domain/auth/entity/account.go:182.2,182.21 1 0
github.com/m11ano/budget_planner/backend/auth/internal/domain/auth/entity/init_validation.go:9.13,11.2 1 0
github.com/m11ano/budget_planner/backend/auth/internal/domain/auth/entity/session.go:25.38,27.2 1 0
github.com/m11ano/budget_planner/backend/auth/internal/domain/auth/entity/session.go:29.100,35.2 5 0
github.com/m11ano/budget_planner/backend/auth/internal/domain/auth/entity/session.go:37.59,39.2 1 0
github.com/m11ano/budget_planner/backend/auth/internal/domain/auth/entity/session.go:41.113,56.2 4 0
github.com/m11ano/budget_planner/backend/auth/internal/app/fxboot/backend_app.go:22.74,25.45 1 0
github.com/m11ano/budget_planner/backend/auth/internal/app/fxboot/backend_app.go:25.45,27.5 1 0
github.com/m11ano/budget_planner/backend/auth/internal/app/fxboot/backend_app.go:32.55,34.5 1 0
github.com/m11ano/budget_planner/backend/auth/internal/app/fxboot/backend_app.go:35.71,42.5 1 0
github.com/m11ano/budget_planner/backend/auth/internal/app/fxboot/backend_app.go:43.78,45.5 1 0
github.com/m11ano/budget_planner/backend/auth/internal/app/fxboot/backend_app.go:47.90,54.6 1 0
github.com/m11ano/budget_planner/backend/auth/internal/app/fxboot/backend_app.go:81.3,83.12 2 0
github.com/m11ano/budget_planner/backend/auth/internal/app/fxboot/backend_app.go:83.12,86.17 3 0
github.com/m11ano/budget_planner/backend/auth/internal/app/fxboot/backend_app.go:86.17,88.4 1 0
github.com/m11ano/budget_planner/backend/auth/internal/app/fxboot/backend_app.go:91.2,92.44 1 0
github.com/m11ano/budget_planner/backend/auth/internal/app/fxboot/backend_app.go:92.44,101.18 2 0
github.com/m11ano/budget_planner/backend/auth/internal/app/fxboot/backend_app.go:101.18,104.5 2 0
github.com/m11ano/budget_planner/backend/auth/internal/app/fxboot/backend_app.go:106.4,114.18 3 0
github.com/m11ano/budget_planner/backend/auth/internal/app/fxboot/backend_app.go:114.18,117.5 2 0
github.com/m11ano/budget_planner/backend/auth/internal/app/fxboot/backend_app.go:120.4,120.42 1 0
github.com/m11ano/budget_planner/backend/auth/internal/app/fxboot/backend_app.go:120.42,121.42 1 0
github.com/m11ano/budget_planner/backend/auth/internal/app/fxboot/backend_app.go:121.42,123.20 2 0
github.com/m11ano/budget_planner/backend/auth/internal/app/fxboot/backend_app.go:123.20,126.7 2 0
github.com/m11ano/budget_planner/backend/auth/internal/app/fxboot/backend_app.go:131.4,131.39 1 0
github.com/m11ano/budget_planner/backend/auth/internal/app/fxboot/backend_app.go:131.39,133.15 2 0
github.com/m11ano/budget_planner/backend/auth/internal/app/fxboot/backend_app.go:133.15,135.20 2 0
github.com/m11ano/budget_planner/backend/auth/internal/app/fxboot/backend_app.go:135.20,138.7 2 0
github.com/m11ano/budget_planner/backend/auth/internal/app/fxboot/backend_app.go:143.4,143.42 1 0
github.com/m11ano/budget_planner/backend/auth/internal/app/fxboot/backend_app.go:143.42,144.41 1 0
github.com/m11ano/budget_planner/backend/auth/internal/app/fxboot/backend_app.go:144.41,146.20 2 0
github.com/m11ano/budget_planner/backend/auth/internal/app/fxboot/backend_app.go:146.20,149.7 2 0
github.com/m11ano/budget_planner/backend/auth/internal/app/fxboot/backend_app.go:153.4,153.14 1 0
github.com/m11ano/budget_planner/backend/auth/internal/app/fxboot/backend_app.go:155.43,156.42 1 0
github.com/m11ano/budget_planner/backend/auth/internal/app/fxboot/backend_app.go:156.42,157.31 1 0
github.com/m11ano/budget_planner/backend/auth/internal/app/fxboot/backend_app.go:157.31,159.20 2 0
github.com/m11ano/budget_planner/backend/auth/internal/app/fxboot/backend_app.go:159.20,162.7 2 0
github.com/m11ano/budget_planner/backend/auth/internal/app/fxboot/backend_app.go:167.4,167.39 1 0
github.com/m11ano/budget_planner/backend/auth/internal/app/fxboot/backend_app.go:167.39,170.5 2 0
github.com/m11ano/budget_planner/backend/auth/internal/app/fxboot/backend_app.go:173.4,179.14 4 0
github.com/m11ano/budget_planner/backend/auth/internal/app/fxboot/fxboot.go:43.59,46.46 2 0
github.com/m11ano/budget_planner/backend/auth/internal/app/fxboot/fxboot.go:46.46,48.3 1 0
github.com/m11ano/budget_planner/backend/auth/internal/app/fxboot/fxboot.go:50.2,52.15 2 0
github.com/m11ano/budget_planner/backend/auth/internal/delivery/grpc/interceptor_auth.go:15.69,21.17 1 0
github.com/m11ano/budget_planner/backend/auth/internal/delivery/grpc/interceptor_auth.go:21.17,23.10 2 0
github.com/m11ano/budget_planner/backend/auth/internal/delivery/grpc/interceptor_auth.go:23.10,25.4 1 0
github.com/m11ano/budget_planner/backend/auth/internal/delivery/grpc/interceptor_auth.go:27.3,28.28 2 0
github.com/m11ano/budget_planner/backend/auth/internal/delivery/grpc/interceptor_auth.go:28.28,30.4 1 0
github.com/m11ano/budget_planner/backend/auth/internal/delivery/grpc/interceptor_auth.go:32.3,35.24 3 0
github.com/m11ano/budget_planner/backend/auth/internal/delivery/grpc/interceptor_auth.go:35.24,37.4 1 0
github.com/m11ano/budget_planner/backend/auth/internal/delivery/grpc/interceptor_auth.go:39.3,40.17 2 0
github.com/m11ano/budget_planner/backend/auth/internal/delivery/grpc/interceptor_auth.go:40.17,41.44 1 0
github.com/m11ano/budget_planner/backend/auth/internal/delivery/grpc/interceptor_auth.go:41.44,43.5 1 0
github.com/m11ano/budget_planner/backend/auth/internal/delivery/grpc/interceptor_auth.go:44.4,44.19 1 0
github.com/m11ano/budget_planner/backend/auth/internal/delivery/grpc/interceptor_auth.go:47.3,48.17 2 0
github.com/m11ano/budget_planner/backend/auth/internal/delivery/grpc/interceptor_auth.go:48.17,50.4 1 0
github.com/m11ano/budget_planner/backend/auth/internal/delivery/grpc/interceptor_auth.go:52.3,56.27 3 0
github.com/m11ano/budget_planner/backend/auth/internal/delivery/grpc/interceptor_errors.go:10.54,16.17 1 0
github.com/m11ano/budget_planner/backend/auth/internal/delivery/grpc/interceptor_errors.go:16.17,20.3 2 0
github.com/m11ano/budget_planner/backend/auth/internal/delivery/grpc/interceptor_logger.go:10.60,11.100 1 0
github.com/m11ano/budget_planner/backend/auth/internal/delivery/grpc/interceptor_logger.go:11.100,13.3 1 0
github.com/m11ano/budget_planner/backend/auth/internal/delivery/grpc/interceptor_request_id.go:19.57,25.17 1 0
github.com/m11ano/budget_planner/backend/auth/internal/delivery/grpc/interceptor_request_id.go:25.17,27.54 2 0
github.com/m11ano/budget_planner/backend/auth/internal/delivery/grpc/interceptor_request_id.go:27.54,28.59 1 0
github.com/m11ano/budget_planner/backend/auth/internal/delivery/grpc/interceptor_request_id.go:28.59,30.5 1 0
github.com/m11ano/budget_planner/backend/auth/internal/delivery/grpc/interceptor_request_id.go:33.3,33.18 1 0
github.com/m11ano/budget_planner/backend/auth/internal/delivery/grpc/interceptor_request_id.go:33.18,35.4 1 0
github.com/m11ano/budget_planner/backend/auth/internal/delivery/grpc/interceptor_request_id.go:37.3,40.27 3 0
github.com/m11ano/budget_planner/backend/auth/internal/delivery/grpc/interceptor_request_id.go:44.47,45.44 1 0
github.com/m11ano/budget_planner/backend/auth/internal/delivery/grpc/interceptor_request_id.go:45.44,46.31 1 0
github.com/m11ano/budget_planner/backend/auth/internal/delivery/grpc/interceptor_request_id.go:46.31,48.4 1 0
github.com/m11ano/budget_planner/backend/auth/internal/delivery/grpc/interceptor_request_id.go:51.2,51.11 1 0
github.com/m11ano/budget_planner/backend/auth/internal/delivery/grpc/interceptor_request_ip.go:14.61,15.53 1 0
github.com/m11ano/budget_planner/backend/auth/internal/delivery/grpc/interceptor_request_ip.go:15.53,16.53 1 0
github.com/m11ano/budget_planner/backend/auth/internal/delivery/grpc/interceptor_request_ip.go:16.53,19.30 3 0
github.com/m11ano/budget_planner/backend/auth/internal/delivery/grpc/interceptor_request_ip.go:19.30,21.5 1 0
github.com/m11ano/budget_planner/backend/auth/internal/delivery/grpc/interceptor_request_ip.go:24.3,24.47 1 0
github.com/m11ano/budget_planner/backend/auth/internal/delivery/grpc/interceptor_request_ip.go:24.47,26.30 2 0
github.com/m11ano/budget_planner/backend/auth/internal/delivery/grpc/interceptor_request_ip.go:26.30,28.5 1 0
github.com/m11ano/budget_planner/backend/auth/internal/delivery/grpc/interceptor_request_ip.go:32.2,32.40 1 0
github.com/m11ano/budget_planner/backend/auth/internal/delivery/grpc/interceptor_request_ip.go:32.40,34.17 2 0
github.com/m11ano/budget_planner/backend/auth/internal/delivery/grpc/interceptor_request_ip.go:34.17,36.4 1 0
github.com/m11ano/budget_planner/backend/auth/internal/delivery/grpc/interceptor_request_ip.go:37.3,37.25 1 0
github.com/m11ano/budget_planner/backend/auth/internal/delivery/grpc/interceptor_request_ip.go:40.2,40.11 1 0
github.com/m11ano/budget_planner/backend/auth/internal/delivery/grpc/interceptor_request_ip.go:49.57,55.17 1 0
github.com/m11ano/budget_planner/backend/auth/internal/delivery/grpc/interceptor_request_ip.go:55.17,62.3 4 0
github.com/m11ano/budget_planner/backend/auth/internal/delivery/grpc/interceptor_request_ip.go:65.46,66.52 1 0
github.com/m11ano/budget_planner/backend/auth/internal/delivery/grpc/interceptor_request_ip.go:66.52,67.31 1 0
github.com/m11ano/budget_planner/backend/auth/internal/delivery/grpc/interceptor_request_ip.go:67.31,69.4 1 0
github.com/m11ano/budget_planner/backend/auth/internal/delivery/grpc/interceptor_request_ip.go:72.2,72.11 1 0
github.com/m11ano/budget_planner/backend/auth/internal/delivery/grpc/interceptor_validate.go:15.25,16.60 1 0
github.com/m11ano/budget_planner/backend/auth/internal/delivery/grpc/interceptor_validate.go:16.60,17.44 1 0
github.com/m11ano/budget_planner/backend/auth/internal/delivery/grpc/interceptor_validate.go:17.44,19.4 1 0
github.com/m11ano/budget_planner/backend/auth/internal/delivery/grpc/interceptor_validate.go:21.2,21.26 1 0
github.com/m11ano/budget_planner/backend/auth/internal/delivery/grpc/server.go:17.63,27.64 2 0
github.com/m11ano/budget_planner/backend/auth/internal/delivery/grpc/server.go:27.64,30.4 2 0
github.com/m11ano/budget_planner/backend/auth/internal/delivery/grpc/server.go:33.2,52.19 5 0
github.com/m11ano/budget_planner/backend/auth/internal/delivery/grpc/server.go:55.53,57.16 2 0
github.com/m11ano/budget_planner/backend/auth/internal/delivery/grpc/server.go:57.16,59.3 1 0
github.com/m11ano/budget_planner/backend/auth/internal/delivery/grpc/server.go:61.2,61.46 1 0
github.com/m11ano/budget_planner/backend/auth/internal/delivery/grpc/server.go:61.46,63.3 1 0
github.com/m11ano/budget_planner/backend/auth/internal/delivery/grpc/server.go:65.2,65.12 1 0
github.com/m11ano/budget_planner/backend/auth/internal/app/errors/app_error.go:35.86,45.2 1 0
github.com/m11ano/budget_planner/backend/auth/internal/app/errors/app_error.go:48.37,61.23 2 0
github.com/m11ano/budget_planner/backend/auth/internal/app/errors/app_error.go:61.23,64.3 2 0
github.com/m11ano/budget_planner/backend/auth/internal/app/errors/app_error.go:66.2,66.22 1 0
github.com/m11ano/budget_planner/backend/auth/internal/app/errors/app_error.go:66.22,69.3 2 0
github.com/m11ano/budget_planner/backend/auth/internal/app/errors/app_error.go:71.2,71.11 1 0
github.com/m11ano/budget_planner/backend/auth/internal/app/errors/app_error.go:74.53,76.20 2 0
github.com/m11ano/budget_planner/backend/auth/internal/app/errors/app_error.go:76.20,78.3 1 0
github.com/m11ano/budget_planner/backend/auth/internal/app/errors/app_error.go:80.2,80.11 1 0
github.com/m11ano/budget_planner/backend/auth/internal/app/errors/app_error.go:84.52,95.2 8 0
github.com/m11ano/budget_planner/backend/auth/internal/app/errors/app_error.go:98.50,106.24 6 0
github.com/m11ano/budget_planner/backend/auth/internal/app/errors/app_error.go:106.24,108.3 1 0
github.com/m11ano/budget_planner/backend/auth/internal/app/errors/app_error.go:110.2,110.45 1 0
github.com/m11ano/budget_planner/backend/auth/internal/app/errors/app_error.go:110.45,112.3 1 0
github.com/m11ano/budget_planner/backend/auth/internal/app/errors/app_error.go:112.8,114.3 1 0
github.com/m11ano/budget_planner/backend/auth/internal/app/errors/app_error.go:116.2,117.29 2 0
github.com/m11ano/budget_planner/backend/auth/internal/app/errors/app_error.go:117.29,119.3 1 0
github.com/m11ano/budget_planner/backend/auth/internal/app/errors/app_error.go:121.2,121.11 1 0
github.com/m11ano/budget_planner/backend/auth/internal/app/errors/app_error.go:125.39,126.16 1 0
github.com/m11ano/budget_planner/backend/auth/internal/app/errors/app_error.go:126.16,128.3 1 0
github.com/m11ano/budget_planner/backend/auth/internal/app/errors/app_error.go:130.2,130.29 1 0
github.com/m11ano/budget_planner/backend/auth/internal/app/errors/app_error.go:130.29,132.3 1 0
github.com/m11ano/budget_planner/backend/auth/internal/app/errors/app_error.go:134.2,134.14 1 0
github.com/m11ano/budget_planner/backend/auth/internal/app/errors/app_error.go:138.35,140.2 1 0
github.com/m11ano/budget_planner/backend/auth/internal/app/errors/app_error.go:143.35,145.44 2 0
github.com/m11ano/budget_planner/backend/auth/internal/app/errors/app_error.go:145.44,147.13 2 0
github.com/m11ano/budget_planner/backend/auth/internal/app/errors/app_error.go:147.13,149.4 1 0
github.com/m11ano/budget_planner/backend/auth/internal/app/errors/app_error.go:152.2,152.22 1 0
github.com/m11ano/budget_planner/backend/auth/internal/app/errors/app_error.go:156.52,163.2 4 0
github.com/m11ano/budget_planner/backend/auth/internal/app/errors/app_error.go:166.61,173.2 4 0
github.com/m11ano/budget_planner/backend/auth/internal/app/errors/app_error.go:176.55,182.2 3 0
github.com/m11ano/budget_planner/backend/auth/internal/app/errors/app_error.go:185.55,191.2 3 0
github.com/m11ano/budget_planner/backend/auth/internal/app/errors/app_error.go:194.60,200.2 3 0
github.com/m11ano/budget_planner/backend/auth/internal/app/errors/app_error.go:203.79,206.27 2 0
github.com/m11ano/budget_planner/backend/auth/internal/app/errors/app_error.go:206.27,208.3 1 0
github.com/m11ano/budget_planner/backend/auth/internal/app/errors/app_error.go:210.2,215.15 2 0
github.com/m11ano/budget_planner/backend/auth/internal/app/errors/app_error.go:219.57,225.2 3 0
github.com/m11ano/budget_planner/backend/auth/internal/app/errors/app_error.go:228.37,230.2 1 0
github.com/m11ano/budget_planner/backend/auth/internal/app/errors/app_error.go:233.54,235.2 1 0
github.com/m11ano/budget_planner/backend/auth/internal/app/errors/app_error.go:238.37,240.2 1 0
github.com/m11ano/budget_planner/backend/auth/internal/app/errors/app_error.go:243.62,247.2 2 0
github.com/m11ano/budget_planner/backend/auth/internal/app/errors/app_error.go:250.60,253.30 2 0
github.com/m11ano/budget_planner/backend/auth/internal/app/errors/app_error.go:253.30,254.32 1 0
github.com/m11ano/budget_planner/backend/auth/internal/app/errors/app_error.go:254.32,256.4 1 0
github.com/m11ano/budget_planner/backend/auth/internal/app/errors/app_error.go:259.2,259.15 1 0
github.com/m11ano/budget_planner/backend/auth/internal/app/errors/app_error.go:263.36,265.2 1 0
github.com/m11ano/budget_planner/backend/auth/internal/app/errors/app_error.go:268.42,271.2 2 0
github.com/m11ano/budget_planner/backend/auth/internal/app/errors/chain_error.go:14.41,19.23 2 0
github.com/m11ano/budget_planner/backend/auth/internal/app/errors/chain_error.go:19.23,22.3 2 0
github.com/m11ano/budget_planner/backend/auth/internal/app/errors/chain_error.go:24.2,24.11 1 0
github.com/m11ano/budget_planner/backend/auth/internal/app/errors/chain_error.go:28.37,30.44 2 0
github.com/m11ano/budget_planner/backend/auth/internal/app/errors/chain_error.go:30.44,32.13 2 0
github.com/m11ano/budget_planner/backend/auth/internal/app/errors/chain_error.go:32.13,34.4 1 0
github.com/m11ano/budget_planner/backend/auth/internal/app/errors/chain_error.go:37.2,37.22 1 0
github.com/m11ano/budget_planner/backend/auth/internal/app/errors/chain_error.go:41.41,42.16 1 0
github.com/m11ano/budget_planner/backend/auth/internal/app/errors/chain_error.go:42.16,44.3 1 0
github.com/m11ano/budget_planner/backend/auth/internal/app/errors/chain_error.go:46.2,46.14 1 0
github.com/m11ano/budget_planner/backend/auth/internal/app/errors/chain_error.go:46.14,48.3 1 0
github.com/m11ano/budget_planner/backend/auth/internal/app/errors/chain_error.go:50.2,50.14 1 0
github.com/m11ano/budget_planner/backend/auth/internal/app/errors/chain_error.go:54.37,56.2 1 0
github.com/m11ano/budget_planner/backend/auth/internal/app/errors/chain_error.go:59.46,60.39 1 0
github.com/m11ano/budget_planner/backend/auth/internal/app/errors/chain_error.go:60.39,62.3 1 0
github.com/m11ano/budget_planner/backend/auth/internal/app/errors/chain_error.go:64.2,64.43 1 0
github.com/m11ano/budget_planner/backend/auth/internal/app/errors/chain_error.go:64.43,66.21 2 0
github.com/m11ano/budget_planner/backend/auth/internal/app/errors/chain_error.go:66.21,68.4 1 0
github.com/m11ano/budget_planner/backend/auth/internal/app/errors/chain_error.go:69.3,69.12 1 0
github.com/m11ano/budget_planner/backend/auth/internal/app/errors/chain_error.go:72.2,75.3 1 0
github.com/m11ano/budget_planner/backend/auth/internal/app/errors/chain_error.go:79.66,83.2 2 0
github.com/m11ano/budget_planner/backend/auth/internal/app/errors/chain_error.go:85.38,86.16 1 0
github.com/m11ano/budget_planner/backend/auth/internal/app/errors/chain_error.go:86.16,88.3 1 0
github.com/m11ano/budget_planner/backend/auth/internal/app/errors/chain_error.go:90.2,90.43 1 0
github.com/m11ano/budget_planner/backend/auth/internal/app/errors/chain_error.go:90.43,92.3 1 0
github.com/m11ano/budget_planner/backend/auth/internal/app/errors/chain_error.go:94.2,94.39 1 0
github.com/m11ano/budget_planner/backend/auth/internal/app/errors/chain_error.go:94.39,96.3 1 0
github.com/m11ano/budget_planner/backend/auth/internal/app/errors/chain_error.go:98.2,98.30 1 0
github.com/m11ano/budget_planner/backend/auth/internal/app/errors/grpc.go:16.36,17.16 1 0
github.com/m11ano/budget_planner/backend/auth/internal/app/errors/grpc.go:17.16,19.3 1 0
github.com/m11ano/budget_planner/backend/auth/internal/app/errors/grpc.go:21.2,22.9 2 0
github.com/m11ano/budget_planner/backend/auth/internal/app/errors/grpc.go:22.9,24.10 2 0
github.com/m11ano/budget_planner/backend/auth/internal/app/errors/grpc.go:24.10,26.4 1 0
github.com/m11ano/budget_planner/backend/auth/internal/app/errors/grpc.go:28.3,28.18 1 0
github.com/m11ano/budget_planner/backend/auth/internal/app/errors/grpc.go:31.2,39.8 6 0
github.com/m11ano/budget_planner/backend/auth/internal/app/errors/grpc.go:39.8,42.19 2 0
github.com/m11ano/budget_planner/backend/auth/internal/app/errors/grpc.go:42.19,44.4 1 0
github.com/m11ano/budget_planner/backend/auth/internal/app/errors/grpc.go:44.9,46.4 1 0
github.com/m11ano/budget_planner/backend/auth/internal/app/errors/grpc.go:48.3,48.30 1 0
github.com/m11ano/budget_planner/backend/auth/internal/app/errors/grpc.go:48.30,50.4 1 0
github.com/m11ano/budget_planner/backend/auth/internal/app/errors/grpc.go:53.2,54.28 2 0
github.com/m11ano/budget_planner/backend/auth/internal/app/errors/grpc.go:54.28,57.24 2 0
github.com/m11ano/budget_planner/backend/auth/internal/app/errors/grpc.go:58.15,59.13 1 0
github.com/m11ano/budget_planner/backend/auth/internal/app/errors/grpc.go:60.15,61.21 1 0
github.com/m11ano/budget_planner/backend/auth/internal/app/errors/grpc.go:62.76,63.32 1 0
github.com/m11ano/budget_planner/backend/auth/internal/app/errors/grpc.go:64.25,65.32 1 0
github.com/m11ano/budget_planner/backend/auth/internal/app/errors/grpc.go:66.11,67.32 1 0
github.com/m11ano/budget_planner/backend/auth/internal/app/errors/grpc.go:70.3,70.44 1 0
github.com/m11ano/budget_planner/backend/auth/internal/app/errors/grpc.go:73.2,79.18 3 0
github.com/m11ano/budget_planner/backend/auth/internal/app/errors/grpc.go:79.18,81.3 1 0
github.com/m11ano/budget_planner/backend/auth/internal/app/errors/grpc.go:83.2,83.17 1 0
github.com/m11ano/budget_planner/backend/auth/internal/app/errors/grpc.go:97.46,98.41 1 0
github.com/m11ano/budget_planner/backend/auth/internal/app/errors/grpc.go:98.41,100.3 1 0
github.com/m11ano/budget_planner/backend/auth/internal/app/errors/grpc.go:101.2,101.22 1 0
github.com/m11ano/budget_planner/backend/auth/internal/app/errors/grpc.go:104.37,105.16 1 0
github.com/m11ano/budget_planner/backend/auth/internal/app/errors/grpc.go:105.16,107.3 1 0
github.com/m11ano/budget_planner/backend/auth/internal/app/errors/grpc.go:109.2,110.9 2 0
github.com/m11ano/budget_planner/backend/auth/internal/app/errors/grpc.go:110.9,112.3 1 0
github.com/m11ano/budget_planner/backend/auth/internal/app/errors/grpc.go:114.2,115.33 2 0
github.com/m11ano/budget_planner/backend/auth/internal/app/errors/grpc.go:115.33,116.45 1 0
github.com/m11ano/budget_planner/backend/auth/internal/app/errors/grpc.go:116.45,118.9 2 0
github.com/m11ano/budget_planner/backend/auth/internal/app/errors/grpc.go:122.2,123.38 2 0
github.com/m11ano/budget_planner/backend/auth/internal/app/errors/grpc.go:123.38,125.3 1 0
github.com/m11ano/budget_planner/backend/auth/internal/app/errors/grpc.go:127.2,128.20 2 0
github.com/m11ano/budget_planner/backend/auth/internal/app/errors/grpc.go:128.20,129.52 1 0
github.com/m11ano/budget_planner/backend/auth/internal/app/errors/grpc.go:129.52,131.4 1 0
github.com/m11ano/budget_planner/backend/auth/internal/app/errors/grpc.go:133.2,133.17 1 0
github.com/m11ano/budget_planner/backend/auth/internal/app/errors/grpc.go:133.17,135.3 1 0
github.com/m11ano/budget_planner/backend/auth/internal/app/errors/grpc.go:136.2,136.17 1 0
github.com/m11ano/budget_planner/backend/auth/internal/app/errors/grpc.go:136.17,138.3 1 0
github.com/m11ano/budget_planner/backend/auth/internal/app/errors/grpc.go:140.2,143.41 3 0
github.com/m11ano/budget_planner/backend/auth/internal/app/errors/grpc.go:143.41,151.35 3 0
github.com/m11ano/budget_planner/backend/auth/internal/app/errors/grpc.go:151.35,152.11 1 0
github.com/m11ano/budget_planner/backend/auth/internal/app/errors/grpc.go:153.39,154.77 1 0
github.com/m11ano/budget_planner/backend/auth/internal/app/errors/grpc.go:154.77,156.6 1 0
github.com/m11ano/budget_planner/backend/auth/internal/app/errors/grpc.go:158.41,160.18 2 0
github.com/m11ano/budget_planner/backend/auth/internal/app/errors/grpc.go:160.18,162.6 1 0
github.com/m11ano/budget_planner/backend/auth/internal/app/errors/grpc.go:166.3,166.43 1 0
github.com/m11ano/budget_planner/backend/auth/internal/app/errors/grpc.go:166.43,168.4 1 0
github.com/m11ano/budget_planner/backend/auth/internal/app/errors/grpc.go:170.3,171.24 2 0
github.com/m11ano/budget_planner/backend/auth/internal/app/errors/grpc.go:171.24,172.17 1 0
github.com/m11ano/budget_planner/backend/auth/internal/app/errors/grpc.go:172.17,174.5 1 0
github.com/m11ano/budget_planner/backend/auth/internal/app/errors/grpc.go:178.2,180.20 2 0
github.com/m11ano/budget_planner/backend/auth/internal/app/errors/grpc.go:180.20,182.3 1 0
github.com/m11ano/budget_planner/backend/auth/internal/app/errors/grpc.go:184.2,184.20 1 0
github.com/m11ano/budget_planner/backend/auth/internal/app/errors/grpc.go:184.20,186.3 1 0
github.com/m11ano/budget_planner/backend/auth/internal/app/errors/grpc.go:188.2,188.28 1 0
github.com/m11ano/budget_planner/backend/auth/internal/app/errors/grpc.go:188.28,190.3 1 0
github.com/m11ano/budget_planner/backend/auth/internal/app/errors/grpc.go:192.2,192.11 1 0
github.com/m11ano/budget_planner/backend/auth/internal/app/errors/grpc.go:195.52,196.18 1 0
github.com/m11ano/budget_planner/backend/auth/internal/app/errors/grpc.go:197.21,198.23 1 0
github.com/m11ano/budget_planner/backend/auth/internal/app/errors/grpc.go:199.22,200.25 1 0
github.com/m11ano/budget_planner/backend/auth/internal/app/errors/grpc.go:201.19,202.22 1 0
github.com/m11ano/budget_planner/backend/auth/internal/app/errors/grpc.go:203.19,204.21 1 0
github.com/m11ano/budget_planner/backend/auth/internal/app/errors/grpc.go:205.18,206.21 1 0
github.com/m11ano/budget_planner/backend/auth/internal/app/errors/grpc.go:207.27,208.28 1 0
github.com/m11ano/budget_planner/backend/auth/internal/app/errors/grpc.go:209.23,210.26 1 0
github.com/m11ano/budget_planner/backend/auth/internal/app/errors/grpc.go:211.24,212.21 1 0
github.com/m11ano/budget_planner/backend/auth/internal/app/errors/grpc.go:213.26,214.28 1 0
github.com/m11ano/budget_planner/backend/auth/internal/app/errors/grpc.go:215.26,216.28 1 0
github.com/m11ano/budget_planner/backend/auth/internal/app/errors/grpc.go:217.17,218.20 1 0
github.com/m11ano/budget_planner/backend/auth/internal/app/errors/grpc.go:219.10,220.13 1 0
github.com/m11ano/budget_planner/backend/auth/internal/app/errors/grpc.go:224.52,225.14 1 0
github.com/m11ano/budget_planner/backend/auth/internal/app/errors/grpc.go:226.29,227.23 1 0
github.com/m11ano/budget_planner/backend/auth/internal/app/errors/grpc.go:228.29,229.25 1 0
github.com/m11ano/budget_planner/backend/auth/internal/app/errors/grpc.go:230.30,231.22 1 0
github.com/m11ano/budget_planner/backend/auth/internal/app/errors/grpc.go:232.22,233.21 1 0
github.com/m11ano/budget_planner/backend/auth/internal/app/errors/grpc.go:234.21,235.21 1 0
github.com/m11ano/budget_planner/backend/auth/internal/app/errors/grpc.go:236.31,237.28 1 0
github.com/m11ano/budget_planner/backend/auth/internal/app/errors/grpc.go:238.32,239.26 1 0
github.com/m11ano/budget_planner/backend/auth/internal/app/errors/grpc.go:240.22,241.21 1 0
github.com/m11ano/budget_planner/backend/auth/internal/app/errors/grpc.go:242.10,243.21 1 0
github.com/m11ano/budget_planner/backend/auth/internal/app/errors/helpers.go:11.48,13.29 2 0
github.com/m11ano/budget_planner/backend/auth/internal/app/errors/helpers.go:13.29,15.3 1 0
github.com/m11ano/budget_planner/backend/auth/internal/app/errors/helpers.go:17.2,17.19 1 0
github.com/m11ano/budget_planner/backend/auth/internal/app/errors/helpers.go:21.47,22.6 1 0
github.com/m11ano/budget_planner/backend/auth/internal/app/errors/helpers.go:22.6,23.17 1 0
github.com/m11ano/budget_planner/backend/auth/internal/app/errors/helpers.go:23.17,25.4 1 0
github.com/m11ano/budget_planner/backend/auth/internal/app/errors/helpers.go:26.3,26.40 1 0
github.com/m11ano/budget_planner/backend/auth/internal/app/errors/helpers.go:26.40,27.29 1 0
github.com/m11ano/budget_planner/backend/auth/internal/app/errors/helpers.go:27.29,29.5 1 0
github.com/m11ano/budget_planner/backend/auth/internal/app/errors/helpers.go:30.4,31.12 2 0
github.com/m11ano/budget_planner/backend/auth/internal/app/errors/helpers.go:33.3,33.44 1 0
github.com/m11ano/budget_planner/backend/auth/internal/app/errors/helpers.go:33.44,35.12 2 0
github.com/m11ano/budget_planner/backend/auth/internal/app/errors/helpers.go:37.3,37.27 1 0
github.com/m11ano/budget_planner/backend/auth/internal/app/errors/helpers.go:42.46,43.6 1 0
github.com/m11ano/budget_planner/backend/auth/internal/app/errors/helpers.go:43.6,44.17 1 0
github.com/m11ano/budget_planner/backend/auth/internal/app/errors/helpers.go:44.17,46.4 1 0
github.com/m11ano/budget_planner/backend/auth/internal/app/errors/helpers.go:47.3,47.40 1 0
github.com/m11ano/budget_planner/backend/auth/internal/app/errors/helpers.go:47.40,48.30 1 0
github.com/m11ano/budget_planner/backend/auth/internal/app/errors/helpers.go:48.30,50.5 1 0
github.com/m11ano/budget_planner/backend/auth/internal/app/errors/helpers.go:51.4,52.12 2 0
github.com/m11ano/budget_planner/backend/auth/internal/app/errors/helpers.go:54.3,54.44 1 0
github.com/m11ano/budget_planner/backend/auth/internal/app/errors/helpers.go:54.44,56.12 2 0
github.com/m11ano/budget_planner/backend/auth/internal/app/errors/helpers.go:58.3,58.27 1 0
github.com/m11ano/budget_planner/backend/auth/internal/app/errors/helpers.go:63.45,64.6 1 0
github.com/m11ano/budget_planner/backend/auth/internal/app/errors/helpers.go:64.6,65.17 1 0
github.com/m11ano/budget_planner/backend/auth/internal/app/errors/helpers.go:65.17,67.4 1 0
github.com/m11ano/budget_planner/backend/auth/internal/app/errors/helpers.go:68.3,68.40 1 0
github.com/m11ano/budget_planner/backend/auth/internal/app/errors/helpers.go:68.40,69.30 1 0
github.com/m11ano/budget_planner/backend/auth/internal/app/errors/helpers.go:69.30,71.5 1 0
github.com/m11ano/budget_planner/backend/auth/internal/app/errors/helpers.go:72.4,73.12 2 0
github.com/m11ano/budget_planner/backend/auth/internal/app/errors/helpers.go:75.3,75.44 1 0
github.com/m11ano/budget_planner/backend/auth/internal/app/errors/helpers.go:75.44,77.12 2 0
github.com/m11ano/budget_planner/backend/auth/internal/app/errors/helpers.go:79.3,79.24 1 0
github.com/m11ano/budget_planner/backend/auth/internal/app/errors/helpers.go:79.24,81.4 1 0
github.com/m11ano/budget_planner/backend/auth/internal/app/errors/helpers.go:82.3,82.27 1 0
github.com/m11ano/budget_planner/backend/auth/internal/app/errors/helpers.go:88.54,92.24 3 0
github.com/m11ano/budget_planner/backend/auth/internal/app/errors/helpers.go:92.24,94.47 1 0
github.com/m11ano/budget_planner/backend/auth/internal/app/errors/helpers.go:94.47,96.9 2 0
github.com/m11ano/budget_planner/backend/auth/internal/app/errors/helpers.go:98.3,98.51 1 0
github.com/m11ano/budget_planner/backend/auth/internal/app/errors/helpers.go:98.51,100.12 2 0
github.com/m11ano/budget_planner/backend/auth/internal/app/errors/helpers.go:102.3,102.41 1 0
github.com/m11ano/budget_planner/backend/auth/internal/app/errors/helpers.go:105.2,106.24 2 0
github.com/m11ano/budget_planner/backend/auth/internal/app/errors/helpers.go:106.24,108.3 1 0
github.com/m11ano/budget_planner/backend/auth/internal/app/errors/helpers.go:108.8,110.3 1 0
github.com/m11ano/budget_planner/backend/auth/internal/app/errors/helpers.go:111.2,114.11 3 0
github.com/m11ano/budget_planner/backend/auth/internal/app/errors/helpers.go:118.47,120.80 2 0
github.com/m11ano/budget_planner/backend/auth/internal/app/errors/helpers.go:120.80,122.3 1 0
github.com/m11ano/budget_planner/backend/auth/internal/app/errors/helpers.go:123.2,123.45 1 0
github.com/m11ano/budget_planner/backend/auth/internal/app/errors/helpers.go:127.50,128.35 1 0
github.com/m11ano/budget_planner/backend/auth/internal/app/errors/helpers.go:128.35,130.3 1 0
github.com/m11ano/budget_planner/backend/auth/internal/app/errors/helpers.go:131.2,132.28 2 0
github.com/m11ano/budget_planner/backend/auth/internal/app/errors/helpers.go:132.28,133.21 1 0
github.com/m11ano/budget_planner/backend/auth/internal/app/errors/helpers.go:134.16,135.51 1 0
github.com/m11ano/budget_planner/backend/auth/internal/app/errors/helpers.go:136.16,137.51 1 0
github.com/m11ano/budget_planner/backend/auth/internal/app/errors/helpers.go:138.16,139.99 1 0
github.com/m11ano/budget_planner/backend/auth/internal/app/errors/helpers.go:140.16,141.103 1 0
github.com/m11ano/budget_planner/backend/auth/internal/app/errors/helpers.go:142.16,143.100 1 0
github.com/m11ano/budget_planner/backend/auth/internal/app/errors/helpers.go:144.16,145.106 1 0
github.com/m11ano/budget_planner/backend/auth/internal/app/errors/helpers.go:146.16,147.109 1 0
github.com/m11ano/budget_planner/backend/auth/internal/app/errors/helpers.go:148.16,149.110 1 0
github.com/m11ano/budget_planner/backend/auth/internal/app/errors/helpers.go:150.11,151.43 1 0
github.com/m11ano/budget_planner/backend/auth/internal/app/errors/helpers.go:154.2,154.19 1 0
github.com/m11ano/budget_planner/backend/auth/internal/app/errors/json_struct.go:16.47,23.29 2 0
github.com/m11ano/budget_planner/backend/auth/internal/app/errors/json_struct.go:23.29,25.3 1 0
github.com/m11ano/budget_planner/backend/auth/internal/app/errors/json_struct.go:27.2,27.22 1 0
github.com/m11ano/budget_planner/backend/auth/internal/app/errors/json_struct.go:27.22,29.3 1 0
github.com/m11ano/budget_planner/backend/auth/internal/app/errors/json_struct.go:31.2,31.24 1 0
github.com/m11ano/budget_planner/backend/auth/internal/app/errors/json_struct.go:31.24,33.3 1 0
github.com/m11ano/budget_planner/backend/auth/internal/app/errors/json_struct.go:35.2,35.34 1 0
github.com/m11ano/budget_planner/backend/auth/internal/app/errors/json_struct.go:39.79,40.16 1 0
github.com/m11ano/budget_planner/backend/auth/internal/app/errors/json_struct.go:40.16,42.3 1 0
github.com/m11ano/budget_planner/backend/auth/internal/app/errors/json_struct.go:44.2,45.9 2 0
github.com/m11ano/budget_planner/backend/auth/internal/app/errors/json_struct.go:45.9,49.3 1 0
github.com/m11ano/budget_planner/backend/auth/internal/app/errors/json_struct.go:51.2,59.14 2 0
github.com/m11ano/budget_planner/backend/auth/internal/app/errors/json_struct.go:59.14,61.3 1 0
github.com/m11ano/budget_planner/backend/auth/internal/app/errors/json_struct.go:63.2,63.18 1 0
github.com/m11ano/budget_planner/backend/auth/internal/app/errors/mark_error.go:9.36,11.2 1 0
github.com/m11ano/budget_planner/backend/auth/internal/app/errors/mark_error.go:14.36,16.2 1 0
github.com/m11ano/budget_planner/backend/auth/internal/app/errors/mark_error.go:19.40,20.16 1 0
github.com/m11ano/budget_planner/backend/auth/internal/app/errors/mark_error.go:20.16,22.3 1 0
github.com/m11ano/budget_planner/backend/auth/internal/app/errors/mark_error.go:23.2,23.41 1 0
github.com/m11ano/budget_planner/backend/auth/internal/app/errors/mark_error.go:27.43,29.2 1 0
github.com/m11ano/budget_planner/backend/auth/internal/domain/auth/repository/pg/account.go:18.13,20.2 1 0
github.com/m11ano/budget_planner/backend/auth/internal/domain/auth/repository/pg/account.go:39.54,56.2 1 0
github.com/m11ano/budget_planner/backend/auth/internal/domain/auth/repository/pg/account.go:58.72,75.2 1 0
github.com/m11ano/budget_planner/backend/auth/internal/domain/auth/repository/pg/session.go:18.13,20.2 1 0
github.com/m11ano/budget_planner/backend/auth/internal/domain/auth/repository/pg/session.go:37.54,52.2 1 0
github.com/m11ano/budget_planner/backend/auth/internal/domain/auth/repository/pg/session.go:54.72,69.2 1 0
github.com/m11ano/budget_planner/backend/auth/internal/domain/auth/usecase/facade.go:13.11,19.2 1 0
github.com/m11ano/budget_planner/backend/auth/internal/domain/auth/repository/pg/session/commands.go:17.78,21.16 3 0
github.com/m11ano/budget_planner/backend/auth/internal/domain/auth/repository/pg/session/commands.go:21.16,24.3 2 0
github.com/m11ano/budget_planner/backend/auth/internal/domain/auth/repository/pg/session/commands.go:26.2,27.16 2 0
github.com/m11ano/budget_planner/backend/auth/internal/domain/auth/repository/pg/session/commands.go:27.16,30.3 2 0
github.com/m11ano/budget_planner/backend/auth/internal/domain/auth/repository/pg/session/commands.go:32.2,33.16 2 0
github.com/m11ano/budget_planner/backend/auth/internal/domain/auth/repository/pg/session/commands.go:33.16,35.10 2 0
github.com/m11ano/budget_planner/backend/auth/internal/domain/auth/repository/pg/session/commands.go:35.10,37.4 1 0
github.com/m11ano/budget_planner/backend/auth/internal/domain/auth/repository/pg/session/commands.go:38.3,38.55 1 0
github.com/m11ano/budget_planner/backend/auth/internal/domain/auth/repository/pg/session/commands.go:41.2,41.12 1 0
github.com/m11ano/budget_planner/backend/auth/internal/domain/auth/repository/pg/session/commands.go:44.78,51.16 5 0
github.com/m11ano/budget_planner/backend/auth/internal/domain/auth/repository/pg/session/commands.go:51.16,54.3 2 0
github.com/m11ano/budget_planner/backend/auth/internal/domain/auth/repository/pg/session/commands.go:55.2,58.59 3 0
github.com/m11ano/budget_planner/backend/auth/internal/domain/auth/repository/pg/session/commands.go:58.59,60.17 2 0
github.com/m11ano/budget_planner/backend/auth/internal/domain/auth/repository/pg/session/commands.go:60.17,63.4 2 0
github.com/m11ano/budget_planner/backend/auth/internal/domain/auth/repository/pg/session/commands.go:65.3,67.17 3 0
github.com/m11ano/budget_planner/backend/auth/internal/domain/auth/repository/pg/session/commands.go:67.17,69.11 2 0
github.com/m11ano/budget_planner/backend/auth/internal/domain/auth/repository/pg/session/commands.go:69.11,71.5 1 0
github.com/m11ano/budget_planner/backend/auth/internal/domain/auth/repository/pg/session/commands.go:72.4,72.56 1 0
github.com/m11ano/budget_planner/backend/auth/internal/domain/auth/repository/pg/session/commands.go:75.3,77.17 2 0
github.com/m11ano/budget_planner/backend/auth/internal/domain/auth/repository/pg/session/commands.go:77.17,80.4 2 0
github.com/m11ano/budget_planner/backend/auth/internal/domain/auth/repository/pg/session/commands.go:82.3,83.17 2 0
github.com/m11ano/budget_planner/backend/auth/internal/domain/auth/repository/pg/session/commands.go:83.17,85.11 2 0
github.com/m11ano/budget_planner/backend/auth/internal/domain/auth/repository/pg/session/commands.go:85.11,87.5 1 0
github.com/m11ano/budget_planner/backend/auth/internal/domain/auth/repository/pg/session/commands.go:88.4,88.56 1 0
github.com/m11ano/budget_planner/backend/auth/internal/domain/auth/repository/pg/session/commands.go:91.3,91.33 1 0
github.com/m11ano/budget_planner/backend/auth/internal/domain/auth/repository/pg/session/commands.go:91.33,93.4 1 0
github.com/m11ano/budget_planner/backend/auth/internal/domain/auth/repository/pg/session/commands.go:95.3,97.13 2 0
github.com/m11ano/budget_planner/backend/auth/internal/domain/auth/repository/pg/session/commands.go:99.2,99.16 1 0
github.com/m11ano/budget_planner/backend/auth/internal/domain/auth/repository/pg/session/commands.go:99.16,101.3 1 0
github.com/m11ano/budget_planner/backend/auth/internal/domain/auth/repository/pg/session/commands.go:103.2,103.12 1 0
github.com/m11ano/budget_planner/backend/auth/internal/domain/auth/repository/pg/session/queries.go:18.120,19.15 1 0
github.com/m11ano/budget_planner/backend/auth/internal/domain/auth/repository/pg/session/queries.go:19.15,20.19 1 0
github.com/m11ano/budget_planner/backend/auth/internal/domain/auth/repository/pg/session/queries.go:20.19,22.4 1 0
github.com/m11ano/budget_planner/backend/auth/internal/domain/auth/repository/pg/session/queries.go:25.2,25.24 1 0
github.com/m11ano/budget_planner/backend/auth/internal/domain/auth/repository/pg/session/queries.go:25.24,27.3 1 0
github.com/m11ano/budget_planner/backend/auth/internal/domain/auth/repository/pg/session/queries.go:29.2,29.40 1 0
github.com/m11ano/budget_planner/backend/auth/internal/domain/auth/repository/pg/session/queries.go:29.40,31.3 1 0
github.com/m11ano/budget_planner/backend/auth/internal/domain/auth/repository/pg/session/queries.go:33.2,33.14 1 0
github.com/m11ano/budget_planner/backend/auth/internal/domain/auth/repository/pg/session/queries.go:36.79,38.2 1 0
github.com/m11ano/budget_planner/backend/auth/internal/domain/auth/repository/pg/session/queries.go:44.30,56.19 7 0
github.com/m11ano/budget_planner/backend/auth/internal/domain/auth/repository/pg/session/queries.go:56.19,58.3 1 0
github.com/m11ano/budget_planner/backend/auth/internal/domain/auth/repository/pg/session/queries.go:60.2,60.24 1 0
github.com/m11ano/budget_planner/backend/auth/internal/domain/auth/repository/pg/session/queries.go:60.24,61.38 1 0
github.com/m11ano/budget_planner/backend/auth/internal/domain/auth/repository/pg/session/queries.go:61.38,63.4 1 0
github.com/m11ano/budget_planner/backend/auth/internal/domain/auth/repository/pg/session/queries.go:63.9,63.35 1 0
github.com/m11ano/budget_planner/backend/auth/internal/domain/auth/repository/pg/session/queries.go:63.35,65.4 1 0
github.com/m11ano/budget_planner/backend/auth/internal/domain/auth/repository/pg/session/queries.go:65.9,65.34 1 0
github.com/m11ano/budget_planner/backend/auth/internal/domain/auth/repository/pg/session/queries.go:65.34,67.4 1 0
github.com/m11ano/budget_planner/backend/auth/internal/domain/auth/repository/pg/session/queries.go:69.3,69.28 1 0
github.com/m11ano/budget_planner/backend/auth/internal/domain/auth/repository/pg/session/queries.go:69.28,71.4 1 0
github.com/m11ano/budget_planner/backend/auth/internal/domain/auth/repository/pg/session/queries.go:73.3,73.29 1 0
github.com/m11ano/budget_planner/backend/auth/internal/domain/auth/repository/pg/session/queries.go:73.29,75.4 1 0
github.com/m11ano/budget_planner/backend/auth/internal/domain/auth/repository/pg/session/queries.go:78.2,79.16 2 0
github.com/m11ano/budget_planner/backend/auth/internal/domain/auth/repository/pg/session/queries.go:79.16,82.3 2 0
github.com/m11ano/budget_planner/backend/auth/internal/domain/auth/repository/pg/session/queries.go:84.2,85.16 2 0
github.com/m11ano/budget_planner/backend/auth/internal/domain/auth/repository/pg/session/queries.go:85.16,87.10 2 0
github.com/m11ano/budget_planner/backend/auth/internal/domain/auth/repository/pg/session/queries.go:87.10,89.4 1 0
github.com/m11ano/budget_planner/backend/auth/internal/domain/auth/repository/pg/session/queries.go:90.3,90.60 1 0
github.com/m11ano/budget_planner/backend/auth/internal/domain/auth/repository/pg/session/queries.go:93.2,97.55 3 0
github.com/m11ano/budget_planner/backend/auth/internal/domain/auth/repository/pg/session/queries.go:97.55,99.10 2 0
github.com/m11ano/budget_planner/backend/auth/internal/domain/auth/repository/pg/session/queries.go:99.10,101.4 1 0
github.com/m11ano/budget_planner/backend/auth/internal/domain/auth/repository/pg/session/queries.go:102.3,102.60 1 0
github.com/m11ano/budget_planner/backend/auth/internal/domain/auth/repository/pg/session/queries.go:105.2,106.32 2 0
github.com/m11ano/budget_planner/backend/auth/internal/domain/auth/repository/pg/session/queries.go:106.32,108.3 1 0
github.com/m11ano/budget_planner/backend/auth/internal/domain/auth/repository/pg/session/queries.go:110.2,110.20 1 0
github.com/m11ano/budget_planner/backend/auth/internal/domain/auth/repository/pg/session/queries.go:117.28,126.18 4 0
github.com/m11ano/budget_planner/backend/auth/internal/domain/auth/repository/pg/session/queries.go:126.18,128.3 1 0
github.com/m11ano/budget_planner/backend/auth/internal/domain/auth/repository/pg/session/queries.go:130.2,132.24 2 0
github.com/m11ano/budget_planner/backend/auth/internal/domain/auth/repository/pg/session/queries.go:132.24,133.38 1 0
github.com/m11ano/budget_planner/backend/auth/internal/domain/auth/repository/pg/session/queries.go:133.38,135.4 1 0
github.com/m11ano/budget_planner/backend/auth/internal/domain/auth/repository/pg/session/queries.go:135.9,135.35 1 0
github.com/m11ano/budget_planner/backend/auth/internal/domain/auth/repository/pg/session/queries.go:135.35,137.4 1 0
github.com/m11ano/budget_planner/backend/auth/internal/domain/auth/repository/pg/session/queries.go:137.9,137.34 1 0
github.com/m11ano/budget_planner/backend/auth/internal/domain/auth/repository/pg/session/queries.go:137.34,139.4 1 0
github.com/m11ano/budget_planner/backend/auth/internal/domain/auth/repository/pg/session/queries.go:142.2,143.16 2 0
github.com/m11ano/budget_planner/backend/auth/internal/domain/auth/repository/pg/session/queries.go:143.16,146.3 2 0
github.com/m11ano/budget_planner/backend/auth/internal/domain/auth/repository/pg/session/queries.go:148.2,149.16 2 0
github.com/m11ano/budget_planner/backend/auth/internal/domain/auth/repository/pg/session/queries.go:149.16,151.10 2 0
github.com/m11ano/budget_planner/backend/auth/internal/domain/auth/repository/pg/session/queries.go:151.10,153.4 1 0
github.com/m11ano/budget_planner/backend/auth/internal/domain/auth/repository/pg/session/queries.go:154.3,154.60 1 0
github.com/m11ano/budget_planner/backend/auth/internal/domain/auth/repository/pg/session/queries.go:157.2,161.54 3 0
github.com/m11ano/budget_planner/backend/auth/internal/domain/auth/repository/pg/session/queries.go:161.54,163.10 2 0
github.com/m11ano/budget_planner/backend/auth/internal/domain/auth/repository/pg/session/queries.go:163.10,165.4 1 0
github.com/m11ano/budget_planner/backend/auth/internal/domain/auth/repository/pg/session/queries.go:166.3,166.60 1 0
github.com/m11ano/budget_planner/backend/auth/internal/domain/auth/repository/pg/session/queries.go:169.2,169.31 1 0
github.com/m11ano/budget_planner/backend/auth/internal/domain/auth/repository/pg/session/repository.go:17.79,24.2 1 0
github.com/m11ano/budget_planner/backend/auth/internal/domain/auth/repository/pg/account/commands.go:17.78,21.16 3 0
github.com/m11ano/budget_planner/backend/auth/internal/domain/auth/repository/pg/account/commands.go:21.16,24.3 2 0
github.com/m11ano/budget_planner/backend/auth/internal/domain/auth/repository/pg/account/commands.go:26.2,27.16 2 0
github.com/m11ano/budget_planner/backend/auth/internal/domain/auth/repository/pg/account/commands.go:27.16,30.3 2 0
github.com/m11ano/budget_planner/backend/auth/internal/domain/auth/repository/pg/account/commands.go:32.2,33.16 2 0
github.com/m11ano/budget_planner/backend/auth/internal/domain/auth/repository/pg/account/commands.go:33.16,35.10 2 0
github.com/m11ano/budget_planner/backend/auth/internal/domain/auth/repository/pg/account/commands.go:35.10,37.4 1 0
github.com/m11ano/budget_planner/backend/auth/internal/domain/auth/repository/pg/account/commands.go:38.3,38.55 1 0
github.com/m11ano/budget_planner/backend/auth/internal/domain/auth/repository/pg/account/commands.go:41.2,41.12 1 0
github.com/m11ano/budget_planner/backend/auth/internal/domain/auth/repository/pg/account/commands.go:44.78,51.16 5 0
github.com/m11ano/budget_planner/backend/auth/internal/domain/auth/repository/pg/account/commands.go:51.16,54.3 2 0
github.com/m11ano/budget_planner/backend/auth/internal/domain/auth/repository/pg/account/commands.go:55.2,58.59 3 0
github.com/m11ano/budget_planner/backend/auth/internal/domain/auth/repository/pg/account/commands.go:58.59,60.17 2 0
github.com/m11ano/budget_planner/backend/auth/internal/domain/auth/repository/pg/account/commands.go:60.17,63.4 2 0
github.com/m11ano/budget_planner/backend/auth/internal/domain/auth/repository/pg/account/commands.go:65.3,67.17 3 0
github.com/m11ano/budget_planner/backend/auth/internal/domain/auth/repository/pg/account/commands.go:67.17,69.11 2 0
github.com/m11ano/budget_planner/backend/auth/internal/domain/auth/repository/pg/account/commands.go:69.11,71.5 1 0
github.com/m11ano/budget_planner/backend/auth/internal/domain/auth/repository/pg/account/commands.go:72.4,72.56 1 0
github.com/m11ano/budget_planner/backend/auth/internal/domain/auth/repository/pg/account/commands.go:75.3,77.17 2 0
github.com/m11ano/budget_planner/backend/auth/internal/domain/auth/repository/pg/account/commands.go:77.17,80.4 2 0
github.com/m11ano/budget_planner/backend/auth/internal/domain/auth/repository/pg/account/commands.go:82.3,83.17 2 0
github.com/m11ano/budget_planner/backend/auth/internal/domain/auth/repository/pg/account/commands.go:83.17,85.11 2 0
github.com/m11ano/budget_planner/backend/auth/internal/domain/auth/repository/pg/account/commands.go:85.11,87.5 1 0
github.com/m11ano/budget_planner/backend/auth/internal/domain/auth/repository/pg/account/commands.go:88.4,88.56 1 0
github.com/m11ano/budget_planner/backend/auth/internal/domain/auth/repository/pg/account/commands.go:91.3,91.33 1 0
github.com/m11ano/budget_planner/backend/auth/internal/domain/auth/repository/pg/account/commands.go:91.33,93.4 1 0
github.com/m11ano/budget_planner/backend/auth/internal/domain/auth/repository/pg/account/commands.go:95.3,97.13 2 0
github.com/m11ano/budget_planner/backend/auth/internal/domain/auth/repository/pg/account/commands.go:99.2,99.16 1 0
github.com/m11ano/budget_planner/backend/auth/internal/domain/auth/repository/pg/account/commands.go:99.16,101.3 1 0
github.com/m11ano/budget_planner/backend/auth/internal/domain/auth/repository/pg/account/commands.go:103.2,103.12 1 0
github.com/m11ano/budget_planner/backend/auth/internal/domain/auth/repository/pg/account/queries.go:19.120,20.15 1 0
github.com/m11ano/budget_planner/backend/auth/internal/domain/auth/repository/pg/account/queries.go:20.15,21.19 1 0
github.com/m11ano/budget_planner/backend/auth/internal/domain/auth/repository/pg/account/queries.go:21.19,23.4 1 0
github.com/m11ano/budget_planner/backend/auth/internal/domain/auth/repository/pg/account/queries.go:26.2,26.24 1 0
github.com/m11ano/budget_planner/backend/auth/internal/domain/auth/repository/pg/account/queries.go:26.24,28.3 1 0
github.com/m11ano/budget_planner/backend/auth/internal/domain/auth/repository/pg/account/queries.go:30.2,30.34 1 0
github.com/m11ano/budget_planner/backend/auth/internal/domain/auth/repository/pg/account/queries.go:30.34,32.3 1 0
github.com/m11ano/budget_planner/backend/auth/internal/domain/auth/repository/pg/account/queries.go:34.2,34.14 1 0
github.com/m11ano/budget_planner/backend/auth/internal/domain/auth/repository/pg/account/queries.go:37.89,38.54 1 0
github.com/m11ano/budget_planner/backend/auth/internal/domain/auth/repository/pg/account/queries.go:38.54,40.3 1 0
github.com/m11ano/budget_planner/backend/auth/internal/domain/auth/repository/pg/account/queries.go:42.2,44.46 2 0
github.com/m11ano/budget_planner/backend/auth/internal/domain/auth/repository/pg/account/queries.go:44.46,45.27 1 0
github.com/m11ano/budget_planner/backend/auth/internal/domain/auth/repository/pg/account/queries.go:46.53,47.25 1 0
github.com/m11ano/budget_planner/backend/auth/internal/domain/auth/repository/pg/account/queries.go:47.25,49.5 1 0
github.com/m11ano/budget_planner/backend/auth/internal/domain/auth/repository/pg/account/queries.go:49.10,51.5 1 0
github.com/m11ano/budget_planner/backend/auth/internal/domain/auth/repository/pg/account/queries.go:55.2,55.13 1 0
github.com/m11ano/budget_planner/backend/auth/internal/domain/auth/repository/pg/account/queries.go:62.30,74.19 7 0
github.com/m11ano/budget_planner/backend/auth/internal/domain/auth/repository/pg/account/queries.go:74.19,76.3 1 0
github.com/m11ano/budget_planner/backend/auth/internal/domain/auth/repository/pg/account/queries.go:78.2,78.24 1 0
github.com/m11ano/budget_planner/backend/auth/internal/domain/auth/repository/pg/account/queries.go:78.24,79.38 1 0
github.com/m11ano/budget_planner/backend/auth/internal/domain/auth/repository/pg/account/queries.go:79.38,81.4 1 0
github.com/m11ano/budget_planner/backend/auth/internal/domain/auth/repository/pg/account/queries.go:81.9,81.35 1 0
github.com/m11ano/budget_planner/backend/auth/internal/domain/auth/repository/pg/account/queries.go:81.35,83.4 1 0
github.com/m11ano/budget_planner/backend/auth/internal/domain/auth/repository/pg/account/queries.go:83.9,83.34 1 0
github.com/m11ano/budget_planner/backend/auth/internal/domain/auth/repository/pg/account/queries.go:83.34,85.4 1 0
github.com/m11ano/budget_planner/backend/auth/internal/domain/auth/repository/pg/account/queries.go:87.3,87.28 1 0
github.com/m11ano/budget_planner/backend/auth/internal/domain/auth/repository/pg/account/queries.go:87.28,89.4 1 0
github.com/m11ano/budget_planner/backend/auth/internal/domain/auth/repository/pg/account/queries.go:91.3,91.29 1 0
github.com/m11ano/budget_planner/backend/auth/internal/domain/auth/repository/pg/account/queries.go:91.29,93.4 1 0
github.com/m11ano/budget_planner/backend/auth/internal/domain/auth/repository/pg/account/queries.go:96.2,97.16 2 0
github.com/m11ano/budget_planner/backend/auth/internal/domain/auth/repository/pg/account/queries.go:97.16,100.3 2 0
github.com/m11ano/budget_planner/backend/auth/internal/domain/auth/repository/pg/account/queries.go:102.2,103.16 2 0
github.com/m11ano/budget_planner/backend/auth/internal/domain/auth/repository/pg/account/queries.go:103.16,105.10 2 0
github.com/m11ano/budget_planner/backend/auth/internal/domain/auth/repository/pg/account/queries.go:105.10,107.4 1 0
github.com/m11ano/budget_planner/backend/auth/internal/domain/auth/repository/pg/account/queries.go:108.3,108.60 1 0
github.com/m11ano/budget_planner/backend/auth/internal/domain/auth/repository/pg/account/queries.go:111.2,115.55 3 0
github.com/m11ano/budget_planner/backend/auth/internal/domain/auth/repository/pg/account/queries.go:115.55,117.10 2 0
github.com/m11ano/budget_planner/backend/auth/internal/domain/auth/repository/pg/account/queries.go:117.10,119.4 1 0
github.com/m11ano/budget_planner/backend/auth/internal/domain/auth/repository/pg/account/queries.go:120.3,120.60 1 0
github.com/m11ano/budget_planner/backend/auth/internal/domain/auth/repository/pg/account/queries.go:123.2,124.32 2 0
github.com/m11ano/budget_planner/backend/auth/internal/domain/auth/repository/pg/account/queries.go:124.32,126.3 1 0
github.com/m11ano/budget_planner/backend/auth/internal/domain/auth/repository/pg/account/queries.go:128.2,128.20 1 0
github.com/m11ano/budget_planner/backend/auth/internal/domain/auth/repository/pg/account/queries.go:135.38,147.19 7 0
github.com/m11ano/budget_planner/backend/auth/internal/domain/auth/repository/pg/account/queries.go:147.19,149.3 1 0
github.com/m11ano/budget_planner/backend/auth/internal/domain/auth/repository/pg/account/queries.go:151.2,151.24 1 0
github.com/m11ano/budget_planner/backend/auth/internal/domain/auth/repository/pg/account/queries.go:151.24,152.38 1 0
github.com/m11ano/budget_planner/backend/auth/internal/domain/auth/repository/pg/account/queries.go:152.38,154.4 1 0
github.com/m11ano/budget_planner/backend/auth/internal/domain/auth/repository/pg/account/queries.go:154.9,154.35 1 0
github.com/m11ano/budget_planner/backend/auth/internal/domain/auth/repository/pg/account/queries.go:154.35,156.4 1 0
github.com/m11ano/budget_planner/backend/auth/internal/domain/auth/repository/pg/account/queries.go:156.9,156.34 1 0
github.com/m11ano/budget_planner/backend/auth/internal/domain/auth/repository/pg/account/queries.go:156.34,158.4 1 0
github.com/m11ano/budget_planner/backend/auth/internal/domain/auth/repository/pg/account/queries.go:160.3,160.28 1 0
github.com/m11ano/budget_planner/backend/auth/internal/domain/auth/repository/pg/account/queries.go:160.28,162.4 1 0
github.com/m11ano/budget_planner/backend/auth/internal/domain/auth/repository/pg/account/queries.go:164.3,164.29 1 0
github.com/m11ano/budget_planner/backend/auth/internal/domain/auth/repository/pg/account/queries.go:164.29,166.4 1 0
github.com/m11ano/budget_planner/backend/auth/internal/domain/auth/repository/pg/account/queries.go:169.2,170.16 2 0
github.com/m11ano/budget_planner/backend/auth/internal/domain/auth/repository/pg/account/queries.go:170.16,173.3 2 0
github.com/m11ano/budget_planner/backend/auth/internal/domain/auth/repository/pg/account/queries.go:175.2,177.16 3 0
github.com/m11ano/budget_planner/backend/auth/internal/domain/auth/repository/pg/account/queries.go:177.16,180.3 2 0
github.com/m11ano/budget_planner/backend/auth/internal/domain/auth/repository/pg/account/queries.go:182.2,185.59 3 0
github.com/m11ano/budget_planner/backend/auth/internal/domain/auth/repository/pg/account/queries.go:185.59,187.17 2 0
github.com/m11ano/budget_planner/backend/auth/internal/domain/auth/repository/pg/account/queries.go:187.17,189.11 2 0
github.com/m11ano/budget_planner/backend/auth/internal/domain/auth/repository/pg/account/queries.go:189.11,191.5 1 0
github.com/m11ano/budget_planner/backend/auth/internal/domain/auth/repository/pg/account/queries.go:192.4,192.56 1 0
github.com/m11ano/budget_planner/backend/auth/internal/domain/auth/repository/pg/account/queries.go:195.3,199.56 3 0
github.com/m11ano/budget_planner/backend/auth/internal/domain/auth/repository/pg/account/queries.go:199.56,201.11 2 0
github.com/m11ano/budget_planner/backend/auth/internal/domain/auth/repository/pg/account/queries.go:201.11,203.5 1 0
github.com/m11ano/budget_planner/backend/auth/internal/domain/auth/repository/pg/account/queries.go:204.4,204.56 1 0
github.com/m11ano/budget_planner/backend/auth/internal/domain/auth/repository/pg/account/queries.go:207.3,208.33 2 0
github.com/m11ano/budget_planner/backend/auth/internal/domain/auth/repository/pg/account/queries.go:208.33,210.4 1 0
github.com/m11ano/budget_planner/backend/auth/internal/domain/auth/repository/pg/account/queries.go:212.3,213.42 2 0
github.com/m11ano/budget_planner/backend/auth/internal/domain/auth/repository/pg/account/queries.go:213.42,215.11 2 0
github.com/m11ano/budget_planner/backend/auth/internal/domain/auth/repository/pg/account/queries.go:215.11,217.5 1 0
github.com/m11ano/budget_planner/backend/auth/internal/domain/auth/repository/pg/account/queries.go:218.4,218.56 1 0
github.com/m11ano/budget_planner/backend/auth/internal/domain/auth/repository/pg/account/queries.go:221.3,221.13 1 0
github.com/m11ano/budget_planner/backend/auth/internal/domain/auth/repository/pg/account/queries.go:223.2,223.16 1 0
github.com/m11ano/budget_planner/backend/auth/internal/domain/auth/repository/pg/account/queries.go:223.16,225.3 1 0
github.com/m11ano/budget_planner/backend/auth/internal/domain/auth/repository/pg/account/queries.go:227.2,227.27 1 0
github.com/m11ano/budget_planner/backend/auth/internal/domain/auth/repository/pg/account/queries.go:234.28,243.18 4 0
github.com/m11ano/budget_planner/backend/auth/internal/domain/auth/repository/pg/account/queries.go:243.18,245.3 1 0
github.com/m11ano/budget_planner/backend/auth/internal/domain/auth/repository/pg/account/queries.go:247.2,249.24 2 0
github.com/m11ano/budget_planner/backend/auth/internal/domain/auth/repository/pg/account/queries.go:249.24,250.38 1 0
github.com/m11ano/budget_planner/backend/auth/internal/domain/auth/repository/pg/account/queries.go:250.38,252.4 1 0
github.com/m11ano/budget_planner/backend/auth/internal/domain/auth/repository/pg/account/queries.go:252.9,252.35 1 0
github.com/m11ano/budget_planner/backend/auth/internal/domain/auth/repository/pg/account/queries.go:252.35,254.4 1 0
github.com/m11ano/budget_planner/backend/auth/internal/domain/auth/repository/pg/account/queries.go:254.9,254.34 1 0
github.com/m11ano/budget_planner/backend/auth/internal/domain/auth/repository/pg/account/queries.go:254.34,256.4 1 0
github.com/m11ano/budget_planner/backend/auth/internal/domain/auth/repository/pg/account/queries.go:259.2,260.16 2 0
github.com/m11ano/budget_planner/backend/auth/internal/domain/auth/repository/pg/account/queries.go:260.16,263.3 2 0
github.com/m11ano/budget_planner/backend/auth/internal/domain/auth/repository/pg/account/queries.go:265.2,266.16 2 0
github.com/m11ano/budget_planner/backend/auth/internal/domain/auth/repository/pg/account/queries.go:266.16,268.10 2 0
github.com/m11ano/budget_planner/backend/auth/internal/domain/auth/repository/pg/account/queries.go:268.10,270.4 1 0
github.com/m11ano/budget_planner/backend/auth/internal/domain/auth/repository/pg/account/queries.go:271.3,271.60 1 0
github.com/m11ano/budget_planner/backend/auth/internal/domain/auth/repository/pg/account/queries.go:274.2,278.54 3 0
github.com/m11ano/budget_planner/backend/auth/internal/domain/auth/repository/pg/account/queries.go:278.54,280.10 2 0
github.com/m11ano/budget_planner/backend/auth/internal/domain/auth/repository/pg/account/queries.go:280.10,282.4 1 0
github.com/m11ano/budget_planner/backend/auth/internal/domain/auth/repository/pg/account/queries.go:283.3,283.60 1 0
github.com/m11ano/budget_planner/backend/auth/internal/domain/auth/repository/pg/account/queries.go:286.2,286.31 1 0
github.com/m11ano/budget_planner/backend/auth/internal/domain/auth/repository/pg/account/queries.go:293.28,302.18 4 0
github.com/m11ano/budget_planner/backend/auth/internal/domain/auth/repository/pg/account/queries.go:302.18,304.3 1 0
github.com/m11ano/budget_planner/backend/auth/internal/domain/auth/repository/pg/account/queries.go:306.2,308.24 2 0
github.com/m11ano/budget_planner/backend/auth/internal/domain/auth/repository/pg/account/queries.go:308.24,309.38 1 0
github.com/m11ano/budget_planner/backend/auth/internal/domain/auth/repository/pg/account/queries.go:309.38,311.4 1 0
github.com/m11ano/budget_planner/backend/auth/internal/domain/auth/repository/pg/account/queries.go:311.9,311.35 1 0
github.com/m11ano/budget_planner/backend/auth/internal/domain/auth/repository/pg/account/queries.go:311.35,313.4 1 0
github.com/m11ano/budget_planner/backend/auth/internal/domain/auth/repository/pg/account/queries.go:313.9,313.34 1 0
github.com/m11ano/budget_planner/backend/auth/internal/domain/auth/repository/pg/account/queries.go:313.34,315.4 1 0
github.com/m11ano/budget_planner/backend/auth/internal/domain/auth/repository/pg/account/queries.go:318.2,319.16 2 0
github.com/m11ano/budget_planner/backend/auth/internal/domain/auth/repository/pg/account/queries.go:319.16,322.3 2 0
github.com/m11ano/budget_planner/backend/auth/internal/domain/auth/repository/pg/account/queries.go:324.2,325.16 2 0
github.com/m11ano/budget_planner/backend/auth/internal/domain/auth/repository/pg/account/queries.go:325.16,327.10 2 0
github.com/m11ano/budget_planner/backend/auth/internal/domain/auth/repository/pg/account/queries.go:327.10,329.4 1 0
github.com/m11ano/budget_planner/backend/auth/internal/domain/auth/repository/pg/account/queries.go:330.3,330.60 1 0
github.com/m11ano/budget_planner/backend/auth/internal/domain/auth/repository/pg/account/queries.go:333.2,337.54 3 0
github.com/m11ano/budget_planner/backend/auth/internal/domain/auth/repository/pg/account/queries.go:337.54,339.10 2 0
github.com/m11ano/budget_planner/backend/auth/internal/domain/auth/repository/pg/account/queries.go:339.10,341.4 1 0
github.com/m11ano/budget_planner/backend/auth/internal/domain/auth/repository/pg/account/queries.go:342.3,342.60 1 0
github.com/m11ano/budget_planner/backend/auth/internal/domain/auth/repository/pg/account/queries.go:345.2,345.31 1 0
github.com/m11ano/budget_planner/backend/auth/internal/domain/auth/repository/pg/account/repository.go:17.79,24.2 1 0
github.com/m11ano/budget_planner/backend/auth/pkg/emailnormalize/emailnormalize.go:122.47,124.16 2 0
github.com/m11ano/budget_planner/backend/auth/pkg/emailnormalize/emailnormalize.go:124.16,126.3 1 0
github.com/m11ano/budget_planner/backend/auth/pkg/emailnormalize/emailnormalize.go:127.2,129.21 3 0
github.com/m11ano/budget_planner/backend/auth/pkg/emailnormalize/emailnormalize.go:129.21,131.3 1 0
github.com/m11ano/budget_planner/backend/auth/pkg/emailnormalize/emailnormalize.go:132.2,135.21 3 0
github.com/m11ano/budget_planner/backend/auth/pkg/emailnormalize/emailnormalize.go:135.21,136.46 1 0
github.com/m11ano/budget_planner/backend/auth/pkg/emailnormalize/emailnormalize.go:136.46,137.48 1 0
github.com/m11ano/budget_planner/backend/auth/pkg/emailnormalize/emailnormalize.go:137.48,139.5 1 0
github.com/m11ano/budget_planner/backend/auth/pkg/emailnormalize/emailnormalize.go:142.3,144.39 2 0
github.com/m11ano/budget_planner/backend/auth/pkg/emailnormalize/emailnormalize.go:144.39,146.4 1 0
github.com/m11ano/budget_planner/backend/auth/pkg/emailnormalize/emailnormalize.go:148.3,148.41 1 0
github.com/m11ano/budget_planner/backend/auth/pkg/emailnormalize/emailnormalize.go:148.41,149.47 1 0
github.com/m11ano/budget_planner/backend/auth/pkg/emailnormalize/emailnormalize.go:149.47,151.5 1 0
github.com/m11ano/budget_planner/backend/auth/pkg/emailnormalize/emailnormalize.go:154.3,154.41 1 0
github.com/m11ano/budget_planner/backend/auth/pkg/emailnormalize/emailnormalize.go:154.41,155.47 1 0
github.com/m11ano/budget_planner/backend/auth/pkg/emailnormalize/emailnormalize.go:155.47,157.5 1 0
github.com/m11ano/budget_planner/backend/auth/pkg/emailnormalize/emailnormalize.go:161.2,164.27 1 0
github.com/m11ano/budget_planner/backend/auth/pkg/emailnormalize/emailnormalize.go:164.27,165.23 1 0
github.com/m11ano/budget_planner/backend/auth/pkg/emailnormalize/emailnormalize.go:165.23,167.5 1 0
github.com/m11ano/budget_planner/backend/auth/pkg/emailnormalize/emailnormalize.go:168.4,168.13 1 0
github.com/m11ano/budget_planner/backend/auth/pkg/emailnormalize/emailnormalize.go:173.46,174.27 1 0
github.com/m11ano/budget_planner/backend/auth/pkg/emailnormalize/emailnormalize.go:174.27,176.31 2 0
github.com/m11ano/budget_planner/backend/auth/pkg/emailnormalize/emailnormalize.go:176.31,177.19 1 0
github.com/m11ano/budget_planner/backend/auth/pkg/emailnormalize/emailnormalize.go:177.19,179.5 1 0
github.com/m11ano/budget_planner/backend/auth/pkg/emailnormalize/emailnormalize.go:182.2,182.12 1 0
github.com/m11ano/budget_planner/backend/auth/internal/infra/loghandler/context.go:14.55,17.2 2 0
github.com/m11ano/budget_planner/backend/auth/internal/infra/loghandler/context.go:19.84,21.9 2 0
github.com/m11ano/budget_planner/backend/auth/internal/infra/loghandler/context.go:21.9,23.3 1 0
github.com/m11ano/budget_planner/backend/auth/internal/infra/loghandler/context.go:25.2,27.29 2 0
github.com/m11ano/budget_planner/backend/auth/internal/infra/loghandler/context.go:30.81,33.2 2 0
github.com/m11ano/budget_planner/backend/auth/internal/infra/loghandler/context.go:35.54,37.2 1 0
github.com/m11ano/budget_planner/backend/auth/internal/infra/loghandler/context.go:39.45,42.2 2 0
github.com/m11ano/budget_planner/backend/auth/internal/infra/loghandler/handler.go:13.64,15.2 1 0
github.com/m11ano/budget_planner/backend/auth/internal/infra/loghandler/handler.go:17.78,19.2 1 0
github.com/m11ano/budget_planner/backend/auth/internal/infra/loghandler/handler.go:21.79,23.8 2 0
github.com/m11ano/budget_planner/backend/auth/internal/infra/loghandler/handler.go:23.8,24.26 1 0
github.com/m11ano/budget_planner/backend/auth/internal/infra/loghandler/handler.go:24.26,26.4 1 0
github.com/m11ano/budget_planner/backend/auth/internal/infra/loghandler/handler.go:29.2,29.23 1 0
github.com/m11ano/budget_planner/backend/auth/internal/infra/loghandler/handler.go:29.23,30.50 1 0
github.com/m11ano/budget_planner/backend/auth/internal/infra/loghandler/handler.go:30.50,40.4 2 0
github.com/m11ano/budget_planner/backend/auth/internal/infra/loghandler/handler.go:43.2,43.32 1 0
github.com/m11ano/budget_planner/backend/auth/internal/infra/loghandler/handler.go:46.70,48.2 1 0
github.com/m11ano/budget_planner/backend/auth/internal/infra/loghandler/handler.go:50.64,52.2 1 0
github.com/m11ano/budget_planner/backend/auth/pkg/proto_pb/access_claims/access_claims.pb.go:33.32,38.2 4 0
github.com/m11ano/budget_planner/backend/auth/pkg/proto_pb/access_claims/access_claims.pb.go:40.40,42.2 1 0
github.com/m11ano/budget_planner/backend/auth/pkg/proto_pb/access_claims/access_claims.pb.go:44.38,44.39 0 0
github.com/m11ano/budget_planner/backend/auth/pkg/proto_pb/access_claims/access_claims.pb.go:46.60,48.14 2 0
github.com/m11ano/budget_planner/backend/auth/pkg/proto_pb/access_claims/access_claims.pb.go:48.14,50.34 2 0
github.com/m11ano/budget_planner/backend/auth/pkg/proto_pb/access_claims/access_claims.pb.go:50.34,52.4 1 0
github.com/m11ano/budget_planner/backend/auth/pkg/proto_pb/access_claims/access_claims.pb.go:53.3,53.12 1 0
github.com/m11ano/budget_planner/backend/auth/pkg/proto_pb/access_claims/access_claims.pb.go:55.2,55.24 1 0
github.com/m11ano/budget_planner/backend/auth/pkg/proto_pb/access_claims/access_claims.pb.go:59.51,61.2 1 0
github.com/m11ano/budget_planner/backend/auth/pkg/proto_pb/access_claims/access_claims.pb.go:63.46,64.14 1 0
github.com/m11ano/budget_planner/backend/auth/pkg/proto_pb/access_claims/access_claims.pb.go:64.14,66.3 1 0
github.com/m11ano/budget_planner/backend/auth/pkg/proto_pb/access_claims/access_claims.pb.go:67.2,67.11 1 0
github.com/m11ano/budget_planner/backend/auth/pkg/proto_pb/access_claims/access_claims.pb.go:70.46,71.14 1 0
github.com/m11ano/budget_planner/backend/auth/pkg/proto_pb/access_claims/access_claims.pb.go:71.14,73.3 1 0
github.com/m11ano/budget_planner/backend/auth/pkg/proto_pb/access_claims/access_claims.pb.go:74.2,74.11 1 0
github.com/m11ano/budget_planner/backend/auth/pkg/proto_pb/access_claims/access_claims.pb.go:77.52,78.14 1 0
github.com/m11ano/budget_planner/backend/auth/pkg/proto_pb/access_claims/access_claims.pb.go:78.14,80.3 1 0
github.com/m11ano/budget_planner/backend/auth/pkg/proto_pb/access_claims/access_claims.pb.go:81.2,81.12 1 0
github.com/m11ano/budget_planner/backend/auth/pkg/proto_pb/access_claims/access_claims.pb.go:105.66,106.63 1 0
github.com/m11ano/budget_planner/backend/auth/pkg/proto_pb/access_claims/access_claims.pb.go:106.63,108.3 1 0
github.com/m11ano/budget_planner/backend/auth/pkg/proto_pb/access_claims/access_claims.pb.go:109.2,109.59 1 0
github.com/m11ano/budget_planner/backend/auth/pkg/proto_pb/access_claims/access_claims.pb.go:126.13,126.62 1 0
github.com/m11ano/budget_planner/backend/auth/pkg/proto_pb/access_claims/access_claims.pb.go:127.52,128.51 1 0
github.com/m11ano/budget_planner/backend/auth/pkg/proto_pb/access_claims/access_claims.pb.go:128.51,130.3 1 0
github.com/m11ano/budget_planner/backend/auth/pkg/proto_pb/access_claims/access_claims.pb.go:131.2,147.54 5 0
github.com/m11ano/budget_planner/backend/auth/pkg/proto_pb/access_claims/access_claims.pb.validate.go:41.41,43.2 1 0
github.com/m11ano/budget_planner/backend/auth/pkg/proto_pb/access_claims/access_claims.pb.validate.go:49.44,51.2 1 0
github.com/m11ano/budget_planner/backend/auth/pkg/proto_pb/access_claims/access_claims.pb.validate.go:53.49,54.14 1 0
github.com/m11ano/budget_planner/backend/auth/pkg/proto_pb/access_claims/access_claims.pb.validate.go:54.14,56.3 1 0
github.com/m11ano/budget_planner/backend/auth/pkg/proto_pb/access_claims/access_claims.pb.validate.go:58.2,66.21 2 0
github.com/m11ano/budget_planner/backend/auth/pkg/proto_pb/access_claims/access_claims.pb.validate.go:66.21,68.3 1 0
github.com/m11ano/budget_planner/backend/auth/pkg/proto_pb/access_claims/access_claims.pb.validate.go:70.2,70.12 1 0
github.com/m11ano/budget_planner/backend/auth/pkg/proto_pb/access_claims/access_claims.pb.validate.go:78.48,80.24 2 0
github.com/m11ano/budget_planner/backend/auth/pkg/proto_pb/access_claims/access_claims.pb.validate.go:80.24,82.3 1 0
github.com/m11ano/budget_planner/backend/auth/pkg/proto_pb/access_claims/access_claims.pb.validate.go:83.2,83.33 1 0
[...]
github.com/m11ano/budget_planner/backend/auth/pkg/pgclient/impl.go:166.3,166.13 1 5
github.com/m11ano/budget_planner/backend/auth/pkg/pgclient/impl.go:169.2,169.51 1 6
github.com/m11ano/budget_planner/backend/auth/pkg/pgclient/impl.go:169.51,171.3 1 1
github.com/m11ano/budget_planner/backend/auth/pkg/pgclient/impl.go:173.2,173.12 1 5
github.com/m11ano/budget_planner/backend/auth/pkg/pgclient/impl.go:177.30,179.2 1 1
github.com/m11ano/budget_planner/backend/auth/pkg/pgclient/mock.go:7.26,9.2 1 0
github.com/m11ano/budget_planner/backend/auth/pkg/pgclient/mock.go:13.38,15.2 1 0
github.com/m11ano/budget_planner/backend/auth/pkg/pgclient/mock.go:17.32,19.2 1 0
github.com/m11ano/budget_planner/backend/auth/pkg/pgclient/mock.go:21.54,23.2 1 0
github.com/m11ano/budget_planner/backend/auth/pkg/pgclient/mock.go:25.82,28.2 2 0
github.com/m11ano/budget_planner/backend/auth/pkg/pgclient/mock.go:30.111,33.2 2 0
github.com/m11ano/budget_planner/backend/auth/pkg/pgclient/mock.go:35.29,35.30 0 0
github.com/m11ano/budget_planner/backend/auth/pkg/pgclient/test_connection.go:16.9,19.27 3 4
github.com/m11ano/budget_planner/backend/auth/pkg/pgclient/test_connection.go:19.27,21.17 2 6
github.com/m11ano/budget_planner/backend/auth/pkg/pgclient/test_connection.go:21.17,29.12 4 4
github.com/m11ano/budget_planner/backend/auth/pkg/pgclient/test_connection.go:31.3,31.8 1 2
github.com/m11ano/budget_planner/backend/auth/pkg/pgclient/test_connection.go:33.2,33.16 1 4
github.com/m11ano/budget_planner/backend/auth/pkg/pgclient/test_connection.go:33.16,35.3 1 1
github.com/m11ano/budget_planner/backend/auth/pkg/pgclient/test_connection.go:37.2,37.12 1 3
github.com/m11ano/budget_planner/backend/auth/pkg/pgclient/tracer.go:15.117,23.2 2 0
github.com/m11ano/budget_planner/backend/auth/pkg/pgclient/tracer.go:25.97,32.2 1 0
github.com/m11ano/budget_planner/backend/auth/internal/domain/auth/usecase/account/commands.go:20.32,29.16 3 1
github.com/m11ano/budget_planner/backend/auth/internal/domain/auth/usecase/account/commands.go:29.16,31.3 1 0
github.com/m11ano/budget_planner/backend/auth/internal/domain/auth/usecase/account/commands.go:33.2,34.16 2 1
github.com/m11ano/budget_planner/backend/auth/internal/domain/auth/usecase/account/commands.go:34.16,36.3 1 0
github.com/m11ano/budget_planner/backend/auth/internal/domain/auth/usecase/account/commands.go:38.2,39.16 2 1
github.com/m11ano/budget_planner/backend/auth/internal/domain/auth/usecase/account/commands.go:39.16,41.3 1 0
github.com/m11ano/budget_planner/backend/auth/internal/domain/auth/usecase/account/commands.go:43.2,43.66 1 1
github.com/m11ano/budget_planner/backend/auth/internal/domain/auth/usecase/account/commands.go:43.66,45.17 2 1
github.com/m11ano/budget_planner/backend/auth/internal/domain/auth/usecase/account/commands.go:45.17,47.4 1 0
github.com/m11ano/budget_planner/backend/auth/internal/domain/auth/usecase/account/commands.go:47.9,47.52 1 1
github.com/m11ano/budget_planner/backend/auth/internal/domain/auth/usecase/account/commands.go:47.52,49.4 1 0
github.com/m11ano/budget_planner/backend/auth/internal/domain/auth/usecase/account/commands.go:51.3,52.17 2 1
github.com/m11ano/budget_planner/backend/auth/internal/domain/auth/usecase/account/commands.go:52.17,54.4 1 0
github.com/m11ano/budget_planner/backend/auth/internal/domain/auth/usecase/account/commands.go:56.3,56.13 1 1
github.com/m11ano/budget_planner/backend/auth/internal/domain/auth/usecase/account/commands.go:58.2,58.16 1 1
github.com/m11ano/budget_planner/backend/auth/internal/domain/auth/usecase/account/commands.go:58.16,60.3 1 0
github.com/m11ano/budget_planner/backend/auth/internal/domain/auth/usecase/account/commands.go:62.2,63.16 2 1
github.com/m11ano/budget_planner/backend/auth/internal/domain/auth/usecase/account/commands.go:63.16,65.3 1 0
github.com/m11ano/budget_planner/backend/auth/internal/domain/auth/usecase/account/commands.go:67.2,67.26 1 1
github.com/m11ano/budget_planner/backend/auth/internal/domain/auth/usecase/account/commands.go:67.26,70.3 2 0
github.com/m11ano/budget_planner/backend/auth/internal/domain/auth/usecase/account/commands.go:72.2,72.27 1 1
github.com/m11ano/budget_planner/backend/auth/internal/domain/auth/usecase/account/commands.go:80.9,83.67 2 2
github.com/m11ano/budget_planner/backend/auth/internal/domain/auth/usecase/account/commands.go:83.67,87.17 2 2
github.com/m11ano/budget_planner/backend/auth/internal/domain/auth/usecase/account/commands.go:87.17,89.4 1 0
github.com/m11ano/budget_planner/backend/auth/internal/domain/auth/usecase/account/commands.go:91.3,91.59 1 2
github.com/m11ano/budget_planner/backend/auth/internal/domain/auth/usecase/account/commands.go:91.59,95.4 1 0
github.com/m11ano/budget_planner/backend/auth/internal/domain/auth/usecase/account/commands.go:97.3,97.22 1 2
github.com/m11ano/budget_planner/backend/auth/internal/domain/auth/usecase/account/commands.go:97.22,99.18 2 1
github.com/m11ano/budget_planner/backend/auth/internal/domain/auth/usecase/account/commands.go:99.18,101.5 1 0
github.com/m11ano/budget_planner/backend/auth/internal/domain/auth/usecase/account/commands.go:103.4,104.51 2 1
github.com/m11ano/budget_planner/backend/auth/internal/domain/auth/usecase/account/commands.go:104.51,106.5 1 0
github.com/m11ano/budget_planner/backend/auth/internal/domain/auth/usecase/account/commands.go:106.10,106.67 1 1
github.com/m11ano/budget_planner/backend/auth/internal/domain/auth/usecase/account/commands.go:106.67,108.5 1 0
github.com/m11ano/budget_planner/backend/auth/internal/domain/auth/usecase/account/commands.go:111.3,111.25 1 2
github.com/m11ano/budget_planner/backend/auth/internal/domain/auth/usecase/account/commands.go:111.25,113.18 2 1
github.com/m11ano/budget_planner/backend/auth/internal/domain/auth/usecase/account/commands.go:113.18,115.5 1 0
github.com/m11ano/budget_planner/backend/auth/internal/domain/auth/usecase/account/commands.go:118.3,118.26 1 2
github.com/m11ano/budget_planner/backend/auth/internal/domain/auth/usecase/account/commands.go:118.26,120.4 1 0
github.com/m11ano/budget_planner/backend/auth/internal/domain/auth/usecase/account/commands.go:122.3,122.28 1 2
github.com/m11ano/budget_planner/backend/auth/internal/domain/auth/usecase/account/commands.go:122.28,124.18 2 0
github.com/m11ano/budget_planner/backend/auth/internal/domain/auth/usecase/account/commands.go:124.18,126.5 1 0
github.com/m11ano/budget_planner/backend/auth/internal/domain/auth/usecase/account/commands.go:129.3,129.31 1 2
github.com/m11ano/budget_planner/backend/auth/internal/domain/auth/usecase/account/commands.go:129.31,131.18 2 0
github.com/m11ano/budget_planner/backend/auth/internal/domain/auth/usecase/account/commands.go:131.18,133.5 1 0
github.com/m11ano/budget_planner/backend/auth/internal/domain/auth/usecase/account/commands.go:136.3,137.17 2 2
github.com/m11ano/budget_planner/backend/auth/internal/domain/auth/usecase/account/commands.go:137.17,139.4 1 0
github.com/m11ano/budget_planner/backend/auth/internal/domain/auth/usecase/account/commands.go:141.3,141.25 1 2
github.com/m11ano/budget_planner/backend/auth/internal/domain/auth/usecase/account/commands.go:141.25,143.18 2 1
github.com/m11ano/budget_planner/backend/auth/internal/domain/auth/usecase/account/commands.go:143.18,145.5 1 0
github.com/m11ano/budget_planner/backend/auth/internal/domain/auth/usecase/account/commands.go:148.3,148.13 1 2
github.com/m11ano/budget_planner/backend/auth/internal/domain/auth/usecase/account/commands.go:150.2,150.16 1 2
github.com/m11ano/budget_planner/backend/auth/internal/domain/auth/usecase/account/commands.go:150.16,152.3 1 0
github.com/m11ano/budget_planner/backend/auth/internal/domain/auth/usecase/account/commands.go:154.2,154.12 1 2
github.com/m11ano/budget_planner/backend/auth/internal/domain/auth/usecase/account/commands.go:157.87,161.16 3 2
github.com/m11ano/budget_planner/backend/auth/internal/domain/auth/usecase/account/commands.go:161.16,163.3 1 1
github.com/m11ano/budget_planner/backend/auth/internal/domain/auth/usecase/account/commands.go:165.2,165.12 1 1
github.com/m11ano/budget_planner/backend/auth/internal/domain/auth/usecase/account/helpers.go:13.34,16.29 2 8
github.com/m11ano/budget_planner/backend/auth/internal/domain/auth/usecase/account/helpers.go:16.29,22.3 2 9
github.com/m11ano/budget_planner/backend/auth/internal/domain/auth/usecase/account/helpers.go:24.2,24.17 1 8
github.com/m11ano/budget_planner/backend/auth/internal/domain/auth/usecase/account/impl.go:26.16,36.2 2 17
github.com/m11ano/budget_planner/backend/auth/internal/domain/auth/usecase/account/queries.go:19.32,23.16 3 2
github.com/m11ano/budget_planner/backend/auth/internal/domain/auth/usecase/account/queries.go:23.16,25.3 1 1
github.com/m11ano/budget_planner/backend/auth/internal/domain/auth/usecase/account/queries.go:27.2,28.16 2 1
github.com/m11ano/budget_planner/backend/auth/internal/domain/auth/usecase/account/queries.go:28.16,30.3 1 0
github.com/m11ano/budget_planner/backend/auth/internal/domain/auth/usecase/account/queries.go:32.2,32.19 1 1
github.com/m11ano/budget_planner/backend/auth/internal/domain/auth/usecase/account/queries.go:32.19,34.3 1 0
github.com/m11ano/budget_planner/backend/auth/internal/domain/auth/usecase/account/queries.go:36.2,36.20 1 1
github.com/m11ano/budget_planner/backend/auth/internal/domain/auth/usecase/account/queries.go:43.32,47.16 3 2
github.com/m11ano/budget_planner/backend/auth/internal/domain/auth/usecase/account/queries.go:47.16,49.3 1 1
github.com/m11ano/budget_planner/backend/auth/internal/domain/auth/usecase/account/queries.go:51.2,52.16 2 1
github.com/m11ano/budget_planner/backend/auth/internal/domain/auth/usecase/account/queries.go:52.16,54.3 1 0
github.com/m11ano/budget_planner/backend/auth/internal/domain/auth/usecase/account/queries.go:56.2,56.19 1 1
github.com/m11ano/budget_planner/backend/auth/internal/domain/auth/usecase/account/queries.go:56.19,58.3 1 0
github.com/m11ano/budget_planner/backend/auth/internal/domain/auth/usecase/account/queries.go:60.2,60.20 1 1
github.com/m11ano/budget_planner/backend/auth/internal/domain/auth/usecase/account/queries.go:67.34,71.16 3 3
github.com/m11ano/budget_planner/backend/auth/internal/domain/auth/usecase/account/queries.go:71.16,73.3 1 1
github.com/m11ano/budget_planner/backend/auth/internal/domain/auth/usecase/account/queries.go:75.2,76.16 2 2
github.com/m11ano/budget_planner/backend/auth/internal/domain/auth/usecase/account/queries.go:76.16,78.3 1 0
github.com/m11ano/budget_planner/backend/auth/internal/domain/auth/usecase/account/queries.go:80.2,80.17 1 2
github.com/m11ano/budget_planner/backend/auth/internal/domain/auth/usecase/account/queries.go:87.42,91.16 3 2
github.com/m11ano/budget_planner/backend/auth/internal/domain/auth/usecase/account/queries.go:91.16,93.3 1 1
github.com/m11ano/budget_planner/backend/auth/internal/domain/auth/usecase/account/queries.go:95.2,96.16 2 1
github.com/m11ano/budget_planner/backend/auth/internal/domain/auth/usecase/account/queries.go:96.16,98.3 1 0
github.com/m11ano/budget_planner/backend/auth/internal/domain/auth/usecase/account/queries.go:100.2,100.24 1 1
github.com/m11ano/budget_planner/backend/auth/internal/domain/auth/usecase/account/queries.go:107.46,111.16 3 3
github.com/m11ano/budget_planner/backend/auth/internal/domain/auth/usecase/account/queries.go:111.16,113.3 1 1
github.com/m11ano/budget_planner/backend/auth/internal/domain/auth/usecase/account/queries.go:115.2,116.16 2 2
github.com/m11ano/budget_planner/backend/auth/internal/domain/auth/usecase/account/queries.go:116.16,118.3 1 0
github.com/m11ano/budget_planner/backend/auth/internal/domain/auth/usecase/account/queries.go:120.2,120.95 1 2
github.com/m11ano/budget_planner/backend/auth/internal/domain/auth/usecase/account/queries.go:120.95,122.3 1 2
github.com/m11ano/budget_planner/backend/auth/internal/domain/auth/usecase/account/queries.go:124.2,124.20 1 2
github.com/m11ano/budget_planner/backend/auth/internal/domain/auth/usecase/auth/commands.go:24.36,28.16 3 1
github.com/m11ano/budget_planner/backend/auth/internal/domain/auth/usecase/auth/commands.go:28.16,30.3 1 0
github.com/m11ano/budget_planner/backend/auth/internal/domain/auth/usecase/auth/commands.go:32.2,38.66 4 1
github.com/m11ano/budget_planner/backend/auth/internal/domain/auth/usecase/auth/commands.go:38.66,44.17 3 1
github.com/m11ano/budget_planner/backend/auth/internal/domain/auth/usecase/auth/commands.go:44.17,45.45 1 0
github.com/m11ano/budget_planner/backend/auth/internal/domain/auth/usecase/auth/commands.go:45.45,47.5 1 0
github.com/m11ano/budget_planner/backend/auth/internal/domain/auth/usecase/auth/commands.go:48.4,48.14 1 0
github.com/m11ano/budget_planner/backend/auth/internal/domain/auth/usecase/auth/commands.go:51.3,51.55 1 1
github.com/m11ano/budget_planner/backend/auth/internal/domain/auth/usecase/auth/commands.go:51.55,53.4 1 0
github.com/m11ano/budget_planner/backend/auth/internal/domain/auth/usecase/auth/commands.go:55.3,55.42 1 1
github.com/m11ano/budget_planner/backend/auth/internal/domain/auth/usecase/auth/commands.go:55.42,57.4 1 0
github.com/m11ano/budget_planner/backend/auth/internal/domain/auth/usecase/auth/commands.go:59.3,59.39 1 1
github.com/m11ano/budget_planner/backend/auth/internal/domain/auth/usecase/auth/commands.go:59.39,61.4 1 0
github.com/m11ano/budget_planner/backend/auth/internal/domain/auth/usecase/auth/commands.go:63.3,69.63 2 1
github.com/m11ano/budget_planner/backend/auth/internal/domain/auth/usecase/auth/commands.go:69.63,71.4 1 0
github.com/m11ano/budget_planner/backend/auth/internal/domain/auth/usecase/auth/commands.go:73.3,78.17 5 1
github.com/m11ano/budget_planner/backend/auth/internal/domain/auth/usecase/auth/commands.go:78.17,80.4 1 0
github.com/m11ano/budget_planner/backend/auth/internal/domain/auth/usecase/auth/commands.go:82.3,82.13 1 1
github.com/m11ano/budget_planner/backend/auth/internal/domain/auth/usecase/auth/commands.go:84.2,84.16 1 1
github.com/m11ano/budget_planner/backend/auth/internal/domain/auth/usecase/auth/commands.go:84.16,86.3 1 0
github.com/m11ano/budget_planner/backend/auth/internal/domain/auth/usecase/auth/commands.go:88.2,97.17 3 1
github.com/m11ano/budget_planner/backend/auth/internal/domain/auth/usecase/auth/commands.go:100.89,104.16 3 1
github.com/m11ano/budget_planner/backend/auth/internal/domain/auth/usecase/auth/commands.go:104.16,106.3 1 0
github.com/m11ano/budget_planner/backend/auth/internal/domain/auth/usecase/auth/commands.go:108.2,108.20 1 1
github.com/m11ano/budget_planner/backend/auth/internal/domain/auth/usecase/auth/commands.go:111.94,117.16 4 1
github.com/m11ano/budget_planner/backend/auth/internal/domain/auth/usecase/auth/commands.go:117.16,119.3 1 0
github.com/m11ano/budget_planner/backend/auth/internal/domain/auth/usecase/auth/commands.go:121.2,121.20 1 1
github.com/m11ano/budget_planner/backend/auth/internal/domain/auth/usecase/auth/commands.go:138.112,145.15 3 2
github.com/m11ano/budget_planner/backend/auth/internal/domain/auth/usecase/auth/commands.go:145.15,147.3 1 0
github.com/m11ano/budget_planner/backend/auth/internal/domain/auth/usecase/auth/commands.go:149.2,149.114 1 2
github.com/m11ano/budget_planner/backend/auth/internal/domain/auth/usecase/auth/commands.go:149.114,151.3 1 1
github.com/m11ano/budget_planner/backend/auth/internal/domain/auth/usecase/auth/commands.go:152.2,152.32 1 2
github.com/m11ano/budget_planner/backend/auth/internal/domain/auth/usecase/auth/commands.go:152.32,154.3 1 1
github.com/m11ano/budget_planner/backend/auth/internal/domain/auth/usecase/auth/commands.go:156.2,157.9 2 1
github.com/m11ano/budget_planner/backend/auth/internal/domain/auth/usecase/auth/commands.go:157.9,159.3 1 0
github.com/m11ano/budget_planner/backend/auth/internal/domain/auth/usecase/auth/commands.go:161.2,161.20 1 1
github.com/m11ano/budget_planner/backend/auth/internal/domain/auth/usecase/auth/commands.go:168.36,175.67 4 1
github.com/m11ano/budget_planner/backend/auth/internal/domain/auth/usecase/auth/commands.go:175.67,181.17 3 1
github.com/m11ano/budget_planner/backend/auth/internal/domain/auth/usecase/auth/commands.go:181.17,182.45 1 0
github.com/m11ano/budget_planner/backend/auth/internal/domain/auth/usecase/auth/commands.go:182.45,184.5 1 0
github.com/m11ano/budget_planner/backend/auth/internal/domain/auth/usecase/auth/commands.go:185.4,185.14 1 0
github.com/m11ano/budget_planner/backend/auth/internal/domain/auth/usecase/auth/commands.go:188.3,188.59 1 1
github.com/m11ano/budget_planner/backend/auth/internal/domain/auth/usecase/auth/commands.go:188.59,190.4 1 0
github.com/m11ano/budget_planner/backend/auth/internal/domain/auth/usecase/auth/commands.go:192.3,192.65 1 1
github.com/m11ano/budget_planner/backend/auth/internal/domain/auth/usecase/auth/commands.go:192.65,194.4 1 0
github.com/m11ano/budget_planner/backend/auth/internal/domain/auth/usecase/auth/commands.go:196.3,196.56 1 1
github.com/m11ano/budget_planner/backend/auth/internal/domain/auth/usecase/auth/commands.go:196.56,198.4 1 0
github.com/m11ano/budget_planner/backend/auth/internal/domain/auth/usecase/auth/commands.go:200.3,203.17 2 1
github.com/m11ano/budget_planner/backend/auth/internal/domain/auth/usecase/auth/commands.go:203.17,204.45 1 0
github.com/m11ano/budget_planner/backend/auth/internal/domain/auth/usecase/auth/commands.go:204.45,206.5 1 0
github.com/m11ano/budget_planner/backend/auth/internal/domain/auth/usecase/auth/commands.go:207.4,207.14 1 0
github.com/m11ano/budget_planner/backend/auth/internal/domain/auth/usecase/auth/commands.go:210.3,210.42 1 1
github.com/m11ano/budget_planner/backend/auth/internal/domain/auth/usecase/auth/commands.go:210.42,212.4 1 0
github.com/m11ano/budget_planner/backend/auth/internal/domain/auth/usecase/auth/commands.go:214.3,214.39 1 1
github.com/m11ano/budget_planner/backend/auth/internal/domain/auth/usecase/auth/commands.go:214.39,216.4 1 0
github.com/m11ano/budget_planner/backend/auth/internal/domain/auth/usecase/auth/commands.go:218.3,221.17 3 1
github.com/m11ano/budget_planner/backend/auth/internal/domain/auth/usecase/auth/commands.go:221.17,223.4 1 0
github.com/m11ano/budget_planner/backend/auth/internal/domain/auth/usecase/auth/commands.go:225.3,230.17 5 1
github.com/m11ano/budget_planner/backend/auth/internal/domain/auth/usecase/auth/commands.go:230.17,232.4 1 0
github.com/m11ano/budget_planner/backend/auth/internal/domain/auth/usecase/auth/commands.go:234.3,234.13 1 1
github.com/m11ano/budget_planner/backend/auth/internal/domain/auth/usecase/auth/commands.go:236.2,236.16 1 1
github.com/m11ano/budget_planner/backend/auth/internal/domain/auth/usecase/auth/commands.go:236.16,238.3 1 0
github.com/m11ano/budget_planner/backend/auth/internal/domain/auth/usecase/auth/commands.go:240.2,249.17 3 1
github.com/m11ano/budget_planner/backend/auth/internal/domain/auth/usecase/auth/helpers.go:13.96,23.2 1 2
github.com/m11ano/budget_planner/backend/auth/internal/domain/auth/usecase/auth/helpers.go:31.29,43.2 1 2
github.com/m11ano/budget_planner/backend/auth/internal/domain/auth/usecase/auth/impl.go:27.16,38.2 2 8
github.com/m11ano/budget_planner/backend/auth/internal/domain/auth/usecase/auth/queries.go:14.17,18.16 3 3
github.com/m11ano/budget_planner/backend/auth/internal/domain/auth/usecase/auth/queries.go:18.16,19.44 1 1
github.com/m11ano/budget_planner/backend/auth/internal/domain/auth/usecase/auth/queries.go:19.44,21.4 1 1
github.com/m11ano/budget_planner/backend/auth/internal/domain/auth/usecase/auth/queries.go:22.3,22.59 1 0
github.com/m11ano/budget_planner/backend/auth/internal/domain/auth/usecase/auth/queries.go:25.2,26.16 2 2
github.com/m11ano/budget_planner/backend/auth/internal/domain/auth/usecase/auth/queries.go:26.16,28.3 1 0
github.com/m11ano/budget_planner/backend/auth/internal/domain/auth/usecase/auth/queries.go:30.2,30.69 1 2
github.com/m11ano/budget_planner/backend/auth/internal/domain/auth/usecase/auth/queries.go:30.69,32.3 1 1
github.com/m11ano/budget_planner/backend/auth/internal/domain/auth/usecase/auth/queries.go:34.2,34.18 1 1
