mode: atomic
github.com/m11ano/budget_planner/backend/ledger/internal/app/fxboot/backend_app.go:23.74,26.45 1 0
github.com/m11ano/budget_planner/backend/ledger/internal/app/fxboot/backend_app.go:26.45,28.5 1 0
github.com/m11ano/budget_planner/backend/ledger/internal/app/fxboot/backend_app.go:33.55,35.5 1 0
github.com/m11ano/budget_planner/backend/ledger/internal/app/fxboot/backend_app.go:36.71,43.5 1 0
github.com/m11ano/budget_planner/backend/ledger/internal/app/fxboot/backend_app.go:44.78,46.5 1 0
github.com/m11ano/budget_planner/backend/ledger/internal/app/fxboot/backend_app.go:48.90,55.6 1 0
github.com/m11ano/budget_planner/backend/ledger/internal/app/fxboot/backend_app.go:58.43,60.6 1 0
github.com/m11ano/budget_planner/backend/ledger/internal/app/fxboot/backend_app.go:88.3,90.12 2 0
github.com/m11ano/budget_planner/backend/ledger/internal/app/fxboot/backend_app.go:90.12,93.17 3 0
github.com/m11ano/budget_planner/backend/ledger/internal/app/fxboot/backend_app.go:93.17,95.4 1 0
github.com/m11ano/budget_planner/backend/ledger/internal/app/fxboot/backend_app.go:98.2,99.44 1 0
github.com/m11ano/budget_planner/backend/ledger/internal/app/fxboot/backend_app.go:99.44,108.18 2 0
github.com/m11ano/budget_planner/backend/ledger/internal/app/fxboot/backend_app.go:108.18,111.5 2 0
github.com/m11ano/budget_planner/backend/ledger/internal/app/fxboot/backend_app.go:113.4,121.18 3 0
github.com/m11ano/budget_planner/backend/ledger/internal/app/fxboot/backend_app.go:121.18,124.5 2 0
github.com/m11ano/budget_planner/backend/ledger/internal/app/fxboot/backend_app.go:127.4,127.42 1 0
github.com/m11ano/budget_planner/backend/ledger/internal/app/fxboot/backend_app.go:127.42,128.42 1 0
github.com/m11ano/budget_planner/backend/ledger/internal/app/fxboot/backend_app.go:128.42,130.20 2 0
github.com/m11ano/budget_planner/backend/ledger/internal/app/fxboot/backend_app.go:130.20,133.7 2 0
github.com/m11ano/budget_planner/backend/ledger/internal/app/fxboot/backend_app.go:138.4,138.57 1 0
github.com/m11ano/budget_planner/backend/ledger/internal/app/fxboot/backend_app.go:138.57,140.5 1 0
github.com/m11ano/budget_planner/backend/ledger/internal/app/fxboot/backend_app.go:142.4,145.39 2 0
github.com/m11ano/budget_planner/backend/ledger/internal/app/fxboot/backend_app.go:145.39,147.15 2 0
github.com/m11ano/budget_planner/backend/ledger/internal/app/fxboot/backend_app.go:147.15,149.20 2 0
github.com/m11ano/budget_planner/backend/ledger/internal/app/fxboot/backend_app.go:149.20,152.7 2 0
github.com/m11ano/budget_planner/backend/ledger/internal/app/fxboot/backend_app.go:157.4,157.42 1 0
github.com/m11ano/budget_planner/backend/ledger/internal/app/fxboot/backend_app.go:157.42,158.41 1 0
github.com/m11ano/budget_planner/backend/ledger/internal/app/fxboot/backend_app.go:158.41,160.20 2 0
github.com/m11ano/budget_planner/backend/ledger/internal/app/fxboot/backend_app.go:160.20,163.7 2 0
github.com/m11ano/budget_planner/backend/ledger/internal/app/fxboot/backend_app.go:167.4,167.14 1 0
github.com/m11ano/budget_planner/backend/ledger/internal/app/fxboot/backend_app.go:169.43,170.42 1 0
github.com/m11ano/budget_planner/backend/ledger/internal/app/fxboot/backend_app.go:170.42,171.31 1 0
github.com/m11ano/budget_planner/backend/ledger/internal/app/fxboot/backend_app.go:171.31,173.20 2 0
github.com/m11ano/budget_planner/backend/ledger/internal/app/fxboot/backend_app.go:173.20,176.7 2 0
github.com/m11ano/budget_planner/backend/ledger/internal/app/fxboot/backend_app.go:181.4,181.39 1 0
github.com/m11ano/budget_planner/backend/ledger/internal/app/fxboot/backend_app.go:181.39,184.5 2 0
github.com/m11ano/budget_planner/backend/ledger/internal/app/fxboot/backend_app.go:187.4,193.14 4 0
github.com/m11ano/budget_planner/backend/ledger/internal/app/fxboot/fxboot.go:46.59,49.46 2 0
github.com/m11ano/budget_planner/backend/ledger/internal/app/fxboot/fxboot.go:49.46,51.3 1 0
github.com/m11ano/budget_planner/backend/ledger/internal/app/fxboot/fxboot.go:53.2,55.15 2 0
github.com/m11ano/budget_planner/backend/ledger/internal/domain/budget/repository/pg/budget.go:19.13,21.2 1 0
github.com/m11ano/budget_planner/backend/ledger/internal/domain/budget/repository/pg/budget.go:35.52,47.2 1 0
github.com/m11ano/budget_planner/backend/ledger/internal/domain/budget/repository/pg/budget.go:49.69,61.2 1 0
github.com/m11ano/budget_planner/backend/ledger/internal/domain/budget/repository/pg/category.go:16.13,18.2 1 0
github.com/m11ano/budget_planner/backend/ledger/internal/domain/budget/repository/pg/category.go:29.56,38.2 1 0
github.com/m11ano/budget_planner/backend/ledger/internal/domain/budget/repository/pg/category.go:40.75,49.2 1 0
github.com/m11ano/budget_planner/backend/ledger/internal/domain/budget/repository/pg/transaction.go:19.13,21.2 1 0
github.com/m11ano/budget_planner/backend/ledger/internal/domain/budget/repository/pg/transaction.go:37.62,51.2 1 0
github.com/m11ano/budget_planner/backend/ledger/internal/domain/budget/repository/pg/transaction.go:53.84,67.2 1 0
github.com/m11ano/budget_planner/backend/ledger/internal/domain/budget/repository/pg/budget/commands.go:17.77,21.16 3 0
github.com/m11ano/budget_planner/backend/ledger/internal/domain/budget/repository/pg/budget/commands.go:21.16,24.3 2 0
github.com/m11ano/budget_planner/backend/ledger/internal/domain/budget/repository/pg/budget/commands.go:26.2,27.16 2 0
github.com/m11ano/budget_planner/backend/ledger/internal/domain/budget/repository/pg/budget/commands.go:27.16,30.3 2 0
github.com/m11ano/budget_planner/backend/ledger/internal/domain/budget/repository/pg/budget/commands.go:32.2,33.16 2 0
github.com/m11ano/budget_planner/backend/ledger/internal/domain/budget/repository/pg/budget/commands.go:33.16,35.10 2 0
github.com/m11ano/budget_planner/backend/ledger/internal/domain/budget/repository/pg/budget/commands.go:35.10,37.4 1 0
github.com/m11ano/budget_planner/backend/ledger/internal/domain/budget/repository/pg/budget/commands.go:38.3,38.55 1 0
github.com/m11ano/budget_planner/backend/ledger/internal/domain/budget/repository/pg/budget/commands.go:41.2,41.12 1 0
github.com/m11ano/budget_planner/backend/ledger/internal/domain/budget/repository/pg/budget/commands.go:44.77,51.16 5 0
github.com/m11ano/budget_planner/backend/ledger/internal/domain/budget/repository/pg/budget/commands.go:51.16,54.3 2 0
github.com/m11ano/budget_planner/backend/ledger/internal/domain/budget/repository/pg/budget/commands.go:55.2,58.59 3 0
github.com/m11ano/budget_planner/backend/ledger/internal/domain/budget/repository/pg/budget/commands.go:58.59,60.17 2 0
github.com/m11ano/budget_planner/backend/ledger/internal/domain/budget/repository/pg/budget/commands.go:60.17,63.4 2 0
github.com/m11ano/budget_planner/backend/ledger/internal/domain/budget/repository/pg/budget/commands.go:65.3,67.17 3 0
github.com/m11ano/budget_planner/backend/ledger/internal/domain/budget/repository/pg/budget/commands.go:67.17,69.11 2 0
github.com/m11ano/budget_planner/backend/ledger/internal/domain/budget/repository/pg/budget/commands.go:69.11,71.5 1 0
github.com/m11ano/budget_planner/backend/ledger/internal/domain/budget/repository/pg/budget/commands.go:72.4,72.56 1 0
github.com/m11ano/budget_planner/backend/ledger/internal/domain/budget/repository/pg/budget/commands.go:75.3,77.17 2 0
github.com/m11ano/budget_planner/backend/ledger/internal/domain/budget/repository/pg/budget/commands.go:77.17,80.4 2 0
github.com/m11ano/budget_planner/backend/ledger/internal/domain/budget/repository/pg/budget/commands.go:82.3,83.17 2 0
github.com/m11ano/budget_planner/backend/ledger/internal/domain/budget/repository/pg/budget/commands.go:83.17,85.11 2 0
github.com/m11ano/budget_planner/backend/ledger/internal/domain/budget/repository/pg/budget/commands.go:85.11,87.5 1 0
github.com/m11ano/budget_planner/backend/ledger/internal/domain/budget/repository/pg/budget/commands.go:88.4,88.56 1 0
github.com/m11ano/budget_planner/backend/ledger/internal/domain/budget/repository/pg/budget/commands.go:91.3,91.33 1 0
github.com/m11ano/budget_planner/backend/ledger/internal/domain/budget/repository/pg/budget/commands.go:91.33,93.4 1 0
github.com/m11ano/budget_planner/backend/ledger/internal/domain/budget/repository/pg/budget/commands.go:95.3,97.13 2 0
github.com/m11ano/budget_planner/backend/ledger/internal/domain/budget/repository/pg/budget/commands.go:99.2,99.16 1 0
github.com/m11ano/budget_planner/backend/ledger/internal/domain/budget/repository/pg/budget/commands.go:99.16,101.3 1 0
github.com/m11ano/budget_planner/backend/ledger/internal/domain/budget/repository/pg/budget/commands.go:103.2,103.12 1 0
github.com/m11ano/budget_planner/backend/ledger/internal/domain/budget/repository/pg/budget/queries.go:18.119,19.15 1 0
github.com/m11ano/budget_planner/backend/ledger/internal/domain/budget/repository/pg/budget/queries.go:19.15,20.19 1 0
github.com/m11ano/budget_planner/backend/ledger/internal/domain/budget/repository/pg/budget/queries.go:20.19,22.4 1 0
github.com/m11ano/budget_planner/backend/ledger/internal/domain/budget/repository/pg/budget/queries.go:25.2,25.24 1 0
github.com/m11ano/budget_planner/backend/ledger/internal/domain/budget/repository/pg/budget/queries.go:25.24,27.3 1 0
github.com/m11ano/budget_planner/backend/ledger/internal/domain/budget/repository/pg/budget/queries.go:29.2,29.40 1 0
github.com/m11ano/budget_planner/backend/ledger/internal/domain/budget/repository/pg/budget/queries.go:29.40,31.3 1 0
github.com/m11ano/budget_planner/backend/ledger/internal/domain/budget/repository/pg/budget/queries.go:33.2,33.37 1 0
github.com/m11ano/budget_planner/backend/ledger/internal/domain/budget/repository/pg/budget/queries.go:33.37,35.3 1 0
github.com/m11ano/budget_planner/backend/ledger/internal/domain/budget/repository/pg/budget/queries.go:37.2,37.41 1 0
github.com/m11ano/budget_planner/backend/ledger/internal/domain/budget/repository/pg/budget/queries.go:37.41,39.3 1 0
github.com/m11ano/budget_planner/backend/ledger/internal/domain/budget/repository/pg/budget/queries.go:41.2,41.41 1 0
github.com/m11ano/budget_planner/backend/ledger/internal/domain/budget/repository/pg/budget/queries.go:41.41,43.3 1 0
github.com/m11ano/budget_planner/backend/ledger/internal/domain/budget/repository/pg/budget/queries.go:45.2,45.39 1 0
github.com/m11ano/budget_planner/backend/ledger/internal/domain/budget/repository/pg/budget/queries.go:45.39,47.3 1 0
github.com/m11ano/budget_planner/backend/ledger/internal/domain/budget/repository/pg/budget/queries.go:49.2,49.14 1 0
github.com/m11ano/budget_planner/backend/ledger/internal/domain/budget/repository/pg/budget/queries.go:52.88,53.54 1 0
github.com/m11ano/budget_planner/backend/ledger/internal/domain/budget/repository/pg/budget/queries.go:53.54,55.3 1 0
github.com/m11ano/budget_planner/backend/ledger/internal/domain/budget/repository/pg/budget/queries.go:57.2,59.46 2 0
github.com/m11ano/budget_planner/backend/ledger/internal/domain/budget/repository/pg/budget/queries.go:59.46,60.27 1 0
github.com/m11ano/budget_planner/backend/ledger/internal/domain/budget/repository/pg/budget/queries.go:61.49,62.25 1 0
github.com/m11ano/budget_planner/backend/ledger/internal/domain/budget/repository/pg/budget/queries.go:62.25,64.5 1 0
github.com/m11ano/budget_planner/backend/ledger/internal/domain/budget/repository/pg/budget/queries.go:64.10,66.5 1 0
github.com/m11ano/budget_planner/backend/ledger/internal/domain/budget/repository/pg/budget/queries.go:67.52,68.25 1 0
github.com/m11ano/budget_planner/backend/ledger/internal/domain/budget/repository/pg/budget/queries.go:68.25,70.5 1 0
github.com/m11ano/budget_planner/backend/ledger/internal/domain/budget/repository/pg/budget/queries.go:70.10,72.5 1 0
github.com/m11ano/budget_planner/backend/ledger/internal/domain/budget/repository/pg/budget/queries.go:76.2,76.13 1 0
github.com/m11ano/budget_planner/backend/ledger/internal/domain/budget/repository/pg/budget/queries.go:83.29,95.19 7 0
github.com/m11ano/budget_planner/backend/ledger/internal/domain/budget/repository/pg/budget/queries.go:95.19,97.3 1 0
github.com/m11ano/budget_planner/backend/ledger/internal/domain/budget/repository/pg/budget/queries.go:99.2,99.24 1 0
github.com/m11ano/budget_planner/backend/ledger/internal/domain/budget/repository/pg/budget/queries.go:99.24,100.38 1 0
github.com/m11ano/budget_planner/backend/ledger/internal/domain/budget/repository/pg/budget/queries.go:100.38,102.4 1 0
github.com/m11ano/budget_planner/backend/ledger/internal/domain/budget/repository/pg/budget/queries.go:102.9,102.35 1 0
github.com/m11ano/budget_planner/backend/ledger/internal/domain/budget/repository/pg/budget/queries.go:102.35,104.4 1 0
github.com/m11ano/budget_planner/backend/ledger/internal/domain/budget/repository/pg/budget/queries.go:104.9,104.34 1 0
github.com/m11ano/budget_planner/backend/ledger/internal/domain/budget/repository/pg/budget/queries.go:104.34,106.4 1 0
github.com/m11ano/budget_planner/backend/ledger/internal/domain/budget/repository/pg/budget/queries.go:108.3,108.28 1 0
github.com/m11ano/budget_planner/backend/ledger/internal/domain/budget/repository/pg/budget/queries.go:108.28,110.4 1 0
github.com/m11ano/budget_planner/backend/ledger/internal/domain/budget/repository/pg/budget/queries.go:112.3,112.29 1 0
github.com/m11ano/budget_planner/backend/ledger/internal/domain/budget/repository/pg/budget/queries.go:112.29,114.4 1 0
github.com/m11ano/budget_planner/backend/ledger/internal/domain/budget/repository/pg/budget/queries.go:117.2,118.16 2 0
github.com/m11ano/budget_planner/backend/ledger/internal/domain/budget/repository/pg/budget/queries.go:118.16,121.3 2 0
github.com/m11ano/budget_planner/backend/ledger/internal/domain/budget/repository/pg/budget/queries.go:123.2,124.16 2 0
github.com/m11ano/budget_planner/backend/ledger/internal/domain/budget/repository/pg/budget/queries.go:124.16,126.10 2 0
github.com/m11ano/budget_planner/backend/ledger/internal/domain/budget/repository/pg/budget/queries.go:126.10,128.4 1 0
github.com/m11ano/budget_planner/backend/ledger/internal/domain/budget/repository/pg/budget/queries.go:129.3,129.60 1 0
github.com/m11ano/budget_planner/backend/ledger/internal/domain/budget/repository/pg/budget/queries.go:132.2,136.55 3 0
github.com/m11ano/budget_planner/backend/ledger/internal/domain/budget/repository/pg/budget/queries.go:136.55,138.10 2 0
github.com/m11ano/budget_planner/backend/ledger/internal/domain/budget/repository/pg/budget/queries.go:138.10,140.4 1 0
github.com/m11ano/budget_planner/backend/ledger/internal/domain/budget/repository/pg/budget/queries.go:141.3,141.60 1 0
github.com/m11ano/budget_planner/backend/ledger/internal/domain/budget/repository/pg/budget/queries.go:144.2,145.32 2 0
github.com/m11ano/budget_planner/backend/ledger/internal/domain/budget/repository/pg/budget/queries.go:145.32,147.3 1 0
github.com/m11ano/budget_planner/backend/ledger/internal/domain/budget/repository/pg/budget/queries.go:149.2,149.20 1 0
github.com/m11ano/budget_planner/backend/ledger/internal/domain/budget/repository/pg/budget/queries.go:156.37,168.19 7 0
github.com/m11ano/budget_planner/backend/ledger/internal/domain/budget/repository/pg/budget/queries.go:168.19,170.3 1 0
github.com/m11ano/budget_planner/backend/ledger/internal/domain/budget/repository/pg/budget/queries.go:172.2,172.24 1 0
github.com/m11ano/budget_planner/backend/ledger/internal/domain/budget/repository/pg/budget/queries.go:172.24,173.38 1 0
github.com/m11ano/budget_planner/backend/ledger/internal/domain/budget/repository/pg/budget/queries.go:173.38,175.4 1 0
github.com/m11ano/budget_planner/backend/ledger/internal/domain/budget/repository/pg/budget/queries.go:175.9,175.35 1 0
github.com/m11ano/budget_planner/backend/ledger/internal/domain/budget/repository/pg/budget/queries.go:175.35,177.4 1 0
github.com/m11ano/budget_planner/backend/ledger/internal/domain/budget/repository/pg/budget/queries.go:177.9,177.34 1 0
github.com/m11ano/budget_planner/backend/ledger/internal/domain/budget/repository/pg/budget/queries.go:177.34,179.4 1 0
github.com/m11ano/budget_planner/backend/ledger/internal/domain/budget/repository/pg/budget/queries.go:181.3,181.28 1 0
github.com/m11ano/budget_planner/backend/ledger/internal/domain/budget/repository/pg/budget/queries.go:181.28,183.4 1 0
github.com/m11ano/budget_planner/backend/ledger/internal/domain/budget/repository/pg/budget/queries.go:185.3,185.29 1 0
github.com/m11ano/budget_planner/backend/ledger/internal/domain/budget/repository/pg/budget/queries.go:185.29,187.4 1 0
github.com/m11ano/budget_planner/backend/ledger/internal/domain/budget/repository/pg/budget/queries.go:190.2,191.16 2 0
github.com/m11ano/budget_planner/backend/ledger/internal/domain/budget/repository/pg/budget/queries.go:191.16,194.3 2 0
github.com/m11ano/budget_planner/backend/ledger/internal/domain/budget/repository/pg/budget/queries.go:196.2,198.16 3 0
github.com/m11ano/budget_planner/backend/ledger/internal/domain/budget/repository/pg/budget/queries.go:198.16,201.3 2 0
github.com/m11ano/budget_planner/backend/ledger/internal/domain/budget/repository/pg/budget/queries.go:203.2,206.59 3 0
github.com/m11ano/budget_planner/backend/ledger/internal/domain/budget/repository/pg/budget/queries.go:206.59,208.17 2 0
github.com/m11ano/budget_planner/backend/ledger/internal/domain/budget/repository/pg/budget/queries.go:208.17,210.11 2 0
github.com/m11ano/budget_planner/backend/ledger/internal/domain/budget/repository/pg/budget/queries.go:210.11,212.5 1 0
github.com/m11ano/budget_planner/backend/ledger/internal/domain/budget/repository/pg/budget/queries.go:213.4,213.56 1 0
github.com/m11ano/budget_planner/backend/ledger/internal/domain/budget/repository/pg/budget/queries.go:216.3,220.56 3 0
github.com/m11ano/budget_planner/backend/ledger/internal/domain/budget/repository/pg/budget/queries.go:220.56,222.11 2 0
github.com/m11ano/budget_planner/backend/ledger/internal/domain/budget/repository/pg/budget/queries.go:222.11,224.5 1 0
github.com/m11ano/budget_planner/backend/ledger/internal/domain/budget/repository/pg/budget/queries.go:225.4,225.56 1 0
github.com/m11ano/budget_planner/backend/ledger/internal/domain/budget/repository/pg/budget/queries.go:228.3,229.33 2 0
github.com/m11ano/budget_planner/backend/ledger/internal/domain/budget/repository/pg/budget/queries.go:229.33,231.4 1 0
github.com/m11ano/budget_planner/backend/ledger/internal/domain/budget/repository/pg/budget/queries.go:233.3,234.42 2 0
github.com/m11ano/budget_planner/backend/ledger/internal/domain/budget/repository/pg/budget/queries.go:234.42,236.11 2 0
github.com/m11ano/budget_planner/backend/ledger/internal/domain/budget/repository/pg/budget/queries.go:236.11,238.5 1 0
github.com/m11ano/budget_planner/backend/ledger/internal/domain/budget/repository/pg/budget/queries.go:239.4,239.56 1 0
github.com/m11ano/budget_planner/backend/ledger/internal/domain/budget/repository/pg/budget/queries.go:242.3,242.13 1 0
github.com/m11ano/budget_planner/backend/ledger/internal/domain/budget/repository/pg/budget/queries.go:244.2,244.16 1 0
github.com/m11ano/budget_planner/backend/ledger/internal/domain/budget/repository/pg/budget/queries.go:244.16,246.3 1 0
github.com/m11ano/budget_planner/backend/ledger/internal/domain/budget/repository/pg/budget/queries.go:248.2,248.27 1 0
github.com/m11ano/budget_planner/backend/ledger/internal/domain/budget/repository/pg/budget/queries.go:255.27,264.18 4 0
github.com/m11ano/budget_planner/backend/ledger/internal/domain/budget/repository/pg/budget/queries.go:264.18,266.3 1 0
github.com/m11ano/budget_planner/backend/ledger/internal/domain/budget/repository/pg/budget/queries.go:268.2,270.24 2 0
github.com/m11ano/budget_planner/backend/ledger/internal/domain/budget/repository/pg/budget/queries.go:270.24,271.38 1 0
github.com/m11ano/budget_planner/backend/ledger/internal/domain/budget/repository/pg/budget/queries.go:271.38,273.4 1 0
github.com/m11ano/budget_planner/backend/ledger/internal/domain/budget/repository/pg/budget/queries.go:273.9,273.35 1 0
github.com/m11ano/budget_planner/backend/ledger/internal/domain/budget/repository/pg/budget/queries.go:273.35,275.4 1 0
github.com/m11ano/budget_planner/backend/ledger/internal/domain/budget/repository/pg/budget/queries.go:275.9,275.34 1 0
github.com/m11ano/budget_planner/backend/ledger/internal/domain/budget/repository/pg/budget/queries.go:275.34,277.4 1 0
github.com/m11ano/budget_planner/backend/ledger/internal/domain/budget/repository/pg/budget/queries.go:280.2,281.16 2 0
github.com/m11ano/budget_planner/backend/ledger/internal/domain/budget/repository/pg/budget/queries.go:281.16,284.3 2 0
github.com/m11ano/budget_planner/backend/ledger/internal/domain/budget/repository/pg/budget/queries.go:286.2,287.16 2 0
github.com/m11ano/budget_planner/backend/ledger/internal/domain/budget/repository/pg/budget/queries.go:287.16,289.10 2 0
github.com/m11ano/budget_planner/backend/ledger/internal/domain/budget/repository/pg/budget/queries.go:289.10,291.4 1 0
github.com/m11ano/budget_planner/backend/ledger/internal/domain/budget/repository/pg/budget/queries.go:292.3,292.60 1 0
github.com/m11ano/budget_planner/backend/ledger/internal/domain/budget/repository/pg/budget/queries.go:295.2,299.54 3 0
github.com/m11ano/budget_planner/backend/ledger/internal/domain/budget/repository/pg/budget/queries.go:299.54,301.10 2 0
github.com/m11ano/budget_planner/backend/ledger/internal/domain/budget/repository/pg/budget/queries.go:301.10,303.4 1 0
github.com/m11ano/budget_planner/backend/ledger/internal/domain/budget/repository/pg/budget/queries.go:304.3,304.60 1 0
github.com/m11ano/budget_planner/backend/ledger/internal/domain/budget/repository/pg/budget/queries.go:307.2,307.31 1 0
github.com/m11ano/budget_planner/backend/ledger/internal/domain/budget/repository/pg/budget/repository.go:17.79,24.2 1 0
github.com/m11ano/budget_planner/backend/ledger/cmd/main.go:10.13,20.2 4 0
github.com/m11ano/budget_planner/backend/ledger/internal/delivery/grpc/controller/add_budget.go:15.114,19.21 3 0
github.com/m11ano/budget_planner/backend/ledger/internal/delivery/grpc/controller/add_budget.go:19.21,21.3 1 0
github.com/m11ano/budget_planner/backend/ledger/internal/delivery/grpc/controller/add_budget.go:23.2,24.16 2 0
github.com/m11ano/budget_planner/backend/ledger/internal/delivery/grpc/controller/add_budget.go:24.16,26.3 1 0
github.com/m11ano/budget_planner/backend/ledger/internal/delivery/grpc/controller/add_budget.go:28.2,31.16 2 0
github.com/m11ano/budget_planner/backend/ledger/internal/delivery/grpc/controller/add_budget.go:31.16,33.3 1 0
github.com/m11ano/budget_planner/backend/ledger/internal/delivery/grpc/controller/add_budget.go:35.2,44.16 2 0
github.com/m11ano/budget_planner/backend/ledger/internal/delivery/grpc/controller/add_budget.go:44.16,46.3 1 0
github.com/m11ano/budget_planner/backend/ledger/internal/delivery/grpc/controller/add_budget.go:48.2,52.17 2 0
github.com/m11ano/budget_planner/backend/ledger/internal/delivery/grpc/controller/add_transaction.go:15.129,19.21 3 0
github.com/m11ano/budget_planner/backend/ledger/internal/delivery/grpc/controller/add_transaction.go:19.21,21.3 1 0
github.com/m11ano/budget_planner/backend/ledger/internal/delivery/grpc/controller/add_transaction.go:23.2,24.16 2 0
github.com/m11ano/budget_planner/backend/ledger/internal/delivery/grpc/controller/add_transaction.go:24.16,26.3 1 0
github.com/m11ano/budget_planner/backend/ledger/internal/delivery/grpc/controller/add_transaction.go:28.2,31.16 2 0
github.com/m11ano/budget_planner/backend/ledger/internal/delivery/grpc/controller/add_transaction.go:31.16,33.3 1 0
github.com/m11ano/budget_planner/backend/ledger/internal/delivery/grpc/controller/add_transaction.go:35.2,46.16 2 0
github.com/m11ano/budget_planner/backend/ledger/internal/delivery/grpc/controller/add_transaction.go:46.16,48.3 1 0
github.com/m11ano/budget_planner/backend/ledger/internal/delivery/grpc/controller/add_transaction.go:50.2,54.17 2 0
github.com/m11ano/budget_planner/backend/ledger/internal/delivery/grpc/controller/controller.go:24.3,33.2 2 0
github.com/m11ano/budget_planner/backend/ledger/internal/delivery/grpc/controller/csv_export_transactions.go:18.48,22.21 3 0
github.com/m11ano/budget_planner/backend/ledger/internal/delivery/grpc/controller/csv_export_transactions.go:22.21,24.3 1 0
github.com/m11ano/budget_planner/backend/ledger/internal/delivery/grpc/controller/csv_export_transactions.go:26.2,26.19 1 0
github.com/m11ano/budget_planner/backend/ledger/internal/delivery/grpc/controller/csv_export_transactions.go:26.19,28.3 1 0
github.com/m11ano/budget_planner/backend/ledger/internal/delivery/grpc/controller/csv_export_transactions.go:30.2,30.21 1 0
github.com/m11ano/budget_planner/backend/ledger/internal/delivery/grpc/controller/csv_export_transactions.go:30.21,32.3 1 0
github.com/m11ano/budget_planner/backend/ledger/internal/delivery/grpc/controller/csv_export_transactions.go:34.2,48.37 2 0
github.com/m11ano/budget_planner/backend/ledger/internal/delivery/grpc/controller/csv_export_transactions.go:48.37,57.17 2 0
github.com/m11ano/budget_planner/backend/ledger/internal/delivery/grpc/controller/csv_export_transactions.go:57.17,60.4 1 0
github.com/m11ano/budget_planner/backend/ledger/internal/delivery/grpc/controller/csv_export_transactions.go:62.3,62.48 1 0
github.com/m11ano/budget_planner/backend/ledger/internal/delivery/grpc/controller/csv_export_transactions.go:65.2,65.35 1 0
github.com/m11ano/budget_planner/backend/ledger/internal/delivery/grpc/controller/csv_export_transactions.go:65.35,74.17 2 0
github.com/m11ano/budget_planner/backend/ledger/internal/delivery/grpc/controller/csv_export_transactions.go:74.17,77.4 1 0
github.com/m11ano/budget_planner/backend/ledger/internal/delivery/grpc/controller/csv_export_transactions.go:79.3,79.46 1 0
github.com/m11ano/budget_planner/backend/ledger/internal/delivery/grpc/controller/csv_export_transactions.go:82.2,90.16 2 0
github.com/m11ano/budget_planner/backend/ledger/internal/delivery/grpc/controller/csv_export_transactions.go:90.16,92.3 1 0
github.com/m11ano/budget_planner/backend/ledger/internal/delivery/grpc/controller/csv_export_transactions.go:94.2,99.17 2 0
github.com/m11ano/budget_planner/backend/ledger/internal/delivery/grpc/controller/csv_import_transactions.go:14.48,18.21 3 0
github.com/m11ano/budget_planner/backend/ledger/internal/delivery/grpc/controller/csv_import_transactions.go:18.21,20.3 1 0
github.com/m11ano/budget_planner/backend/ledger/internal/delivery/grpc/controller/csv_import_transactions.go:22.2,27.16 2 0
github.com/m11ano/budget_planner/backend/ledger/internal/delivery/grpc/controller/csv_import_transactions.go:27.16,29.3 1 0
github.com/m11ano/budget_planner/backend/ledger/internal/delivery/grpc/controller/csv_import_transactions.go:31.2,31.51 1 0
github.com/m11ano/budget_planner/backend/ledger/internal/delivery/grpc/controller/delete_budget.go:12.123,16.21 3 0
github.com/m11ano/budget_planner/backend/ledger/internal/delivery/grpc/controller/delete_budget.go:16.21,18.3 1 0
github.com/m11ano/budget_planner/backend/ledger/internal/delivery/grpc/controller/delete_budget.go:20.2,21.16 2 0
github.com/m11ano/budget_planner/backend/ledger/internal/delivery/grpc/controller/delete_budget.go:21.16,23.3 1 0
github.com/m11ano/budget_planner/backend/ledger/internal/delivery/grpc/controller/delete_budget.go:25.2,29.16 2 0
github.com/m11ano/budget_planner/backend/ledger/internal/delivery/grpc/controller/delete_budget.go:29.16,31.3 1 0
github.com/m11ano/budget_planner/backend/ledger/internal/delivery/grpc/controller/delete_budget.go:33.2,33.42 1 0
github.com/m11ano/budget_planner/backend/ledger/internal/delivery/grpc/controller/delete_transaction.go:15.44,19.21 3 0
github.com/m11ano/budget_planner/backend/ledger/internal/delivery/grpc/controller/delete_transaction.go:19.21,21.3 1 0
github.com/m11ano/budget_planner/backend/ledger/internal/delivery/grpc/controller/delete_transaction.go:23.2,24.16 2 0
github.com/m11ano/budget_planner/backend/ledger/internal/delivery/grpc/controller/delete_transaction.go:24.16,26.3 1 0
github.com/m11ano/budget_planner/backend/ledger/internal/delivery/grpc/controller/delete_transaction.go:28.2,32.16 2 0
github.com/m11ano/budget_planner/backend/ledger/internal/delivery/grpc/controller/delete_transaction.go:32.16,34.3 1 0
github.com/m11ano/budget_planner/backend/ledger/internal/delivery/grpc/controller/delete_transaction.go:36.2,36.47 1 0
github.com/m11ano/budget_planner/backend/ledger/internal/delivery/grpc/controller/dto.go:10.77,26.2 1 0
github.com/m11ano/budget_planner/backend/ledger/internal/delivery/grpc/controller/dto.go:28.62,41.2 1 0
github.com/m11ano/budget_planner/backend/ledger/internal/delivery/grpc/controller/dto.go:43.73,58.37 2 0
github.com/m11ano/budget_planner/backend/ledger/internal/delivery/grpc/controller/dto.go:58.37,63.22 2 0
github.com/m11ano/budget_planner/backend/ledger/internal/delivery/grpc/controller/dto.go:63.22,65.4 1 0
github.com/m11ano/budget_planner/backend/ledger/internal/delivery/grpc/controller/dto.go:67.3,68.39 2 0
github.com/m11ano/budget_planner/backend/ledger/internal/delivery/grpc/controller/dto.go:68.39,70.4 1 0
github.com/m11ano/budget_planner/backend/ledger/internal/delivery/grpc/controller/dto.go:72.3,72.31 1 0
github.com/m11ano/budget_planner/backend/ledger/internal/delivery/grpc/controller/dto.go:72.31,74.4 1 0
github.com/m11ano/budget_planner/backend/ledger/internal/delivery/grpc/controller/dto.go:76.3,76.59 1 0
github.com/m11ano/budget_planner/backend/ledger/internal/delivery/grpc/controller/dto.go:79.2,79.21 1 0
github.com/m11ano/budget_planner/backend/ledger/internal/delivery/grpc/controller/get_budget.go:12.114,16.21 3 0
github.com/m11ano/budget_planner/backend/ledger/internal/delivery/grpc/controller/get_budget.go:16.21,18.3 1 0
github.com/m11ano/budget_planner/backend/ledger/internal/delivery/grpc/controller/get_budget.go:20.2,21.16 2 0
github.com/m11ano/budget_planner/backend/ledger/internal/delivery/grpc/controller/get_budget.go:21.16,23.3 1 0
github.com/m11ano/budget_planner/backend/ledger/internal/delivery/grpc/controller/get_budget.go:25.2,26.16 2 0
github.com/m11ano/budget_planner/backend/ledger/internal/delivery/grpc/controller/get_budget.go:26.16,28.3 1 0
github.com/m11ano/budget_planner/backend/ledger/internal/delivery/grpc/controller/get_budget.go:30.2,35.17 2 0
github.com/m11ano/budget_planner/backend/ledger/internal/delivery/grpc/controller/get_transaction.go:14.41,18.16 3 0
github.com/m11ano/budget_planner/backend/ledger/internal/delivery/grpc/controller/get_transaction.go:18.16,20.3 1 0
github.com/m11ano/budget_planner/backend/ledger/internal/delivery/grpc/controller/get_transaction.go:22.2,23.16 2 0
github.com/m11ano/budget_planner/backend/ledger/internal/delivery/grpc/controller/get_transaction.go:23.16,25.3 1 0
github.com/m11ano/budget_planner/backend/ledger/internal/delivery/grpc/controller/get_transaction.go:27.2,31.17 2 0
github.com/m11ano/budget_planner/backend/ledger/internal/delivery/grpc/controller/helpers.go:9.60,10.14 1 0
github.com/m11ano/budget_planner/backend/ledger/internal/delivery/grpc/controller/helpers.go:10.14,12.3 1 0
github.com/m11ano/budget_planner/backend/ledger/internal/delivery/grpc/controller/helpers.go:13.2,13.28 1 0
github.com/m11ano/budget_planner/backend/ledger/internal/delivery/grpc/controller/list_budgets.go:18.38,22.21 3 0
github.com/m11ano/budget_planner/backend/ledger/internal/delivery/grpc/controller/list_budgets.go:22.21,24.3 1 0
github.com/m11ano/budget_planner/backend/ledger/internal/delivery/grpc/controller/list_budgets.go:26.2,26.19 1 0
github.com/m11ano/budget_planner/backend/ledger/internal/delivery/grpc/controller/list_budgets.go:26.19,28.3 1 0
github.com/m11ano/budget_planner/backend/ledger/internal/delivery/grpc/controller/list_budgets.go:30.2,30.21 1 0
github.com/m11ano/budget_planner/backend/ledger/internal/delivery/grpc/controller/list_budgets.go:30.21,32.3 1 0
github.com/m11ano/budget_planner/backend/ledger/internal/delivery/grpc/controller/list_budgets.go:34.2,44.33 2 0
github.com/m11ano/budget_planner/backend/ledger/internal/delivery/grpc/controller/list_budgets.go:44.33,53.17 2 0
github.com/m11ano/budget_planner/backend/ledger/internal/delivery/grpc/controller/list_budgets.go:53.17,56.4 1 0
github.com/m11ano/budget_planner/backend/ledger/internal/delivery/grpc/controller/list_budgets.go:58.3,58.44 1 0
github.com/m11ano/budget_planner/backend/ledger/internal/delivery/grpc/controller/list_budgets.go:61.2,61.31 1 0
github.com/m11ano/budget_planner/backend/ledger/internal/delivery/grpc/controller/list_budgets.go:61.31,70.17 2 0
github.com/m11ano/budget_planner/backend/ledger/internal/delivery/grpc/controller/list_budgets.go:70.17,73.4 1 0
github.com/m11ano/budget_planner/backend/ledger/internal/delivery/grpc/controller/list_budgets.go:75.3,75.42 1 0
github.com/m11ano/budget_planner/backend/ledger/internal/delivery/grpc/controller/list_budgets.go:78.2,86.16 2 0
github.com/m11ano/budget_planner/backend/ledger/internal/delivery/grpc/controller/list_budgets.go:86.16,88.3 1 0
github.com/m11ano/budget_planner/backend/ledger/internal/delivery/grpc/controller/list_budgets.go:90.2,96.29 2 0
github.com/m11ano/budget_planner/backend/ledger/internal/delivery/grpc/controller/list_budgets.go:96.29,98.3 1 0
github.com/m11ano/budget_planner/backend/ledger/internal/delivery/grpc/controller/list_budgets.go:100.2,100.17 1 0
github.com/m11ano/budget_planner/backend/ledger/internal/delivery/grpc/controller/list_categories.go:12.129,27.16 3 0
github.com/m11ano/budget_planner/backend/ledger/internal/delivery/grpc/controller/list_categories.go:27.16,29.3 1 0
github.com/m11ano/budget_planner/backend/ledger/internal/delivery/grpc/controller/list_categories.go:31.2,35.29 2 0
github.com/m11ano/budget_planner/backend/ledger/internal/delivery/grpc/controller/list_categories.go:35.29,40.3 1 0
github.com/m11ano/budget_planner/backend/ledger/internal/delivery/grpc/controller/list_categories.go:42.2,42.17 1 0
github.com/m11ano/budget_planner/backend/ledger/internal/delivery/grpc/controller/list_reports.go:17.38,21.21 3 0
github.com/m11ano/budget_planner/backend/ledger/internal/delivery/grpc/controller/list_reports.go:21.21,23.3 1 0
github.com/m11ano/budget_planner/backend/ledger/internal/delivery/grpc/controller/list_reports.go:25.2,29.25 2 0
github.com/m11ano/budget_planner/backend/ledger/internal/delivery/grpc/controller/list_reports.go:29.25,38.17 2 0
github.com/m11ano/budget_planner/backend/ledger/internal/delivery/grpc/controller/list_reports.go:38.17,41.4 1 0
github.com/m11ano/budget_planner/backend/ledger/internal/delivery/grpc/controller/list_reports.go:43.3,43.31 1 0
github.com/m11ano/budget_planner/backend/ledger/internal/delivery/grpc/controller/list_reports.go:46.2,46.23 1 0
github.com/m11ano/budget_planner/backend/ledger/internal/delivery/grpc/controller/list_reports.go:46.23,55.17 2 0
github.com/m11ano/budget_planner/backend/ledger/internal/delivery/grpc/controller/list_reports.go:55.17,58.4 1 0
github.com/m11ano/budget_planner/backend/ledger/internal/delivery/grpc/controller/list_reports.go:60.3,60.29 1 0
github.com/m11ano/budget_planner/backend/ledger/internal/delivery/grpc/controller/list_reports.go:63.2,67.16 2 0
github.com/m11ano/budget_planner/backend/ledger/internal/delivery/grpc/controller/list_reports.go:67.16,69.3 1 0
github.com/m11ano/budget_planner/backend/ledger/internal/delivery/grpc/controller/list_reports.go:71.2,76.29 2 0
github.com/m11ano/budget_planner/backend/ledger/internal/delivery/grpc/controller/list_reports.go:76.29,78.3 1 0
github.com/m11ano/budget_planner/backend/ledger/internal/delivery/grpc/controller/list_reports.go:80.2,80.17 1 0
github.com/m11ano/budget_planner/backend/ledger/internal/delivery/grpc/controller/list_transactions.go:18.43,22.21 3 0
github.com/m11ano/budget_planner/backend/ledger/internal/delivery/grpc/controller/list_transactions.go:22.21,24.3 1 0
github.com/m11ano/budget_planner/backend/ledger/internal/delivery/grpc/controller/list_transactions.go:26.2,26.19 1 0
github.com/m11ano/budget_planner/backend/ledger/internal/delivery/grpc/controller/list_transactions.go:26.19,28.3 1 0
github.com/m11ano/budget_planner/backend/ledger/internal/delivery/grpc/controller/list_transactions.go:30.2,30.21 1 0
github.com/m11ano/budget_planner/backend/ledger/internal/delivery/grpc/controller/list_transactions.go:30.21,32.3 1 0
github.com/m11ano/budget_planner/backend/ledger/internal/delivery/grpc/controller/list_transactions.go:34.2,48.37 2 0
github.com/m11ano/budget_planner/backend/ledger/internal/delivery/grpc/controller/list_transactions.go:48.37,57.17 2 0
github.com/m11ano/budget_planner/backend/ledger/internal/delivery/grpc/controller/list_transactions.go:57.17,60.4 1 0
github.com/m11ano/budget_planner/backend/ledger/internal/delivery/grpc/controller/list_transactions.go:62.3,62.48 1 0
github.com/m11ano/budget_planner/backend/ledger/internal/delivery/grpc/controller/list_transactions.go:65.2,65.35 1 0
github.com/m11ano/budget_planner/backend/ledger/internal/delivery/grpc/controller/list_transactions.go:65.35,74.17 2 0
github.com/m11ano/budget_planner/backend/ledger/internal/delivery/grpc/controller/list_transactions.go:74.17,77.4 1 0
github.com/m11ano/budget_planner/backend/ledger/internal/delivery/grpc/controller/list_transactions.go:79.3,79.46 1 0
github.com/m11ano/budget_planner/backend/ledger/internal/delivery/grpc/controller/list_transactions.go:82.2,90.16 2 0
github.com/m11ano/budget_planner/backend/ledger/internal/delivery/grpc/controller/list_transactions.go:90.16,92.3 1 0
github.com/m11ano/budget_planner/backend/ledger/internal/delivery/grpc/controller/list_transactions.go:94.2,99.29 2 0
github.com/m11ano/budget_planner/backend/ledger/internal/delivery/grpc/controller/list_transactions.go:99.29,101.3 1 0
github.com/m11ano/budget_planner/backend/ledger/internal/delivery/grpc/controller/list_transactions.go:103.2,103.17 1 0
github.com/m11ano/budget_planner/backend/ledger/internal/delivery/grpc/controller/patch_budget.go:18.120,22.21 3 0
github.com/m11ano/budget_planner/backend/ledger/internal/delivery/grpc/controller/patch_budget.go:22.21,24.3 1 0
github.com/m11ano/budget_planner/backend/ledger/internal/delivery/grpc/controller/patch_budget.go:26.2,27.16 2 0
github.com/m11ano/budget_planner/backend/ledger/internal/delivery/grpc/controller/patch_budget.go:27.16,29.3 1 0
github.com/m11ano/budget_planner/backend/ledger/internal/delivery/grpc/controller/patch_budget.go:31.2,33.23 2 0
github.com/m11ano/budget_planner/backend/ledger/internal/delivery/grpc/controller/patch_budget.go:33.23,35.17 2 0
github.com/m11ano/budget_planner/backend/ledger/internal/delivery/grpc/controller/patch_budget.go:35.17,37.4 1 0
github.com/m11ano/budget_planner/backend/ledger/internal/delivery/grpc/controller/patch_budget.go:39.3,39.25 1 0
github.com/m11ano/budget_planner/backend/ledger/internal/delivery/grpc/controller/patch_budget.go:42.2,42.23 1 0
github.com/m11ano/budget_planner/backend/ledger/internal/delivery/grpc/controller/patch_budget.go:42.23,46.17 2 0
github.com/m11ano/budget_planner/backend/ledger/internal/delivery/grpc/controller/patch_budget.go:46.17,49.4 1 0
github.com/m11ano/budget_planner/backend/ledger/internal/delivery/grpc/controller/patch_budget.go:51.3,51.25 1 0
github.com/m11ano/budget_planner/backend/ledger/internal/delivery/grpc/controller/patch_budget.go:54.2,54.27 1 0
github.com/m11ano/budget_planner/backend/ledger/internal/delivery/grpc/controller/patch_budget.go:54.27,56.3 1 0
github.com/m11ano/budget_planner/backend/ledger/internal/delivery/grpc/controller/patch_budget.go:58.2,64.16 2 0
github.com/m11ano/budget_planner/backend/ledger/internal/delivery/grpc/controller/patch_budget.go:64.16,66.3 1 0
github.com/m11ano/budget_planner/backend/ledger/internal/delivery/grpc/controller/patch_budget.go:68.2,71.16 2 0
github.com/m11ano/budget_planner/backend/ledger/internal/delivery/grpc/controller/patch_budget.go:71.16,73.3 1 0
github.com/m11ano/budget_planner/backend/ledger/internal/delivery/grpc/controller/patch_budget.go:75.2,79.17 2 0
github.com/m11ano/budget_planner/backend/ledger/internal/delivery/grpc/controller/patch_transaction.go:20.43,24.21 3 0
github.com/m11ano/budget_planner/backend/ledger/internal/delivery/grpc/controller/patch_transaction.go:24.21,26.3 1 0
github.com/m11ano/budget_planner/backend/ledger/internal/delivery/grpc/controller/patch_transaction.go:28.2,29.16 2 0
github.com/m11ano/budget_planner/backend/ledger/internal/delivery/grpc/controller/patch_transaction.go:29.16,31.3 1 0
github.com/m11ano/budget_planner/backend/ledger/internal/delivery/grpc/controller/patch_transaction.go:33.2,35.23 2 0
github.com/m11ano/budget_planner/backend/ledger/internal/delivery/grpc/controller/patch_transaction.go:35.23,37.17 2 0
github.com/m11ano/budget_planner/backend/ledger/internal/delivery/grpc/controller/patch_transaction.go:37.17,39.4 1 0
github.com/m11ano/budget_planner/backend/ledger/internal/delivery/grpc/controller/patch_transaction.go:41.3,41.25 1 0
github.com/m11ano/budget_planner/backend/ledger/internal/delivery/grpc/controller/patch_transaction.go:44.2,44.27 1 0
github.com/m11ano/budget_planner/backend/ledger/internal/delivery/grpc/controller/patch_transaction.go:44.27,48.17 2 0
github.com/m11ano/budget_planner/backend/ledger/internal/delivery/grpc/controller/patch_transaction.go:48.17,51.4 1 0
github.com/m11ano/budget_planner/backend/ledger/internal/delivery/grpc/controller/patch_transaction.go:53.3,53.32 1 0
github.com/m11ano/budget_planner/backend/ledger/internal/delivery/grpc/controller/patch_transaction.go:56.2,56.27 1 0
github.com/m11ano/budget_planner/backend/ledger/internal/delivery/grpc/controller/patch_transaction.go:56.27,58.3 1 0
github.com/m11ano/budget_planner/backend/ledger/internal/delivery/grpc/controller/patch_transaction.go:60.2,60.28 1 0
github.com/m11ano/budget_planner/backend/ledger/internal/delivery/grpc/controller/patch_transaction.go:60.28,62.3 1 0
github.com/m11ano/budget_planner/backend/ledger/internal/delivery/grpc/controller/patch_transaction.go:64.2,70.16 2 0
github.com/m11ano/budget_planner/backend/ledger/internal/delivery/grpc/controller/patch_transaction.go:70.16,72.3 1 0
github.com/m11ano/budget_planner/backend/ledger/internal/delivery/grpc/controller/patch_transaction.go:74.2,75.16 2 0
github.com/m11ano/budget_planner/backend/ledger/internal/delivery/grpc/controller/patch_transaction.go:75.16,77.3 1 0
github.com/m11ano/budget_planner/backend/ledger/internal/delivery/grpc/controller/patch_transaction.go:79.2,83.17 2 0
github.com/m11ano/budget_planner/backend/ledger/internal/app/config/config.go:49.41,52.29 2 0
github.com/m11ano/budget_planner/backend/ledger/internal/app/config/config.go:52.29,53.42 1 0
github.com/m11ano/budget_planner/backend/ledger/internal/app/config/config.go:53.42,55.18 2 0
github.com/m11ano/budget_planner/backend/ledger/internal/app/config/config.go:55.18,57.5 1 0
github.com/m11ano/budget_planner/backend/ledger/internal/app/config/config.go:61.2,61.15 1 0
github.com/m11ano/budget_planner/backend/ledger/internal/delivery/grpc/interceptor_auth.go:15.69,21.17 1 0
github.com/m11ano/budget_planner/backend/ledger/internal/delivery/grpc/interceptor_auth.go:21.17,23.10 2 0
github.com/m11ano/budget_planner/backend/ledger/internal/delivery/grpc/interceptor_auth.go:23.10,25.4 1 0
github.com/m11ano/budget_planner/backend/ledger/internal/delivery/grpc/interceptor_auth.go:27.3,28.28 2 0
github.com/m11ano/budget_planner/backend/ledger/internal/delivery/grpc/interceptor_auth.go:28.28,30.4 1 0
github.com/m11ano/budget_planner/backend/ledger/internal/delivery/grpc/interceptor_auth.go:32.3,35.24 3 0
github.com/m11ano/budget_planner/backend/ledger/internal/delivery/grpc/interceptor_auth.go:35.24,37.4 1 0
github.com/m11ano/budget_planner/backend/ledger/internal/delivery/grpc/interceptor_auth.go:39.3,40.17 2 0
github.com/m11ano/budget_planner/backend/ledger/internal/delivery/grpc/interceptor_auth.go:40.17,41.44 1 0
github.com/m11ano/budget_planner/backend/ledger/internal/delivery/grpc/interceptor_auth.go:41.44,43.5 1 0
github.com/m11ano/budget_planner/backend/ledger/internal/delivery/grpc/interceptor_auth.go:44.4,44.19 1 0
github.com/m11ano/budget_planner/backend/ledger/internal/delivery/grpc/interceptor_auth.go:47.3,48.17 2 0
github.com/m11ano/budget_planner/backend/ledger/internal/delivery/grpc/interceptor_auth.go:48.17,50.4 1 0
github.com/m11ano/budget_planner/backend/ledger/internal/delivery/grpc/interceptor_auth.go:52.3,56.27 3 0
github.com/m11ano/budget_planner/backend/ledger/internal/delivery/grpc/interceptor_errors.go:10.54,16.17 1 0
github.com/m11ano/budget_planner/backend/ledger/internal/delivery/grpc/interceptor_errors.go:16.17,20.3 2 0
github.com/m11ano/budget_planner/backend/ledger/internal/delivery/grpc/interceptor_logger.go:10.60,11.100 1 0
github.com/m11ano/budget_planner/backend/ledger/internal/delivery/grpc/interceptor_logger.go:11.100,13.3 1 0
github.com/m11ano/budget_planner/backend/ledger/internal/delivery/grpc/interceptor_request_id.go:19.57,25.17 1 0
github.com/m11ano/budget_planner/backend/ledger/internal/delivery/grpc/interceptor_request_id.go:25.17,27.54 2 0
github.com/m11ano/budget_planner/backend/ledger/internal/delivery/grpc/interceptor_request_id.go:27.54,28.59 1 0
github.com/m11ano/budget_planner/backend/ledger/internal/delivery/grpc/interceptor_request_id.go:28.59,30.5 1 0
github.com/m11ano/budget_planner/backend/ledger/internal/delivery/grpc/interceptor_request_id.go:33.3,33.18 1 0
github.com/m11ano/budget_planner/backend/ledger/internal/delivery/grpc/interceptor_request_id.go:33.18,35.4 1 0
github.com/m11ano/budget_planner/backend/ledger/internal/delivery/grpc/interceptor_request_id.go:37.3,40.27 3 0
github.com/m11ano/budget_planner/backend/ledger/internal/delivery/grpc/interceptor_request_id.go:44.47,45.44 1 0
github.com/m11ano/budget_planner/backend/ledger/internal/delivery/grpc/interceptor_request_id.go:45.44,46.31 1 0
github.com/m11ano/budget_planner/backend/ledger/internal/delivery/grpc/interceptor_request_id.go:46.31,48.4 1 0
github.com/m11ano/budget_planner/backend/ledger/internal/delivery/grpc/interceptor_request_id.go:51.2,51.11 1 0
github.com/m11ano/budget_planner/backend/ledger/internal/delivery/grpc/interceptor_request_ip.go:14.61,15.53 1 0
github.com/m11ano/budget_planner/backend/ledger/internal/delivery/grpc/interceptor_request_ip.go:15.53,16.53 1 0
github.com/m11ano/budget_planner/backend/ledger/internal/delivery/grpc/interceptor_request_ip.go:16.53,19.30 3 0
github.com/m11ano/budget_planner/backend/ledger/internal/delivery/grpc/interceptor_request_ip.go:19.30,21.5 1 0
github.com/m11ano/budget_planner/backend/ledger/internal/delivery/grpc/interceptor_request_ip.go:24.3,24.47 1 0
github.com/m11ano/budget_planner/backend/ledger/internal/delivery/grpc/interceptor_request_ip.go:24.47,26.30 2 0
github.com/m11ano/budget_planner/backend/ledger/internal/delivery/grpc/interceptor_request_ip.go:26.30,28.5 1 0
github.com/m11ano/budget_planner/backend/ledger/internal/delivery/grpc/interceptor_request_ip.go:32.2,32.40 1 0
github.com/m11ano/budget_planner/backend/ledger/internal/delivery/grpc/interceptor_request_ip.go:32.40,34.17 2 0
github.com/m11ano/budget_planner/backend/ledger/internal/delivery/grpc/interceptor_request_ip.go:34.17,36.4 1 0
github.com/m11ano/budget_planner/backend/ledger/internal/delivery/grpc/interceptor_request_ip.go:37.3,37.25 1 0
github.com/m11ano/budget_planner/backend/ledger/internal/delivery/grpc/interceptor_request_ip.go:40.2,40.11 1 0
github.com/m11ano/budget_planner/backend/ledger/internal/delivery/grpc/interceptor_request_ip.go:49.57,55.17 1 0
github.com/m11ano/budget_planner/backend/ledger/internal/delivery/grpc/interceptor_request_ip.go:55.17,62.3 4 0
github.com/m11ano/budget_planner/backend/ledger/internal/delivery/grpc/interceptor_request_ip.go:65.46,66.52 1 0
github.com/m11ano/budget_planner/backend/ledger/internal/delivery/grpc/interceptor_request_ip.go:66.52,67.31 1 0
github.com/m11ano/budget_planner/backend/ledger/internal/delivery/grpc/interceptor_request_ip.go:67.31,69.4 1 0
github.com/m11ano/budget_planner/backend/ledger/internal/delivery/grpc/interceptor_request_ip.go:72.2,72.11 1 0
github.com/m11ano/budget_planner/backend/ledger/internal/delivery/grpc/interceptor_validate.go:15.25,16.60 1 0
github.com/m11ano/budget_planner/backend/ledger/internal/delivery/grpc/interceptor_validate.go:16.60,17.44 1 0
github.com/m11ano/budget_planner/backend/ledger/internal/delivery/grpc/interceptor_validate.go:17.44,19.4 1 0
github.com/m11ano/budget_planner/backend/ledger/internal/delivery/grpc/interceptor_validate.go:21.2,21.26 1 0
github.com/m11ano/budget_planner/backend/ledger/internal/delivery/grpc/server.go:17.63,27.64 2 0
github.com/m11ano/budget_planner/backend/ledger/internal/delivery/grpc/server.go:27.64,30.4 2 0
github.com/m11ano/budget_planner/backend/ledger/internal/delivery/grpc/server.go:33.2,52.19 5 0
github.com/m11ano/budget_planner/backend/ledger/internal/delivery/grpc/server.go:55.53,57.16 2 0
github.com/m11ano/budget_planner/backend/ledger/internal/delivery/grpc/server.go:57.16,59.3 1 0
github.com/m11ano/budget_planner/backend/ledger/internal/delivery/grpc/server.go:61.2,61.46 1 0
github.com/m11ano/budget_planner/backend/ledger/internal/delivery/grpc/server.go:61.46,63.3 1 0
github.com/m11ano/budget_planner/backend/ledger/internal/delivery/grpc/server.go:65.2,65.12 1 0
github.com/m11ano/budget_planner/backend/ledger/internal/domain/budget/repository/redis/budget.go:29.50,30.15 1 0
github.com/m11ano/budget_planner/backend/ledger/internal/domain/budget/repository/redis/budget.go:30.15,32.3 1 0
github.com/m11ano/budget_planner/backend/ledger/internal/domain/budget/repository/redis/budget.go:34.2,43.3 1 0
github.com/m11ano/budget_planner/backend/ledger/internal/domain/budget/repository/redis/budget.go:46.62,47.14 1 0
github.com/m11ano/budget_planner/backend/ledger/internal/domain/budget/repository/redis/budget.go:47.14,49.3 1 0
github.com/m11ano/budget_planner/backend/ledger/internal/domain/budget/repository/redis/budget.go:51.2,60.3 1 0
github.com/m11ano/budget_planner/backend/ledger/internal/domain/budget/repository/redis/transaction.go:25.58,26.15 1 0
github.com/m11ano/budget_planner/backend/ledger/internal/domain/budget/repository/redis/transaction.go:26.15,28.3 1 0
github.com/m11ano/budget_planner/backend/ledger/internal/domain/budget/repository/redis/transaction.go:30.2,31.30 2 0
github.com/m11ano/budget_planner/backend/ledger/internal/domain/budget/repository/redis/transaction.go:31.30,32.16 1 0
github.com/m11ano/budget_planner/backend/ledger/internal/domain/budget/repository/redis/transaction.go:32.16,33.12 1 0
github.com/m11ano/budget_planner/backend/ledger/internal/domain/budget/repository/redis/transaction.go:36.3,42.5 1 0
github.com/m11ano/budget_planner/backend/ledger/internal/domain/budget/repository/redis/transaction.go:45.2,50.3 1 0
github.com/m11ano/budget_planner/backend/ledger/internal/domain/budget/repository/redis/transaction.go:53.75,54.14 1 0
github.com/m11ano/budget_planner/backend/ledger/internal/domain/budget/repository/redis/transaction.go:54.14,56.3 1 0
github.com/m11ano/budget_planner/backend/ledger/internal/domain/budget/repository/redis/transaction.go:58.2,59.29 2 0
github.com/m11ano/budget_planner/backend/ledger/internal/domain/budget/repository/redis/transaction.go:59.29,60.16 1 0
github.com/m11ano/budget_planner/backend/ledger/internal/domain/budget/repository/redis/transaction.go:60.16,61.12 1 0
github.com/m11ano/budget_planner/backend/ledger/internal/domain/budget/repository/redis/transaction.go:64.3,70.5 1 0
github.com/m11ano/budget_planner/backend/ledger/internal/domain/budget/repository/redis/transaction.go:73.2,78.3 1 0
github.com/m11ano/budget_planner/backend/ledger/internal/domain/budget/repository/pg/transaction/commands.go:17.82,21.16 3 0
github.com/m11ano/budget_planner/backend/ledger/internal/domain/budget/repository/pg/transaction/commands.go:21.16,24.3 2 0
github.com/m11ano/budget_planner/backend/ledger/internal/domain/budget/repository/pg/transaction/commands.go:26.2,27.16 2 0
github.com/m11ano/budget_planner/backend/ledger/internal/domain/budget/repository/pg/transaction/commands.go:27.16,30.3 2 0
github.com/m11ano/budget_planner/backend/ledger/internal/domain/budget/repository/pg/transaction/commands.go:32.2,33.16 2 0
github.com/m11ano/budget_planner/backend/ledger/internal/domain/budget/repository/pg/transaction/commands.go:33.16,35.10 2 0
github.com/m11ano/budget_planner/backend/ledger/internal/domain/budget/repository/pg/transaction/commands.go:35.10,37.4 1 0
github.com/m11ano/budget_planner/backend/ledger/internal/domain/budget/repository/pg/transaction/commands.go:38.3,38.55 1 0
github.com/m11ano/budget_planner/backend/ledger/internal/domain/budget/repository/pg/transaction/commands.go:41.2,41.12 1 0
github.com/m11ano/budget_planner/backend/ledger/internal/domain/budget/repository/pg/transaction/commands.go:44.82,51.16 5 0
github.com/m11ano/budget_planner/backend/ledger/internal/domain/budget/repository/pg/transaction/commands.go:51.16,54.3 2 0
github.com/m11ano/budget_planner/backend/ledger/internal/domain/budget/repository/pg/transaction/commands.go:55.2,58.59 3 0
github.com/m11ano/budget_planner/backend/ledger/internal/domain/budget/repository/pg/transaction/commands.go:58.59,60.17 2 0
github.com/m11ano/budget_planner/backend/ledger/internal/domain/budget/repository/pg/transaction/commands.go:60.17,63.4 2 0
github.com/m11ano/budget_planner/backend/ledger/internal/domain/budget/repository/pg/transaction/commands.go:65.3,67.17 3 0
github.com/m11ano/budget_planner/backend/ledger/internal/domain/budget/repository/pg/transaction/commands.go:67.17,69.11 2 0
github.com/m11ano/budget_planner/backend/ledger/internal/domain/budget/repository/pg/transaction/commands.go:69.11,71.5 1 0
github.com/m11ano/budget_planner/backend/ledger/internal/domain/budget/repository/pg/transaction/commands.go:72.4,72.56 1 0
github.com/m11ano/budget_planner/backend/ledger/internal/domain/budget/repository/pg/transaction/commands.go:75.3,77.17 2 0
github.com/m11ano/budget_planner/backend/ledger/internal/domain/budget/repository/pg/transaction/commands.go:77.17,80.4 2 0
github.com/m11ano/budget_planner/backend/ledger/internal/domain/budget/repository/pg/transaction/commands.go:82.3,83.17 2 0
github.com/m11ano/budget_planner/backend/ledger/internal/domain/budget/repository/pg/transaction/commands.go:83.17,85.11 2 0
github.com/m11ano/budget_planner/backend/ledger/internal/domain/budget/repository/pg/transaction/commands.go:85.11,87.5 1 0
github.com/m11ano/budget_planner/backend/ledger/internal/domain/budget/repository/pg/transaction/commands.go:88.4,88.56 1 0
github.com/m11ano/budget_planner/backend/ledger/internal/domain/budget/repository/pg/transaction/commands.go:91.3,91.33 1 0
github.com/m11ano/budget_planner/backend/ledger/internal/domain/budget/repository/pg/transaction/commands.go:91.33,93.4 1 0
github.com/m11ano/budget_planner/backend/ledger/internal/domain/budget/repository/pg/transaction/commands.go:95.3,97.13 2 0
github.com/m11ano/budget_planner/backend/ledger/internal/domain/budget/repository/pg/transaction/commands.go:99.2,99.16 1 0
github.com/m11ano/budget_planner/backend/ledger/internal/domain/budget/repository/pg/transaction/commands.go:99.16,101.3 1 0
github.com/m11ano/budget_planner/backend/ledger/internal/domain/budget/repository/pg/transaction/commands.go:103.2,103.12 1 0
github.com/m11ano/budget_planner/backend/ledger/internal/domain/budget/repository/pg/transaction/queries.go:20.124,21.15 1 0
github.com/m11ano/budget_planner/backend/ledger/internal/domain/budget/repository/pg/transaction/queries.go:21.15,22.19 1 0
github.com/m11ano/budget_planner/backend/ledger/internal/domain/budget/repository/pg/transaction/queries.go:22.19,24.4 1 0
github.com/m11ano/budget_planner/backend/ledger/internal/domain/budget/repository/pg/transaction/queries.go:27.2,27.24 1 0
github.com/m11ano/budget_planner/backend/ledger/internal/domain/budget/repository/pg/transaction/queries.go:27.24,29.3 1 0
github.com/m11ano/budget_planner/backend/ledger/internal/domain/budget/repository/pg/transaction/queries.go:31.2,31.40 1 0
github.com/m11ano/budget_planner/backend/ledger/internal/domain/budget/repository/pg/transaction/queries.go:31.40,33.3 1 0
github.com/m11ano/budget_planner/backend/ledger/internal/domain/budget/repository/pg/transaction/queries.go:35.2,35.45 1 0
github.com/m11ano/budget_planner/backend/ledger/internal/domain/budget/repository/pg/transaction/queries.go:35.45,37.3 1 0
github.com/m11ano/budget_planner/backend/ledger/internal/domain/budget/repository/pg/transaction/queries.go:39.2,39.43 1 0
github.com/m11ano/budget_planner/backend/ledger/internal/domain/budget/repository/pg/transaction/queries.go:39.43,41.3 1 0
github.com/m11ano/budget_planner/backend/ledger/internal/domain/budget/repository/pg/transaction/queries.go:43.2,43.14 1 0
github.com/m11ano/budget_planner/backend/ledger/internal/domain/budget/repository/pg/transaction/queries.go:46.93,47.54 1 0
github.com/m11ano/budget_planner/backend/ledger/internal/domain/budget/repository/pg/transaction/queries.go:47.54,49.3 1 0
github.com/m11ano/budget_planner/backend/ledger/internal/domain/budget/repository/pg/transaction/queries.go:51.2,53.46 2 0
github.com/m11ano/budget_planner/backend/ledger/internal/domain/budget/repository/pg/transaction/queries.go:53.46,54.27 1 0
github.com/m11ano/budget_planner/backend/ledger/internal/domain/budget/repository/pg/transaction/queries.go:55.58,56.25 1 0
github.com/m11ano/budget_planner/backend/ledger/internal/domain/budget/repository/pg/transaction/queries.go:56.25,58.5 1 0
github.com/m11ano/budget_planner/backend/ledger/internal/domain/budget/repository/pg/transaction/queries.go:58.10,60.5 1 0
github.com/m11ano/budget_planner/backend/ledger/internal/domain/budget/repository/pg/transaction/queries.go:61.57,62.25 1 0
github.com/m11ano/budget_planner/backend/ledger/internal/domain/budget/repository/pg/transaction/queries.go:62.25,64.5 1 0
github.com/m11ano/budget_planner/backend/ledger/internal/domain/budget/repository/pg/transaction/queries.go:64.10,66.5 1 0
github.com/m11ano/budget_planner/backend/ledger/internal/domain/budget/repository/pg/transaction/queries.go:70.2,70.13 1 0
github.com/m11ano/budget_planner/backend/ledger/internal/domain/budget/repository/pg/transaction/queries.go:77.34,89.19 7 0
github.com/m11ano/budget_planner/backend/ledger/internal/domain/budget/repository/pg/transaction/queries.go:89.19,91.3 1 0
github.com/m11ano/budget_planner/backend/ledger/internal/domain/budget/repository/pg/transaction/queries.go:93.2,93.24 1 0
github.com/m11ano/budget_planner/backend/ledger/internal/domain/budget/repository/pg/transaction/queries.go:93.24,94.38 1 0
github.com/m11ano/budget_planner/backend/ledger/internal/domain/budget/repository/pg/transaction/queries.go:94.38,96.4 1 0
github.com/m11ano/budget_planner/backend/ledger/internal/domain/budget/repository/pg/transaction/queries.go:96.9,96.35 1 0
github.com/m11ano/budget_planner/backend/ledger/internal/domain/budget/repository/pg/transaction/queries.go:96.35,98.4 1 0
github.com/m11ano/budget_planner/backend/ledger/internal/domain/budget/repository/pg/transaction/queries.go:98.9,98.34 1 0
github.com/m11ano/budget_planner/backend/ledger/internal/domain/budget/repository/pg/transaction/queries.go:98.34,100.4 1 0
github.com/m11ano/budget_planner/backend/ledger/internal/domain/budget/repository/pg/transaction/queries.go:102.3,102.28 1 0
github.com/m11ano/budget_planner/backend/ledger/internal/domain/budget/repository/pg/transaction/queries.go:102.28,104.4 1 0
github.com/m11ano/budget_planner/backend/ledger/internal/domain/budget/repository/pg/transaction/queries.go:106.3,106.29 1 0
github.com/m11ano/budget_planner/backend/ledger/internal/domain/budget/repository/pg/transaction/queries.go:106.29,108.4 1 0
github.com/m11ano/budget_planner/backend/ledger/internal/domain/budget/repository/pg/transaction/queries.go:111.2,112.16 2 0
github.com/m11ano/budget_planner/backend/ledger/internal/domain/budget/repository/pg/transaction/queries.go:112.16,115.3 2 0
github.com/m11ano/budget_planner/backend/ledger/internal/domain/budget/repository/pg/transaction/queries.go:117.2,118.16 2 0
github.com/m11ano/budget_planner/backend/ledger/internal/domain/budget/repository/pg/transaction/queries.go:118.16,120.10 2 0
github.com/m11ano/budget_planner/backend/ledger/internal/domain/budget/repository/pg/transaction/queries.go:120.10,122.4 1 0
github.com/m11ano/budget_planner/backend/ledger/internal/domain/budget/repository/pg/transaction/queries.go:123.3,123.60 1 0
github.com/m11ano/budget_planner/backend/ledger/internal/domain/budget/repository/pg/transaction/queries.go:126.2,130.55 3 0
github.com/m11ano/budget_planner/backend/ledger/internal/domain/budget/repository/pg/transaction/queries.go:130.55,132.10 2 0
github.com/m11ano/budget_planner/backend/ledger/internal/domain/budget/repository/pg/transaction/queries.go:132.10,134.4 1 0
github.com/m11ano/budget_planner/backend/ledger/internal/domain/budget/repository/pg/transaction/queries.go:135.3,135.60 1 0
github.com/m11ano/budget_planner/backend/ledger/internal/domain/budget/repository/pg/transaction/queries.go:138.2,139.32 2 0
github.com/m11ano/budget_planner/backend/ledger/internal/domain/budget/repository/pg/transaction/queries.go:139.32,141.3 1 0
github.com/m11ano/budget_planner/backend/ledger/internal/domain/budget/repository/pg/transaction/queries.go:143.2,143.20 1 0
github.com/m11ano/budget_planner/backend/ledger/internal/domain/budget/repository/pg/transaction/queries.go:150.42,162.19 7 0
github.com/m11ano/budget_planner/backend/ledger/internal/domain/budget/repository/pg/transaction/queries.go:162.19,164.3 1 0
github.com/m11ano/budget_planner/backend/ledger/internal/domain/budget/repository/pg/transaction/queries.go:166.2,166.24 1 0
github.com/m11ano/budget_planner/backend/ledger/internal/domain/budget/repository/pg/transaction/queries.go:166.24,167.38 1 0
github.com/m11ano/budget_planner/backend/ledger/internal/domain/budget/repository/pg/transaction/queries.go:167.38,169.4 1 0
github.com/m11ano/budget_planner/backend/ledger/internal/domain/budget/repository/pg/transaction/queries.go:169.9,169.35 1 0
github.com/m11ano/budget_planner/backend/ledger/internal/domain/budget/repository/pg/transaction/queries.go:169.35,171.4 1 0
github.com/m11ano/budget_planner/backend/ledger/internal/domain/budget/repository/pg/transaction/queries.go:171.9,171.34 1 0
github.com/m11ano/budget_planner/backend/ledger/internal/domain/budget/repository/pg/transaction/queries.go:171.34,173.4 1 0
github.com/m11ano/budget_planner/backend/ledger/internal/domain/budget/repository/pg/transaction/queries.go:175.3,175.28 1 0
github.com/m11ano/budget_planner/backend/ledger/internal/domain/budget/repository/pg/transaction/queries.go:175.28,177.4 1 0
github.com/m11ano/budget_planner/backend/ledger/internal/domain/budget/repository/pg/transaction/queries.go:179.3,179.29 1 0
github.com/m11ano/budget_planner/backend/ledger/internal/domain/budget/repository/pg/transaction/queries.go:179.29,181.4 1 0
github.com/m11ano/budget_planner/backend/ledger/internal/domain/budget/repository/pg/transaction/queries.go:184.2,185.16 2 0
github.com/m11ano/budget_planner/backend/ledger/internal/domain/budget/repository/pg/transaction/queries.go:185.16,188.3 2 0
github.com/m11ano/budget_planner/backend/ledger/internal/domain/budget/repository/pg/transaction/queries.go:190.2,192.16 3 0
github.com/m11ano/budget_planner/backend/ledger/internal/domain/budget/repository/pg/transaction/queries.go:192.16,195.3 2 0
github.com/m11ano/budget_planner/backend/ledger/internal/domain/budget/repository/pg/transaction/queries.go:197.2,200.59 3 0
github.com/m11ano/budget_planner/backend/ledger/internal/domain/budget/repository/pg/transaction/queries.go:200.59,202.17 2 0
github.com/m11ano/budget_planner/backend/ledger/internal/domain/budget/repository/pg/transaction/queries.go:202.17,204.11 2 0
github.com/m11ano/budget_planner/backend/ledger/internal/domain/budget/repository/pg/transaction/queries.go:204.11,206.5 1 0
github.com/m11ano/budget_planner/backend/ledger/internal/domain/budget/repository/pg/transaction/queries.go:207.4,207.56 1 0
github.com/m11ano/budget_planner/backend/ledger/internal/domain/budget/repository/pg/transaction/queries.go:210.3,214.56 3 0
github.com/m11ano/budget_planner/backend/ledger/internal/domain/budget/repository/pg/transaction/queries.go:214.56,216.11 2 0
github.com/m11ano/budget_planner/backend/ledger/internal/domain/budget/repository/pg/transaction/queries.go:216.11,218.5 1 0
github.com/m11ano/budget_planner/backend/ledger/internal/domain/budget/repository/pg/transaction/queries.go:219.4,219.56 1 0
github.com/m11ano/budget_planner/backend/ledger/internal/domain/budget/repository/pg/transaction/queries.go:222.3,223.33 2 0
github.com/m11ano/budget_planner/backend/ledger/internal/domain/budget/repository/pg/transaction/queries.go:223.33,225.4 1 0
github.com/m11ano/budget_planner/backend/ledger/internal/domain/budget/repository/pg/transaction/queries.go:227.3,228.42 2 0
github.com/m11ano/budget_planner/backend/ledger/internal/domain/budget/repository/pg/transaction/queries.go:228.42,230.11 2 0
github.com/m11ano/budget_planner/backend/ledger/internal/domain/budget/repository/pg/transaction/queries.go:230.11,232.5 1 0
github.com/m11ano/budget_planner/backend/ledger/internal/domain/budget/repository/pg/transaction/queries.go:233.4,233.56 1 0
github.com/m11ano/budget_planner/backend/ledger/internal/domain/budget/repository/pg/transaction/queries.go:236.3,236.13 1 0
github.com/m11ano/budget_planner/backend/ledger/internal/domain/budget/repository/pg/transaction/queries.go:238.2,238.16 1 0
github.com/m11ano/budget_planner/backend/ledger/internal/domain/budget/repository/pg/transaction/queries.go:238.16,240.3 1 0
github.com/m11ano/budget_planner/backend/ledger/internal/domain/budget/repository/pg/transaction/queries.go:242.2,242.27 1 0
github.com/m11ano/budget_planner/backend/ledger/internal/domain/budget/repository/pg/transaction/queries.go:249.32,258.18 4 0
github.com/m11ano/budget_planner/backend/ledger/internal/domain/budget/repository/pg/transaction/queries.go:258.18,260.3 1 0
github.com/m11ano/budget_planner/backend/ledger/internal/domain/budget/repository/pg/transaction/queries.go:262.2,264.24 2 0
github.com/m11ano/budget_planner/backend/ledger/internal/domain/budget/repository/pg/transaction/queries.go:264.24,265.38 1 0
github.com/m11ano/budget_planner/backend/ledger/internal/domain/budget/repository/pg/transaction/queries.go:265.38,267.4 1 0
github.com/m11ano/budget_planner/backend/ledger/internal/domain/budget/repository/pg/transaction/queries.go:267.9,267.35 1 0
github.com/m11ano/budget_planner/backend/ledger/internal/domain/budget/repository/pg/transaction/queries.go:267.35,269.4 1 0
github.com/m11ano/budget_planner/backend/ledger/internal/domain/budget/repository/pg/transaction/queries.go:269.9,269.34 1 0
github.com/m11ano/budget_planner/backend/ledger/internal/domain/budget/repository/pg/transaction/queries.go:269.34,271.4 1 0
github.com/m11ano/budget_planner/backend/ledger/internal/domain/budget/repository/pg/transaction/queries.go:274.2,275.16 2 0
github.com/m11ano/budget_planner/backend/ledger/internal/domain/budget/repository/pg/transaction/queries.go:275.16,278.3 2 0
github.com/m11ano/budget_planner/backend/ledger/internal/domain/budget/repository/pg/transaction/queries.go:280.2,281.16 2 0
github.com/m11ano/budget_planner/backend/ledger/internal/domain/budget/repository/pg/transaction/queries.go:281.16,283.10 2 0
github.com/m11ano/budget_planner/backend/ledger/internal/domain/budget/repository/pg/transaction/queries.go:283.10,285.4 1 0
github.com/m11ano/budget_planner/backend/ledger/internal/domain/budget/repository/pg/transaction/queries.go:286.3,286.60 1 0
github.com/m11ano/budget_planner/backend/ledger/internal/domain/budget/repository/pg/transaction/queries.go:289.2,293.54 3 0
github.com/m11ano/budget_planner/backend/ledger/internal/domain/budget/repository/pg/transaction/queries.go:293.54,295.10 2 0
github.com/m11ano/budget_planner/backend/ledger/internal/domain/budget/repository/pg/transaction/queries.go:295.10,297.4 1 0
github.com/m11ano/budget_planner/backend/ledger/internal/domain/budget/repository/pg/transaction/queries.go:298.3,298.60 1 0
github.com/m11ano/budget_planner/backend/ledger/internal/domain/budget/repository/pg/transaction/queries.go:301.2,301.31 1 0
github.com/m11ano/budget_planner/backend/ledger/internal/domain/budget/repository/pg/transaction/queries.go:307.51,324.33 4 0
github.com/m11ano/budget_planner/backend/ledger/internal/domain/budget/repository/pg/transaction/queries.go:324.33,326.3 1 0
github.com/m11ano/budget_planner/backend/ledger/internal/domain/budget/repository/pg/transaction/queries.go:327.2,327.31 1 0
github.com/m11ano/budget_planner/backend/ledger/internal/domain/budget/repository/pg/transaction/queries.go:327.31,329.3 1 0
github.com/m11ano/budget_planner/backend/ledger/internal/domain/budget/repository/pg/transaction/queries.go:330.2,330.35 1 0
github.com/m11ano/budget_planner/backend/ledger/internal/domain/budget/repository/pg/transaction/queries.go:330.35,332.3 1 0
github.com/m11ano/budget_planner/backend/ledger/internal/domain/budget/repository/pg/transaction/queries.go:333.2,333.37 1 0
github.com/m11ano/budget_planner/backend/ledger/internal/domain/budget/repository/pg/transaction/queries.go:333.37,335.3 1 0
github.com/m11ano/budget_planner/backend/ledger/internal/domain/budget/repository/pg/transaction/queries.go:337.2,370.16 6 0
github.com/m11ano/budget_planner/backend/ledger/internal/domain/budget/repository/pg/transaction/queries.go:370.16,373.3 2 0
github.com/m11ano/budget_planner/backend/ledger/internal/domain/budget/repository/pg/transaction/queries.go:375.2,376.16 2 0
github.com/m11ano/budget_planner/backend/ledger/internal/domain/budget/repository/pg/transaction/queries.go:376.16,378.10 2 0
github.com/m11ano/budget_planner/backend/ledger/internal/domain/budget/repository/pg/transaction/queries.go:378.10,380.4 1 0
github.com/m11ano/budget_planner/backend/ledger/internal/domain/budget/repository/pg/transaction/queries.go:381.3,381.60 1 0
github.com/m11ano/budget_planner/backend/ledger/internal/domain/budget/repository/pg/transaction/queries.go:383.2,386.55 3 0
github.com/m11ano/budget_planner/backend/ledger/internal/domain/budget/repository/pg/transaction/queries.go:386.55,388.10 2 0
github.com/m11ano/budget_planner/backend/ledger/internal/domain/budget/repository/pg/transaction/queries.go:388.10,390.4 1 0
github.com/m11ano/budget_planner/backend/ledger/internal/domain/budget/repository/pg/transaction/queries.go:391.3,391.60 1 0
github.com/m11ano/budget_planner/backend/ledger/internal/domain/budget/repository/pg/transaction/queries.go:394.2,395.28 2 0
github.com/m11ano/budget_planner/backend/ledger/internal/domain/budget/repository/pg/transaction/queries.go:395.28,403.3 1 0
github.com/m11ano/budget_planner/backend/ledger/internal/domain/budget/repository/pg/transaction/queries.go:405.2,405.20 1 0
github.com/m11ano/budget_planner/backend/ledger/internal/domain/budget/repository/pg/transaction/repository.go:17.79,24.2 1 0
github.com/m11ano/budget_planner/backend/ledger/internal/domain/budget/repository/csv/transaction/commands.go:19.103,38.46 6 0
github.com/m11ano/budget_planner/backend/ledger/internal/domain/budget/repository/csv/transaction/commands.go:38.46,40.3 1 0
github.com/m11ano/budget_planner/backend/ledger/internal/domain/budget/repository/csv/transaction/commands.go:42.2,42.28 1 0
github.com/m11ano/budget_planner/backend/ledger/internal/domain/budget/repository/csv/transaction/commands.go:42.28,54.43 2 0
github.com/m11ano/budget_planner/backend/ledger/internal/domain/budget/repository/csv/transaction/commands.go:54.43,56.4 1 0
github.com/m11ano/budget_planner/backend/ledger/internal/domain/budget/repository/csv/transaction/commands.go:59.2,60.39 2 0
github.com/m11ano/budget_planner/backend/ledger/internal/domain/budget/repository/csv/transaction/commands.go:60.39,62.3 1 0
github.com/m11ano/budget_planner/backend/ledger/internal/domain/budget/repository/csv/transaction/commands.go:64.2,64.25 1 0
github.com/m11ano/budget_planner/backend/ledger/internal/domain/budget/repository/csv/transaction/commands.go:67.121,73.16 4 0
github.com/m11ano/budget_planner/backend/ledger/internal/domain/budget/repository/csv/transaction/commands.go:73.16,75.3 1 0
github.com/m11ano/budget_planner/backend/ledger/internal/domain/budget/repository/csv/transaction/commands.go:77.2,79.32 2 0
github.com/m11ano/budget_planner/backend/ledger/internal/domain/budget/repository/csv/transaction/commands.go:79.32,80.19 1 0
github.com/m11ano/budget_planner/backend/ledger/internal/domain/budget/repository/csv/transaction/commands.go:80.19,87.4 1 0
github.com/m11ano/budget_planner/backend/ledger/internal/domain/budget/repository/csv/transaction/commands.go:89.3,90.40 2 0
github.com/m11ano/budget_planner/backend/ledger/internal/domain/budget/repository/csv/transaction/commands.go:90.40,92.4 1 0
github.com/m11ano/budget_planner/backend/ledger/internal/domain/budget/repository/csv/transaction/commands.go:94.3,95.17 2 0
github.com/m11ano/budget_planner/backend/ledger/internal/domain/budget/repository/csv/transaction/commands.go:95.17,102.4 1 0
github.com/m11ano/budget_planner/backend/ledger/internal/domain/budget/repository/csv/transaction/commands.go:104.3,105.17 2 0
github.com/m11ano/budget_planner/backend/ledger/internal/domain/budget/repository/csv/transaction/commands.go:105.17,112.4 1 0
github.com/m11ano/budget_planner/backend/ledger/internal/domain/budget/repository/csv/transaction/commands.go:114.3,115.17 2 0
github.com/m11ano/budget_planner/backend/ledger/internal/domain/budget/repository/csv/transaction/commands.go:115.17,122.4 1 0
github.com/m11ano/budget_planner/backend/ledger/internal/domain/budget/repository/csv/transaction/commands.go:124.3,131.17 2 0
github.com/m11ano/budget_planner/backend/ledger/internal/domain/budget/repository/csv/transaction/commands.go:131.17,133.10 2 0
github.com/m11ano/budget_planner/backend/ledger/internal/domain/budget/repository/csv/transaction/commands.go:133.10,144.5 3 0
github.com/m11ano/budget_planner/backend/ledger/internal/domain/budget/repository/csv/transaction/commands.go:145.4,145.73 1 0
github.com/m11ano/budget_planner/backend/ledger/internal/domain/budget/repository/csv/transaction/commands.go:148.3,149.17 2 0
github.com/m11ano/budget_planner/backend/ledger/internal/domain/budget/repository/csv/transaction/commands.go:149.17,151.10 2 0
github.com/m11ano/budget_planner/backend/ledger/internal/domain/budget/repository/csv/transaction/commands.go:151.10,162.5 3 0
github.com/m11ano/budget_planner/backend/ledger/internal/domain/budget/repository/csv/transaction/commands.go:163.4,163.73 1 0
github.com/m11ano/budget_planner/backend/ledger/internal/domain/budget/repository/csv/transaction/commands.go:166.3,166.33 1 0
github.com/m11ano/budget_planner/backend/ledger/internal/domain/budget/repository/csv/transaction/commands.go:169.2,169.17 1 0
github.com/m11ano/budget_planner/backend/ledger/internal/domain/budget/repository/csv/transaction/repository.go:12.53,17.2 1 0
github.com/m11ano/budget_planner/backend/ledger/internal/domain/budget/init.go:10.62,12.2 1 0
github.com/m11ano/budget_planner/backend/ledger/internal/domain/budget/repository/pg/category/queries.go:17.121,18.15 1 0
github.com/m11ano/budget_planner/backend/ledger/internal/domain/budget/repository/pg/category/queries.go:18.15,19.19 1 0
github.com/m11ano/budget_planner/backend/ledger/internal/domain/budget/repository/pg/category/queries.go:19.19,21.4 1 0
github.com/m11ano/budget_planner/backend/ledger/internal/domain/budget/repository/pg/category/queries.go:24.2,24.24 1 0
github.com/m11ano/budget_planner/backend/ledger/internal/domain/budget/repository/pg/category/queries.go:24.24,26.3 1 0
github.com/m11ano/budget_planner/backend/ledger/internal/domain/budget/repository/pg/category/queries.go:28.2,28.34 1 0
github.com/m11ano/budget_planner/backend/ledger/internal/domain/budget/repository/pg/category/queries.go:28.34,30.3 1 0
github.com/m11ano/budget_planner/backend/ledger/internal/domain/budget/repository/pg/category/queries.go:32.2,32.14 1 0
github.com/m11ano/budget_planner/backend/ledger/internal/domain/budget/repository/pg/category/queries.go:35.90,36.54 1 0
github.com/m11ano/budget_planner/backend/ledger/internal/domain/budget/repository/pg/category/queries.go:36.54,38.3 1 0
github.com/m11ano/budget_planner/backend/ledger/internal/domain/budget/repository/pg/category/queries.go:40.2,42.46 2 0
github.com/m11ano/budget_planner/backend/ledger/internal/domain/budget/repository/pg/category/queries.go:42.46,43.27 1 0
github.com/m11ano/budget_planner/backend/ledger/internal/domain/budget/repository/pg/category/queries.go:44.47,45.25 1 0
github.com/m11ano/budget_planner/backend/ledger/internal/domain/budget/repository/pg/category/queries.go:45.25,47.5 1 0
github.com/m11ano/budget_planner/backend/ledger/internal/domain/budget/repository/pg/category/queries.go:47.10,49.5 1 0
github.com/m11ano/budget_planner/backend/ledger/internal/domain/budget/repository/pg/category/queries.go:53.2,53.13 1 0
github.com/m11ano/budget_planner/backend/ledger/internal/domain/budget/repository/pg/category/queries.go:60.31,72.19 7 0
github.com/m11ano/budget_planner/backend/ledger/internal/domain/budget/repository/pg/category/queries.go:72.19,74.3 1 0
github.com/m11ano/budget_planner/backend/ledger/internal/domain/budget/repository/pg/category/queries.go:76.2,76.24 1 0
github.com/m11ano/budget_planner/backend/ledger/internal/domain/budget/repository/pg/category/queries.go:76.24,77.38 1 0
github.com/m11ano/budget_planner/backend/ledger/internal/domain/budget/repository/pg/category/queries.go:77.38,79.4 1 0
github.com/m11ano/budget_planner/backend/ledger/internal/domain/budget/repository/pg/category/queries.go:79.9,79.35 1 0
github.com/m11ano/budget_planner/backend/ledger/internal/domain/budget/repository/pg/category/queries.go:79.35,81.4 1 0
github.com/m11ano/budget_planner/backend/ledger/internal/domain/budget/repository/pg/category/queries.go:81.9,81.34 1 0
github.com/m11ano/budget_planner/backend/ledger/internal/domain/budget/repository/pg/category/queries.go:81.34,83.4 1 0
github.com/m11ano/budget_planner/backend/ledger/internal/domain/budget/repository/pg/category/queries.go:85.3,85.28 1 0
github.com/m11ano/budget_planner/backend/ledger/internal/domain/budget/repository/pg/category/queries.go:85.28,87.4 1 0
github.com/m11ano/budget_planner/backend/ledger/internal/domain/budget/repository/pg/category/queries.go:89.3,89.29 1 0
github.com/m11ano/budget_planner/backend/ledger/internal/domain/budget/repository/pg/category/queries.go:89.29,91.4 1 0
github.com/m11ano/budget_planner/backend/ledger/internal/domain/budget/repository/pg/category/queries.go:94.2,95.16 2 0
github.com/m11ano/budget_planner/backend/ledger/internal/domain/budget/repository/pg/category/queries.go:95.16,98.3 2 0
github.com/m11ano/budget_planner/backend/ledger/internal/domain/budget/repository/pg/category/queries.go:100.2,101.16 2 0
github.com/m11ano/budget_planner/backend/ledger/internal/domain/budget/repository/pg/category/queries.go:101.16,103.10 2 0
github.com/m11ano/budget_planner/backend/ledger/internal/domain/budget/repository/pg/category/queries.go:103.10,105.4 1 0
github.com/m11ano/budget_planner/backend/ledger/internal/domain/budget/repository/pg/category/queries.go:106.3,106.60 1 0
github.com/m11ano/budget_planner/backend/ledger/internal/domain/budget/repository/pg/category/queries.go:109.2,113.55 3 0
github.com/m11ano/budget_planner/backend/ledger/internal/domain/budget/repository/pg/category/queries.go:113.55,115.10 2 0
github.com/m11ano/budget_planner/backend/ledger/internal/domain/budget/repository/pg/category/queries.go:115.10,117.4 1 0
[...]
github.com/m11ano/budget_planner/backend/ledger/internal/domain/budget/usecase/budget/commands.go:123.36,125.65 2 0
github.com/m11ano/budget_planner/backend/ledger/internal/domain/budget/usecase/budget/commands.go:125.65,127.5 1 0
github.com/m11ano/budget_planner/backend/ledger/internal/domain/budget/usecase/budget/commands.go:130.3,130.58 1 1
github.com/m11ano/budget_planner/backend/ledger/internal/domain/budget/usecase/budget/commands.go:130.58,134.4 1 0
github.com/m11ano/budget_planner/backend/ledger/internal/domain/budget/usecase/budget/commands.go:136.3,136.23 1 1
github.com/m11ano/budget_planner/backend/ledger/internal/domain/budget/usecase/budget/commands.go:136.23,138.18 2 1
github.com/m11ano/budget_planner/backend/ledger/internal/domain/budget/usecase/budget/commands.go:138.18,140.5 1 0
github.com/m11ano/budget_planner/backend/ledger/internal/domain/budget/usecase/budget/commands.go:143.3,150.66 3 1
github.com/m11ano/budget_planner/backend/ledger/internal/domain/budget/usecase/budget/commands.go:150.66,155.4 3 0
github.com/m11ano/budget_planner/backend/ledger/internal/domain/budget/usecase/budget/commands.go:157.3,160.43 1 1
github.com/m11ano/budget_planner/backend/ledger/internal/domain/budget/usecase/budget/commands.go:160.43,163.18 2 0
github.com/m11ano/budget_planner/backend/ledger/internal/domain/budget/usecase/budget/commands.go:163.18,165.5 1 0
github.com/m11ano/budget_planner/backend/ledger/internal/domain/budget/usecase/budget/commands.go:167.4,168.45 2 0
github.com/m11ano/budget_planner/backend/ledger/internal/domain/budget/usecase/budget/commands.go:171.3,171.16 1 1
github.com/m11ano/budget_planner/backend/ledger/internal/domain/budget/usecase/budget/commands.go:171.16,175.18 2 0
github.com/m11ano/budget_planner/backend/ledger/internal/domain/budget/usecase/budget/commands.go:175.18,177.5 1 0
github.com/m11ano/budget_planner/backend/ledger/internal/domain/budget/usecase/budget/commands.go:179.4,179.22 1 0
github.com/m11ano/budget_planner/backend/ledger/internal/domain/budget/usecase/budget/commands.go:179.22,183.5 1 0
github.com/m11ano/budget_planner/backend/ledger/internal/domain/budget/usecase/budget/commands.go:186.3,187.17 2 1
github.com/m11ano/budget_planner/backend/ledger/internal/domain/budget/usecase/budget/commands.go:187.17,189.4 1 0
github.com/m11ano/budget_planner/backend/ledger/internal/domain/budget/usecase/budget/commands.go:191.3,191.13 1 1
github.com/m11ano/budget_planner/backend/ledger/internal/domain/budget/usecase/budget/commands.go:193.2,193.16 1 1
github.com/m11ano/budget_planner/backend/ledger/internal/domain/budget/usecase/budget/commands.go:193.16,195.3 1 0
github.com/m11ano/budget_planner/backend/ledger/internal/domain/budget/usecase/budget/commands.go:197.2,199.31 3 1
github.com/m11ano/budget_planner/backend/ledger/internal/domain/budget/usecase/budget/commands.go:199.31,206.17 3 1
github.com/m11ano/budget_planner/backend/ledger/internal/domain/budget/usecase/budget/commands.go:206.17,208.4 1 0
github.com/m11ano/budget_planner/backend/ledger/internal/domain/budget/usecase/budget/commands.go:211.2,211.12 1 1
github.com/m11ano/budget_planner/backend/ledger/internal/domain/budget/usecase/budget/commands.go:214.82,219.67 3 1
github.com/m11ano/budget_planner/backend/ledger/internal/domain/budget/usecase/budget/commands.go:219.67,223.17 2 1
github.com/m11ano/budget_planner/backend/ledger/internal/domain/budget/usecase/budget/commands.go:223.17,225.4 1 0
github.com/m11ano/budget_planner/backend/ledger/internal/domain/budget/usecase/budget/commands.go:227.3,229.36 2 1
github.com/m11ano/budget_planner/backend/ledger/internal/domain/budget/usecase/budget/commands.go:229.36,231.65 2 0
github.com/m11ano/budget_planner/backend/ledger/internal/domain/budget/usecase/budget/commands.go:231.65,233.5 1 0
github.com/m11ano/budget_planner/backend/ledger/internal/domain/budget/usecase/budget/commands.go:236.3,239.17 3 1
github.com/m11ano/budget_planner/backend/ledger/internal/domain/budget/usecase/budget/commands.go:239.17,241.4 1 0
github.com/m11ano/budget_planner/backend/ledger/internal/domain/budget/usecase/budget/commands.go:243.3,243.13 1 1
github.com/m11ano/budget_planner/backend/ledger/internal/domain/budget/usecase/budget/commands.go:245.2,245.16 1 1
github.com/m11ano/budget_planner/backend/ledger/internal/domain/budget/usecase/budget/commands.go:245.16,247.3 1 0
github.com/m11ano/budget_planner/backend/ledger/internal/domain/budget/usecase/budget/commands.go:249.2,251.31 3 1
github.com/m11ano/budget_planner/backend/ledger/internal/domain/budget/usecase/budget/commands.go:251.31,254.17 3 1
github.com/m11ano/budget_planner/backend/ledger/internal/domain/budget/usecase/budget/commands.go:254.17,256.4 1 0
github.com/m11ano/budget_planner/backend/ledger/internal/domain/budget/usecase/budget/commands.go:259.2,259.12 1 1
github.com/m11ano/budget_planner/backend/ledger/internal/domain/budget/usecase/budget/helpers.go:17.33,20.29 2 10
github.com/m11ano/budget_planner/backend/ledger/internal/domain/budget/usecase/budget/helpers.go:20.29,26.3 2 13
github.com/m11ano/budget_planner/backend/ledger/internal/domain/budget/usecase/budget/helpers.go:28.2,28.17 1 10
github.com/m11ano/budget_planner/backend/ledger/internal/domain/budget/usecase/budget/helpers.go:31.50,33.2 1 9
github.com/m11ano/budget_planner/backend/ledger/internal/domain/budget/usecase/budget/helpers.go:38.10,43.40 3 12
github.com/m11ano/budget_planner/backend/ledger/internal/domain/budget/usecase/budget/helpers.go:43.40,46.3 2 12
github.com/m11ano/budget_planner/backend/ledger/internal/domain/budget/usecase/budget/helpers.go:48.2,48.37 1 12
github.com/m11ano/budget_planner/backend/ledger/internal/domain/budget/usecase/budget/helpers.go:48.37,51.3 2 0
github.com/m11ano/budget_planner/backend/ledger/internal/domain/budget/usecase/budget/helpers.go:53.2,53.41 1 12
github.com/m11ano/budget_planner/backend/ledger/internal/domain/budget/usecase/budget/helpers.go:53.41,56.3 2 0
github.com/m11ano/budget_planner/backend/ledger/internal/domain/budget/usecase/budget/helpers.go:58.2,58.39 1 12
github.com/m11ano/budget_planner/backend/ledger/internal/domain/budget/usecase/budget/helpers.go:58.39,61.3 2 0
github.com/m11ano/budget_planner/backend/ledger/internal/domain/budget/usecase/budget/helpers.go:63.2,63.41 1 12
github.com/m11ano/budget_planner/backend/ledger/internal/domain/budget/usecase/budget/helpers.go:63.41,66.3 2 0
github.com/m11ano/budget_planner/backend/ledger/internal/domain/budget/usecase/budget/helpers.go:68.2,68.29 1 12
github.com/m11ano/budget_planner/backend/ledger/internal/domain/budget/usecase/budget/helpers.go:68.29,70.41 2 0
github.com/m11ano/budget_planner/backend/ledger/internal/domain/budget/usecase/budget/helpers.go:70.41,72.4 1 0
github.com/m11ano/budget_planner/backend/ledger/internal/domain/budget/usecase/budget/helpers.go:75.2,75.24 1 12
github.com/m11ano/budget_planner/backend/ledger/internal/domain/budget/usecase/budget/helpers.go:75.24,80.3 4 12
github.com/m11ano/budget_planner/backend/ledger/internal/domain/budget/usecase/budget/helpers.go:82.2,82.28 1 12
github.com/m11ano/budget_planner/backend/ledger/internal/domain/budget/usecase/budget/helpers.go:88.10,90.2 1 6
github.com/m11ano/budget_planner/backend/ledger/internal/domain/budget/usecase/budget/impl.go:30.16,41.2 2 13
github.com/m11ano/budget_planner/backend/ledger/internal/domain/budget/usecase/budget/queries.go:30.37,35.59 3 4
github.com/m11ano/budget_planner/backend/ledger/internal/domain/budget/usecase/budget/queries.go:35.59,36.51 1 4
github.com/m11ano/budget_planner/backend/ledger/internal/domain/budget/usecase/budget/queries.go:36.51,38.18 2 2
github.com/m11ano/budget_planner/backend/ledger/internal/domain/budget/usecase/budget/queries.go:38.18,45.5 2 1
github.com/m11ano/budget_planner/backend/ledger/internal/domain/budget/usecase/budget/queries.go:45.10,45.53 1 1
github.com/m11ano/budget_planner/backend/ledger/internal/domain/budget/usecase/budget/queries.go:45.53,47.5 1 0
github.com/m11ano/budget_planner/backend/ledger/internal/domain/budget/usecase/budget/queries.go:49.4,49.86 1 1
github.com/m11ano/budget_planner/backend/ledger/internal/domain/budget/usecase/budget/queries.go:52.3,53.17 2 3
github.com/m11ano/budget_planner/backend/ledger/internal/domain/budget/usecase/budget/queries.go:53.17,55.4 1 1
github.com/m11ano/budget_planner/backend/ledger/internal/domain/budget/usecase/budget/queries.go:57.3,58.17 2 2
github.com/m11ano/budget_planner/backend/ledger/internal/domain/budget/usecase/budget/queries.go:58.17,60.4 1 0
github.com/m11ano/budget_planner/backend/ledger/internal/domain/budget/usecase/budget/queries.go:62.3,65.9 1 2
github.com/m11ano/budget_planner/backend/ledger/internal/domain/budget/usecase/budget/queries.go:67.2,67.16 1 4
github.com/m11ano/budget_planner/backend/ledger/internal/domain/budget/usecase/budget/queries.go:67.16,69.3 1 1
github.com/m11ano/budget_planner/backend/ledger/internal/domain/budget/usecase/budget/queries.go:71.2,72.9 2 3
github.com/m11ano/budget_planner/backend/ledger/internal/domain/budget/usecase/budget/queries.go:72.9,74.3 1 0
github.com/m11ano/budget_planner/backend/ledger/internal/domain/budget/usecase/budget/queries.go:76.2,76.35 1 3
github.com/m11ano/budget_planner/backend/ledger/internal/domain/budget/usecase/budget/queries.go:76.35,78.71 2 0
github.com/m11ano/budget_planner/backend/ledger/internal/domain/budget/usecase/budget/queries.go:78.71,80.4 1 0
github.com/m11ano/budget_planner/backend/ledger/internal/domain/budget/usecase/budget/queries.go:83.2,84.16 2 3
github.com/m11ano/budget_planner/backend/ledger/internal/domain/budget/usecase/budget/queries.go:84.16,86.3 1 0
github.com/m11ano/budget_planner/backend/ledger/internal/domain/budget/usecase/budget/queries.go:88.2,88.19 1 3
github.com/m11ano/budget_planner/backend/ledger/internal/domain/budget/usecase/budget/queries.go:88.19,90.3 1 0
github.com/m11ano/budget_planner/backend/ledger/internal/domain/budget/usecase/budget/queries.go:92.2,92.39 1 3
github.com/m11ano/budget_planner/backend/ledger/internal/domain/budget/usecase/budget/queries.go:104.39,109.59 3 3
github.com/m11ano/budget_planner/backend/ledger/internal/domain/budget/usecase/budget/queries.go:109.59,110.51 1 3
github.com/m11ano/budget_planner/backend/ledger/internal/domain/budget/usecase/budget/queries.go:110.51,112.18 2 2
github.com/m11ano/budget_planner/backend/ledger/internal/domain/budget/usecase/budget/queries.go:112.18,119.5 2 1
github.com/m11ano/budget_planner/backend/ledger/internal/domain/budget/usecase/budget/queries.go:119.10,119.53 1 1
github.com/m11ano/budget_planner/backend/ledger/internal/domain/budget/usecase/budget/queries.go:119.53,121.5 1 0
github.com/m11ano/budget_planner/backend/ledger/internal/domain/budget/usecase/budget/queries.go:123.4,123.89 1 1
github.com/m11ano/budget_planner/backend/ledger/internal/domain/budget/usecase/budget/queries.go:126.3,127.17 2 2
github.com/m11ano/budget_planner/backend/ledger/internal/domain/budget/usecase/budget/queries.go:127.17,129.4 1 0
github.com/m11ano/budget_planner/backend/ledger/internal/domain/budget/usecase/budget/queries.go:131.3,132.17 2 2
github.com/m11ano/budget_planner/backend/ledger/internal/domain/budget/usecase/budget/queries.go:132.17,134.4 1 0
github.com/m11ano/budget_planner/backend/ledger/internal/domain/budget/usecase/budget/queries.go:136.3,139.9 1 2
github.com/m11ano/budget_planner/backend/ledger/internal/domain/budget/usecase/budget/queries.go:141.2,141.16 1 3
github.com/m11ano/budget_planner/backend/ledger/internal/domain/budget/usecase/budget/queries.go:141.16,143.3 1 0
github.com/m11ano/budget_planner/backend/ledger/internal/domain/budget/usecase/budget/queries.go:145.2,146.9 2 3
github.com/m11ano/budget_planner/backend/ledger/internal/domain/budget/usecase/budget/queries.go:146.9,148.3 1 0
github.com/m11ano/budget_planner/backend/ledger/internal/domain/budget/usecase/budget/queries.go:150.2,151.16 2 3
github.com/m11ano/budget_planner/backend/ledger/internal/domain/budget/usecase/budget/queries.go:151.16,153.3 1 0
github.com/m11ano/budget_planner/backend/ledger/internal/domain/budget/usecase/budget/queries.go:155.2,155.36 1 3
github.com/m11ano/budget_planner/backend/ledger/internal/domain/budget/usecase/budget/queries.go:168.47,173.59 3 3
github.com/m11ano/budget_planner/backend/ledger/internal/domain/budget/usecase/budget/queries.go:173.59,174.51 1 3
github.com/m11ano/budget_planner/backend/ledger/internal/domain/budget/usecase/budget/queries.go:174.51,176.18 2 2
github.com/m11ano/budget_planner/backend/ledger/internal/domain/budget/usecase/budget/queries.go:176.18,184.5 2 1
github.com/m11ano/budget_planner/backend/ledger/internal/domain/budget/usecase/budget/queries.go:184.10,184.53 1 1
github.com/m11ano/budget_planner/backend/ledger/internal/domain/budget/usecase/budget/queries.go:184.53,186.5 1 0
github.com/m11ano/budget_planner/backend/ledger/internal/domain/budget/usecase/budget/queries.go:188.4,188.94 1 1
github.com/m11ano/budget_planner/backend/ledger/internal/domain/budget/usecase/budget/queries.go:191.3,192.17 2 2
github.com/m11ano/budget_planner/backend/ledger/internal/domain/budget/usecase/budget/queries.go:192.17,194.4 1 0
github.com/m11ano/budget_planner/backend/ledger/internal/domain/budget/usecase/budget/queries.go:196.3,197.17 2 2
github.com/m11ano/budget_planner/backend/ledger/internal/domain/budget/usecase/budget/queries.go:197.17,199.4 1 0
github.com/m11ano/budget_planner/backend/ledger/internal/domain/budget/usecase/budget/queries.go:201.3,205.9 1 2
github.com/m11ano/budget_planner/backend/ledger/internal/domain/budget/usecase/budget/queries.go:207.2,207.16 1 3
github.com/m11ano/budget_planner/backend/ledger/internal/domain/budget/usecase/budget/queries.go:207.16,209.3 1 0
github.com/m11ano/budget_planner/backend/ledger/internal/domain/budget/usecase/budget/queries.go:211.2,212.9 2 3
github.com/m11ano/budget_planner/backend/ledger/internal/domain/budget/usecase/budget/queries.go:212.9,214.3 1 0
github.com/m11ano/budget_planner/backend/ledger/internal/domain/budget/usecase/budget/queries.go:216.2,217.16 2 3
github.com/m11ano/budget_planner/backend/ledger/internal/domain/budget/usecase/budget/queries.go:217.16,219.3 1 0
github.com/m11ano/budget_planner/backend/ledger/internal/domain/budget/usecase/budget/queries.go:221.2,221.52 1 3
github.com/m11ano/budget_planner/backend/ledger/pkg/pgclient/impl.go:36.107,38.16 2 3
github.com/m11ano/budget_planner/backend/ledger/pkg/pgclient/impl.go:38.16,40.3 1 1
github.com/m11ano/budget_planner/backend/ledger/pkg/pgclient/impl.go:42.2,42.19 1 2
github.com/m11ano/budget_planner/backend/ledger/pkg/pgclient/impl.go:42.19,44.3 1 1
github.com/m11ano/budget_planner/backend/ledger/pkg/pgclient/impl.go:46.2,46.21 1 2
github.com/m11ano/budget_planner/backend/ledger/pkg/pgclient/impl.go:46.21,48.3 1 1
github.com/m11ano/budget_planner/backend/ledger/pkg/pgclient/impl.go:50.2,51.16 2 2
github.com/m11ano/budget_planner/backend/ledger/pkg/pgclient/impl.go:51.16,53.3 1 0
github.com/m11ano/budget_planner/backend/ledger/pkg/pgclient/impl.go:55.2,62.32 2 2
github.com/m11ano/budget_planner/backend/ledger/pkg/pgclient/impl.go:62.32,64.3 1 1
github.com/m11ano/budget_planner/backend/ledger/pkg/pgclient/impl.go:66.2,66.24 1 2
github.com/m11ano/budget_planner/backend/ledger/pkg/pgclient/impl.go:66.24,68.3 1 1
github.com/m11ano/budget_planner/backend/ledger/pkg/pgclient/impl.go:70.2,70.20 1 2
github.com/m11ano/budget_planner/backend/ledger/pkg/pgclient/impl.go:76.40,78.2 1 5
github.com/m11ano/budget_planner/backend/ledger/pkg/pgclient/impl.go:81.34,83.2 1 7
github.com/m11ano/budget_planner/backend/ledger/pkg/pgclient/impl.go:86.56,88.21 2 2
github.com/m11ano/budget_planner/backend/ledger/pkg/pgclient/impl.go:88.21,90.3 1 1
github.com/m11ano/budget_planner/backend/ledger/pkg/pgclient/impl.go:92.2,92.15 1 1
github.com/m11ano/budget_planner/backend/ledger/pkg/pgclient/impl.go:96.84,98.2 1 10
github.com/m11ano/budget_planner/backend/ledger/pkg/pgclient/impl.go:101.113,103.21 2 21
github.com/m11ano/budget_planner/backend/ledger/pkg/pgclient/impl.go:103.21,105.10 2 7
github.com/m11ano/budget_planner/backend/ledger/pkg/pgclient/impl.go:105.10,107.4 1 7
github.com/m11ano/budget_planner/backend/ledger/pkg/pgclient/impl.go:109.3,111.62 2 7
github.com/m11ano/budget_planner/backend/ledger/pkg/pgclient/impl.go:111.62,113.4 1 1
github.com/m11ano/budget_planner/backend/ledger/pkg/pgclient/impl.go:115.3,118.17 3 6
github.com/m11ano/budget_planner/backend/ledger/pkg/pgclient/impl.go:118.17,120.20 2 2
github.com/m11ano/budget_planner/backend/ledger/pkg/pgclient/impl.go:120.20,121.24 1 1
github.com/m11ano/budget_planner/backend/ledger/pkg/pgclient/impl.go:121.24,123.6 1 1
github.com/m11ano/budget_planner/backend/ledger/pkg/pgclient/impl.go:126.4,126.14 1 2
github.com/m11ano/budget_planner/backend/ledger/pkg/pgclient/impl.go:129.3,129.70 1 4
github.com/m11ano/budget_planner/backend/ledger/pkg/pgclient/impl.go:129.70,131.4 1 1
github.com/m11ano/budget_planner/backend/ledger/pkg/pgclient/impl.go:133.3,133.13 1 3
github.com/m11ano/budget_planner/backend/ledger/pkg/pgclient/impl.go:136.2,137.16 2 14
github.com/m11ano/budget_planner/backend/ledger/pkg/pgclient/impl.go:137.16,139.3 1 1
github.com/m11ano/budget_planner/backend/ledger/pkg/pgclient/impl.go:141.2,144.15 3 13
github.com/m11ano/budget_planner/backend/ledger/pkg/pgclient/impl.go:144.15,145.31 1 13
github.com/m11ano/budget_planner/backend/ledger/pkg/pgclient/impl.go:145.31,147.20 2 2
github.com/m11ano/budget_planner/backend/ledger/pkg/pgclient/impl.go:147.20,148.24 1 1
github.com/m11ano/budget_planner/backend/ledger/pkg/pgclient/impl.go:148.24,150.6 1 1
github.com/m11ano/budget_planner/backend/ledger/pkg/pgclient/impl.go:153.4,153.12 1 2
github.com/m11ano/budget_planner/backend/ledger/pkg/pgclient/impl.go:157.2,158.16 2 13
github.com/m11ano/budget_planner/backend/ledger/pkg/pgclient/impl.go:158.16,160.19 2 5
github.com/m11ano/budget_planner/backend/ledger/pkg/pgclient/impl.go:160.19,161.23 1 1
github.com/m11ano/budget_planner/backend/ledger/pkg/pgclient/impl.go:161.23,163.5 1 1
github.com/m11ano/budget_planner/backend/ledger/pkg/pgclient/impl.go:166.3,166.13 1 5
github.com/m11ano/budget_planner/backend/ledger/pkg/pgclient/impl.go:169.2,169.51 1 6
github.com/m11ano/budget_planner/backend/ledger/pkg/pgclient/impl.go:169.51,171.3 1 1
github.com/m11ano/budget_planner/backend/ledger/pkg/pgclient/impl.go:173.2,173.12 1 5
github.com/m11ano/budget_planner/backend/ledger/pkg/pgclient/impl.go:177.30,179.2 1 1
github.com/m11ano/budget_planner/backend/ledger/pkg/pgclient/mock.go:7.26,9.2 1 0
github.com/m11ano/budget_planner/backend/ledger/pkg/pgclient/mock.go:13.38,15.2 1 0
github.com/m11ano/budget_planner/backend/ledger/pkg/pgclient/mock.go:17.32,19.2 1 0
github.com/m11ano/budget_planner/backend/ledger/pkg/pgclient/mock.go:21.54,23.2 1 0
github.com/m11ano/budget_planner/backend/ledger/pkg/pgclient/mock.go:25.82,28.2 2 0
github.com/m11ano/budget_planner/backend/ledger/pkg/pgclient/mock.go:30.111,33.2 2 0
github.com/m11ano/budget_planner/backend/ledger/pkg/pgclient/mock.go:35.29,35.30 0 0
github.com/m11ano/budget_planner/backend/ledger/pkg/pgclient/test_connection.go:16.9,19.27 3 4
github.com/m11ano/budget_planner/backend/ledger/pkg/pgclient/test_connection.go:19.27,21.17 2 6
github.com/m11ano/budget_planner/backend/ledger/pkg/pgclient/test_connection.go:21.17,29.12 4 4
github.com/m11ano/budget_planner/backend/ledger/pkg/pgclient/test_connection.go:31.3,31.8 1 2
github.com/m11ano/budget_planner/backend/ledger/pkg/pgclient/test_connection.go:33.2,33.16 1 4
github.com/m11ano/budget_planner/backend/ledger/pkg/pgclient/test_connection.go:33.16,35.3 1 1
github.com/m11ano/budget_planner/backend/ledger/pkg/pgclient/test_connection.go:37.2,37.12 1 3
github.com/m11ano/budget_planner/backend/ledger/pkg/pgclient/tracer.go:15.117,23.2 2 0
github.com/m11ano/budget_planner/backend/ledger/pkg/pgclient/tracer.go:25.97,32.2 1 0
