mode: atomic
github.com/m11ano/budget_planner/backend/ledger/internal/domain/budget/usecase/budget/commands.go:23.31,26.35 2 0
github.com/m11ano/budget_planner/backend/ledger/internal/domain/budget/usecase/budget/commands.go:26.35,28.60 2 0
github.com/m11ano/budget_planner/backend/ledger/internal/domain/budget/usecase/budget/commands.go:28.60,30.4 1 0
github.com/m11ano/budget_planner/backend/ledger/internal/domain/budget/usecase/budget/commands.go:33.2,39.16 2 0
github.com/m11ano/budget_planner/backend/ledger/internal/domain/budget/usecase/budget/commands.go:39.16,41.3 1 0
github.com/m11ano/budget_planner/backend/ledger/internal/domain/budget/usecase/budget/commands.go:43.2,43.99 1 0
github.com/m11ano/budget_planner/backend/ledger/internal/domain/budget/usecase/budget/commands.go:43.99,45.17 2 0
github.com/m11ano/budget_planner/backend/ledger/internal/domain/budget/usecase/budget/commands.go:45.17,46.45 1 0
github.com/m11ano/budget_planner/backend/ledger/internal/domain/budget/usecase/budget/commands.go:46.45,48.5 1 0
github.com/m11ano/budget_planner/backend/ledger/internal/domain/budget/usecase/budget/commands.go:49.4,49.14 1 0
github.com/m11ano/budget_planner/backend/ledger/internal/domain/budget/usecase/budget/commands.go:52.3,59.17 2 0
github.com/m11ano/budget_planner/backend/ledger/internal/domain/budget/usecase/budget/commands.go:59.17,61.4 1 0
github.com/m11ano/budget_planner/backend/ledger/internal/domain/budget/usecase/budget/commands.go:63.3,63.21 1 0
github.com/m11ano/budget_planner/backend/ledger/internal/domain/budget/usecase/budget/commands.go:63.21,67.4 1 0
github.com/m11ano/budget_planner/backend/ledger/internal/domain/budget/usecase/budget/commands.go:69.3,70.17 2 0
github.com/m11ano/budget_planner/backend/ledger/internal/domain/budget/usecase/budget/commands.go:70.17,72.4 1 0
github.com/m11ano/budget_planner/backend/ledger/internal/domain/budget/usecase/budget/commands.go:74.3,74.13 1 0
github.com/m11ano/budget_planner/backend/ledger/internal/domain/budget/usecase/budget/commands.go:76.2,76.16 1 0
github.com/m11ano/budget_planner/backend/ledger/internal/domain/budget/usecase/budget/commands.go:76.16,78.3 1 0
github.com/m11ano/budget_planner/backend/ledger/internal/domain/budget/usecase/budget/commands.go:80.2,81.16 2 0
github.com/m11ano/budget_planner/backend/ledger/internal/domain/budget/usecase/budget/commands.go:81.16,83.3 1 0
github.com/m11ano/budget_planner/backend/ledger/internal/domain/budget/usecase/budget/commands.go:85.2,85.25 1 0
github.com/m11ano/budget_planner/backend/ledger/internal/domain/budget/usecase/budget/commands.go:85.25,88.3 2 0
github.com/m11ano/budget_planner/backend/ledger/internal/domain/budget/usecase/budget/commands.go:90.2,92.31 3 0
github.com/m11ano/budget_planner/backend/ledger/internal/domain/budget/usecase/budget/commands.go:92.31,95.17 3 0
github.com/m11ano/budget_planner/backend/ledger/internal/domain/budget/usecase/budget/commands.go:95.17,97.4 1 0
github.com/m11ano/budget_planner/backend/ledger/internal/domain/budget/usecase/budget/commands.go:100.2,100.26 1 0
github.com/m11ano/budget_planner/backend/ledger/internal/domain/budget/usecase/budget/commands.go:108.9,113.100 3 0
github.com/m11ano/budget_planner/backend/ledger/internal/domain/budget/usecase/budget/commands.go:113.100,117.17 2 0
github.com/m11ano/budget_planner/backend/ledger/internal/domain/budget/usecase/budget/commands.go:117.17,119.4 1 0
github.com/m11ano/budget_planner/backend/ledger/internal/domain/budget/usecase/budget/commands.go:121.3,123.36 2 0
github.com/m11ano/budget_planner/backend/ledger/internal/domain/budget/usecase/budget/commands.go:123.36,125.65 2 0
github.com/m11ano/budget_planner/backend/ledger/internal/domain/budget/usecase/budget/commands.go:125.65,127.5 1 0
github.com/m11ano/budget_planner/backend/ledger/internal/domain/budget/usecase/budget/commands.go:130.3,130.58 1 0
github.com/m11ano/budget_planner/backend/ledger/internal/domain/budget/usecase/budget/commands.go:130.58,134.4 1 0
github.com/m11ano/budget_planner/backend/ledger/internal/domain/budget/usecase/budget/commands.go:136.3,136.23 1 0
github.com/m11ano/budget_planner/backend/ledger/internal/domain/budget/usecase/budget/commands.go:136.23,138.18 2 0
github.com/m11ano/budget_planner/backend/ledger/internal/domain/budget/usecase/budget/commands.go:138.18,140.5 1 0
github.com/m11ano/budget_planner/backend/ledger/internal/domain/budget/usecase/budget/commands.go:143.3,150.66 3 0
github.com/m11ano/budget_planner/backend/ledger/internal/domain/budget/usecase/budget/commands.go:150.66,155.4 3 0
github.com/m11ano/budget_planner/backend/ledger/internal/domain/budget/usecase/budget/commands.go:157.3,160.43 1 0
github.com/m11ano/budget_planner/backend/ledger/internal/domain/budget/usecase/budget/commands.go:160.43,163.18 2 0
github.com/m11ano/budget_planner/backend/ledger/internal/domain/budget/usecase/budget/commands.go:163.18,165.5 1 0
github.com/m11ano/budget_planner/backend/ledger/internal/domain/budget/usecase/budget/commands.go:167.4,168.45 2 0
github.com/m11ano/budget_planner/backend/ledger/internal/domain/budget/usecase/budget/commands.go:171.3,171.16 1 0
github.com/m11ano/budget_planner/backend/ledger/internal/domain/budget/usecase/budget/commands.go:171.16,175.18 2 0
github.com/m11ano/budget_planner/backend/ledger/internal/domain/budget/usecase/budget/commands.go:175.18,177.5 1 0
github.com/m11ano/budget_planner/backend/ledger/internal/domain/budget/usecase/budget/commands.go:179.4,179.22 1 0
github.com/m11ano/budget_planner/backend/ledger/internal/domain/budget/usecase/budget/commands.go:179.22,183.5 1 0
github.com/m11ano/budget_planner/backend/ledger/internal/domain/budget/usecase/budget/commands.go:186.3,187.17 2 0
github.com/m11ano/budget_planner/backend/ledger/internal/domain/budget/usecase/budget/commands.go:187.17,189.4 1 0
github.com/m11ano/budget_planner/backend/ledger/internal/domain/budget/usecase/budget/commands.go:191.3,191.13 1 0
github.com/m11ano/budget_planner/backend/ledger/internal/domain/budget/usecase/budget/commands.go:193.2,193.16 1 0
github.com/m11ano/budget_planner/backend/ledger/internal/domain/budget/usecase/budget/commands.go:193.16,195.3 1 0
github.com/m11ano/budget_planner/backend/ledger/internal/domain/budget/usecase/budget/commands.go:197.2,199.31 3 0
github.com/m11ano/budget_planner/backend/ledger/internal/domain/budget/usecase/budget/commands.go:199.31,206.17 3 0
github.com/m11ano/budget_planner/backend/ledger/internal/domain/budget/usecase/budget/commands.go:206.17,208.4 1 0
github.com/m11ano/budget_planner/backend/ledger/internal/domain/budget/usecase/budget/commands.go:211.2,211.12 1 0
github.com/m11ano/budget_planner/backend/ledger/internal/domain/budget/usecase/budget/commands.go:214.82,219.67 3 0
github.com/m11ano/budget_planner/backend/ledger/internal/domain/budget/usecase/budget/commands.go:219.67,223.17 2 0
github.com/m11ano/budget_planner/backend/ledger/internal/domain/budget/usecase/budget/commands.go:223.17,225.4 1 0
github.com/m11ano/budget_planner/backend/ledger/internal/domain/budget/usecase/budget/commands.go:227.3,229.36 2 0
github.com/m11ano/budget_planner/backend/ledger/internal/domain/budget/usecase/budget/commands.go:229.36,231.65 2 0
github.com/m11ano/budget_planner/backend/ledger/internal/domain/budget/usecase/budget/commands.go:231.65,233.5 1 0
github.com/m11ano/budget_planner/backend/ledger/internal/domain/budget/usecase/budget/commands.go:236.3,239.17 3 0
github.com/m11ano/budget_planner/backend/ledger/internal/domain/budget/usecase/budget/commands.go:239.17,241.4 1 0
github.com/m11ano/budget_planner/backend/ledger/internal/domain/budget/usecase/budget/commands.go:243.3,243.13 1 0
github.com/m11ano/budget_planner/backend/ledger/internal/domain/budget/usecase/budget/commands.go:245.2,245.16 1 0
github.com/m11ano/budget_planner/backend/ledger/internal/domain/budget/usecase/budget/commands.go:245.16,247.3 1 0
github.com/m11ano/budget_planner/backend/ledger/internal/domain/budget/usecase/budget/commands.go:249.2,251.31 3 0
github.com/m11ano/budget_planner/backend/ledger/internal/domain/budget/usecase/budget/commands.go:251.31,254.17 3 0
github.com/m11ano/budget_planner/backend/ledger/internal/domain/budget/usecase/budget/commands.go:254.17,256.4 1 0
github.com/m11ano/budget_planner/backend/ledger/internal/domain/budget/usecase/budget/commands.go:259.2,259.12 1 0
github.com/m11ano/budget_planner/backend/ledger/internal/domain/budget/usecase/budget/helpers.go:17.33,20.29 2 0
github.com/m11ano/budget_planner/backend/ledger/internal/domain/budget/usecase/budget/helpers.go:20.29,26.3 2 0
github.com/m11ano/budget_planner/backend/ledger/internal/domain/budget/usecase/budget/helpers.go:28.2,28.17 1 0
github.com/m11ano/budget_planner/backend/ledger/internal/domain/budget/usecase/budget/helpers.go:31.50,33.2 1 0
github.com/m11ano/budget_planner/backend/ledger/internal/domain/budget/usecase/budget/helpers.go:38.10,43.40 3 0
github.com/m11ano/budget_planner/backend/ledger/internal/domain/budget/usecase/budget/helpers.go:43.40,46.3 2 0
github.com/m11ano/budget_planner/backend/ledger/internal/domain/budget/usecase/budget/helpers.go:48.2,48.37 1 0
github.com/m11ano/budget_planner/backend/ledger/internal/domain/budget/usecase/budget/helpers.go:48.37,51.3 2 0
github.com/m11ano/budget_planner/backend/ledger/internal/domain/budget/usecase/budget/helpers.go:53.2,53.41 1 0
github.com/m11ano/budget_planner/backend/ledger/internal/domain/budget/usecase/budget/helpers.go:53.41,56.3 2 0
github.com/m11ano/budget_planner/backend/ledger/internal/domain/budget/usecase/budget/helpers.go:58.2,58.39 1 0
github.com/m11ano/budget_planner/backend/ledger/internal/domain/budget/usecase/budget/helpers.go:58.39,61.3 2 0
github.com/m11ano/budget_planner/backend/ledger/internal/domain/budget/usecase/budget/helpers.go:63.2,63.41 1 0
github.com/m11ano/budget_planner/backend/ledger/internal/domain/budget/usecase/budget/helpers.go:63.41,66.3 2 0
github.com/m11ano/budget_planner/backend/ledger/internal/domain/budget/usecase/budget/helpers.go:68.2,68.29 1 0
github.com/m11ano/budget_planner/backend/ledger/internal/domain/budget/usecase/budget/helpers.go:68.29,70.41 2 0
github.com/m11ano/budget_planner/backend/ledger/internal/domain/budget/usecase/budget/helpers.go:70.41,72.4 1 0
github.com/m11ano/budget_planner/backend/ledger/internal/domain/budget/usecase/budget/helpers.go:75.2,75.24 1 0
github.com/m11ano/budget_planner/backend/ledger/internal/domain/budget/usecase/budget/helpers.go:75.24,80.3 4 0
github.com/m11ano/budget_planner/backend/ledger/internal/domain/budget/usecase/budget/helpers.go:82.2,82.28 1 0
github.com/m11ano/budget_planner/backend/ledger/internal/domain/budget/usecase/budget/helpers.go:88.10,90.2 1 0
github.com/m11ano/budget_planner/backend/ledger/internal/domain/budget/usecase/budget/impl.go:30.16,41.2 2 0
github.com/m11ano/budget_planner/backend/ledger/internal/domain/budget/usecase/budget/queries.go:30.37,35.59 3 0
github.com/m11ano/budget_planner/backend/ledger/internal/domain/budget/usecase/budget/queries.go:35.59,36.51 1 0
github.com/m11ano/budget_planner/backend/ledger/internal/domain/budget/usecase/budget/queries.go:36.51,38.18 2 0
github.com/m11ano/budget_planner/backend/ledger/internal/domain/budget/usecase/budget/queries.go:38.18,45.5 2 0
github.com/m11ano/budget_planner/backend/ledger/internal/domain/budget/usecase/budget/queries.go:45.10,45.53 1 0
github.com/m11ano/budget_planner/backend/ledger/internal/domain/budget/usecase/budget/queries.go:45.53,47.5 1 0
github.com/m11ano/budget_planner/backend/ledger/internal/domain/budget/usecase/budget/queries.go:49.4,49.86 1 0
github.com/m11ano/budget_planner/backend/ledger/internal/domain/budget/usecase/budget/queries.go:52.3,53.17 2 0
github.com/m11ano/budget_planner/backend/ledger/internal/domain/budget/usecase/budget/queries.go:53.17,55.4 1 0
github.com/m11ano/budget_planner/backend/ledger/internal/domain/budget/usecase/budget/queries.go:57.3,58.17 2 0
github.com/m11ano/budget_planner/backend/ledger/internal/domain/budget/usecase/budget/queries.go:58.17,60.4 1 0
github.com/m11ano/budget_planner/backend/ledger/internal/domain/budget/usecase/budget/queries.go:62.3,65.9 1 0
github.com/m11ano/budget_planner/backend/ledger/internal/domain/budget/usecase/budget/queries.go:67.2,67.16 1 0
github.com/m11ano/budget_planner/backend/ledger/internal/domain/budget/usecase/budget/queries.go:67.16,69.3 1 0
github.com/m11ano/budget_planner/backend/ledger/internal/domain/budget/usecase/budget/queries.go:71.2,72.9 2 0
github.com/m11ano/budget_planner/backend/ledger/internal/domain/budget/usecase/budget/queries.go:72.9,74.3 1 0
github.com/m11ano/budget_planner/backend/ledger/internal/domain/budget/usecase/budget/queries.go:76.2,76.35 1 0
github.com/m11ano/budget_planner/backend/ledger/internal/domain/budget/usecase/budget/queries.go:76.35,78.71 2 0
github.com/m11ano/budget_planner/backend/ledger/internal/domain/budget/usecase/budget/queries.go:78.71,80.4 1 0
github.com/m11ano/budget_planner/backend/ledger/internal/domain/budget/usecase/budget/queries.go:83.2,84.16 2 0
github.com/m11ano/budget_planner/backend/ledger/internal/domain/budget/usecase/budget/queries.go:84.16,86.3 1 0
github.com/m11ano/budget_planner/backend/ledger/internal/domain/budget/usecase/budget/queries.go:88.2,88.19 1 0
github.com/m11ano/budget_planner/backend/ledger/internal/domain/budget/usecase/budget/queries.go:88.19,90.3 1 0
github.com/m11ano/budget_planner/backend/ledger/internal/domain/budget/usecase/budget/queries.go:92.2,92.39 1 0
github.com/m11ano/budget_planner/backend/ledger/internal/domain/budget/usecase/budget/queries.go:104.39,109.59 3 0
github.com/m11ano/budget_planner/backend/ledger/internal/domain/budget/usecase/budget/queries.go:109.59,110.51 1 0
github.com/m11ano/budget_planner/backend/ledger/internal/domain/budget/usecase/budget/queries.go:110.51,112.18 2 0
github.com/m11ano/budget_planner/backend/ledger/internal/domain/budget/usecase/budget/queries.go:112.18,119.5 2 0
github.com/m11ano/budget_planner/backend/ledger/internal/domain/budget/usecase/budget/queries.go:119.10,119.53 1 0
github.com/m11ano/budget_planner/backend/ledger/internal/domain/budget/usecase/budget/queries.go:119.53,121.5 1 0
github.com/m11ano/budget_planner/backend/ledger/internal/domain/budget/usecase/budget/queries.go:123.4,123.89 1 0
github.com/m11ano/budget_planner/backend/ledger/internal/domain/budget/usecase/budget/queries.go:126.3,127.17 2 0
github.com/m11ano/budget_planner/backend/ledger/internal/domain/budget/usecase/budget/queries.go:127.17,129.4 1 0
github.com/m11ano/budget_planner/backend/ledger/internal/domain/budget/usecase/budget/queries.go:131.3,132.17 2 0
github.com/m11ano/budget_planner/backend/ledger/internal/domain/budget/usecase/budget/queries.go:132.17,134.4 1 0
github.com/m11ano/budget_planner/backend/ledger/internal/domain/budget/usecase/budget/queries.go:136.3,139.9 1 0
github.com/m11ano/budget_planner/backend/ledger/internal/domain/budget/usecase/budget/queries.go:141.2,141.16 1 0
github.com/m11ano/budget_planner/backend/ledger/internal/domain/budget/usecase/budget/queries.go:141.16,143.3 1 0
github.com/m11ano/budget_planner/backend/ledger/internal/domain/budget/usecase/budget/queries.go:145.2,146.9 2 0
github.com/m11ano/budget_planner/backend/ledger/internal/domain/budget/usecase/budget/queries.go:146.9,148.3 1 0
github.com/m11ano/budget_planner/backend/ledger/internal/domain/budget/usecase/budget/queries.go:150.2,151.16 2 0
github.com/m11ano/budget_planner/backend/ledger/internal/domain/budget/usecase/budget/queries.go:151.16,153.3 1 0
github.com/m11ano/budget_planner/backend/ledger/internal/domain/budget/usecase/budget/queries.go:155.2,155.36 1 0
github.com/m11ano/budget_planner/backend/ledger/internal/domain/budget/usecase/budget/queries.go:168.47,173.59 3 0
github.com/m11ano/budget_planner/backend/ledger/internal/domain/budget/usecase/budget/queries.go:173.59,174.51 1 0
github.com/m11ano/budget_planner/backend/ledger/internal/domain/budget/usecase/budget/queries.go:174.51,176.18 2 0
github.com/m11ano/budget_planner/backend/ledger/internal/domain/budget/usecase/budget/queries.go:176.18,184.5 2 0
github.com/m11ano/budget_planner/backend/ledger/internal/domain/budget/usecase/budget/queries.go:184.10,184.53 1 0
github.com/m11ano/budget_planner/backend/ledger/internal/domain/budget/usecase/budget/queries.go:184.53,186.5 1 0
github.com/m11ano/budget_planner/backend/ledger/internal/domain/budget/usecase/budget/queries.go:188.4,188.94 1 0
github.com/m11ano/budget_planner/backend/ledger/internal/domain/budget/usecase/budget/queries.go:191.3,192.17 2 0
github.com/m11ano/budget_planner/backend/ledger/internal/domain/budget/usecase/budget/queries.go:192.17,194.4 1 0
github.com/m11ano/budget_planner/backend/ledger/internal/domain/budget/usecase/budget/queries.go:196.3,197.17 2 0
github.com/m11ano/budget_planner/backend/ledger/internal/domain/budget/usecase/budget/queries.go:197.17,199.4 1 0
github.com/m11ano/budget_planner/backend/ledger/internal/domain/budget/usecase/budget/queries.go:201.3,205.9 1 0
github.com/m11ano/budget_planner/backend/ledger/internal/domain/budget/usecase/budget/queries.go:207.2,207.16 1 0
github.com/m11ano/budget_planner/backend/ledger/internal/domain/budget/usecase/budget/queries.go:207.16,209.3 1 0
github.com/m11ano/budget_planner/backend/ledger/internal/domain/budget/usecase/budget/queries.go:211.2,212.9 2 0
github.com/m11ano/budget_planner/backend/ledger/internal/domain/budget/usecase/budget/queries.go:212.9,214.3 1 0
github.com/m11ano/budget_planner/backend/ledger/internal/domain/budget/usecase/budget/queries.go:216.2,217.16 2 0
github.com/m11ano/budget_planner/backend/ledger/internal/domain/budget/usecase/budget/queries.go:217.16,219.3 1 0
github.com/m11ano/budget_planner/backend/ledger/internal/domain/budget/usecase/budget/queries.go:221.2,221.52 1 0
github.com/m11ano/budget_planner/backend/ledger/internal/domain/budget/usecase/category/helpers.go:13.35,16.29 2 0
github.com/m11ano/budget_planner/backend/ledger/internal/domain/budget/usecase/category/helpers.go:16.29,22.3 2 0
github.com/m11ano/budget_planner/backend/ledger/internal/domain/budget/usecase/category/helpers.go:24.2,24.17 1 0
github.com/m11ano/budget_planner/backend/ledger/internal/domain/budget/usecase/category/impl.go:24.16,33.2 2 0
github.com/m11ano/budget_planner/backend/ledger/internal/domain/budget/usecase/category/queries.go:17.33,21.16 3 0
github.com/m11ano/budget_planner/backend/ledger/internal/domain/budget/usecase/category/queries.go:21.16,23.3 1 0
github.com/m11ano/budget_planner/backend/ledger/internal/domain/budget/usecase/category/queries.go:25.2,26.16 2 0
github.com/m11ano/budget_planner/backend/ledger/internal/domain/budget/usecase/category/queries.go:26.16,28.3 1 0
github.com/m11ano/budget_planner/backend/ledger/internal/domain/budget/usecase/category/queries.go:30.2,30.19 1 0
github.com/m11ano/budget_planner/backend/ledger/internal/domain/budget/usecase/category/queries.go:30.19,32.3 1 0
github.com/m11ano/budget_planner/backend/ledger/internal/domain/budget/usecase/category/queries.go:34.2,34.20 1 0
github.com/m11ano/budget_planner/backend/ledger/internal/domain/budget/usecase/category/queries.go:41.35,45.16 3 0
github.com/m11ano/budget_planner/backend/ledger/internal/domain/budget/usecase/category/queries.go:45.16,47.3 1 0
github.com/m11ano/budget_planner/backend/ledger/internal/domain/budget/usecase/category/queries.go:49.2,50.16 2 0
github.com/m11ano/budget_planner/backend/ledger/internal/domain/budget/usecase/category/queries.go:50.16,52.3 1 0
github.com/m11ano/budget_planner/backend/ledger/internal/domain/budget/usecase/category/queries.go:54.2,54.17 1 0
github.com/m11ano/budget_planner/backend/ledger/internal/domain/budget/usecase/transaction/commands.go:24.36,27.35 2 0
github.com/m11ano/budget_planner/backend/ledger/internal/domain/budget/usecase/transaction/commands.go:27.35,29.60 2 0
github.com/m11ano/budget_planner/backend/ledger/internal/domain/budget/usecase/transaction/commands.go:29.60,31.4 1 0
github.com/m11ano/budget_planner/backend/ledger/internal/domain/budget/usecase/transaction/commands.go:34.2,41.16 2 0
github.com/m11ano/budget_planner/backend/ledger/internal/domain/budget/usecase/transaction/commands.go:41.16,43.3 1 0
github.com/m11ano/budget_planner/backend/ledger/internal/domain/budget/usecase/transaction/commands.go:45.2,46.16 2 0
github.com/m11ano/budget_planner/backend/ledger/internal/domain/budget/usecase/transaction/commands.go:46.16,48.3 1 0
github.com/m11ano/budget_planner/backend/ledger/internal/domain/budget/usecase/transaction/commands.go:50.2,50.99 1 0
github.com/m11ano/budget_planner/backend/ledger/internal/domain/budget/usecase/transaction/commands.go:50.99,52.17 2 0
github.com/m11ano/budget_planner/backend/ledger/internal/domain/budget/usecase/transaction/commands.go:52.17,53.45 1 0
github.com/m11ano/budget_planner/backend/ledger/internal/domain/budget/usecase/transaction/commands.go:53.45,55.5 1 0
github.com/m11ano/budget_planner/backend/ledger/internal/domain/budget/usecase/transaction/commands.go:56.4,56.14 1 0
github.com/m11ano/budget_planner/backend/ledger/internal/domain/budget/usecase/transaction/commands.go:59.3,59.19 1 0
github.com/m11ano/budget_planner/backend/ledger/internal/domain/budget/usecase/transaction/commands.go:59.19,73.18 3 0
github.com/m11ano/budget_planner/backend/ledger/internal/domain/budget/usecase/transaction/commands.go:73.18,75.5 1 0
github.com/m11ano/budget_planner/backend/ledger/internal/domain/budget/usecase/transaction/commands.go:77.4,77.28 1 0
github.com/m11ano/budget_planner/backend/ledger/internal/domain/budget/usecase/transaction/commands.go:77.28,88.19 4 0
github.com/m11ano/budget_planner/backend/ledger/internal/domain/budget/usecase/transaction/commands.go:88.19,90.6 1 0
github.com/m11ano/budget_planner/backend/ledger/internal/domain/budget/usecase/transaction/commands.go:92.5,93.36 2 0
github.com/m11ano/budget_planner/backend/ledger/internal/domain/budget/usecase/transaction/commands.go:93.36,94.27 1 0
github.com/m11ano/budget_planner/backend/ledger/internal/domain/budget/usecase/transaction/commands.go:94.27,96.21 2 0
github.com/m11ano/budget_planner/backend/ledger/internal/domain/budget/usecase/transaction/commands.go:96.21,98.8 1 0
github.com/m11ano/budget_planner/backend/ledger/internal/domain/budget/usecase/transaction/commands.go:102.5,102.47 1 0
github.com/m11ano/budget_planner/backend/ledger/internal/domain/budget/usecase/transaction/commands.go:102.47,104.6 1 0
github.com/m11ano/budget_planner/backend/ledger/internal/domain/budget/usecase/transaction/commands.go:108.3,109.17 2 0
github.com/m11ano/budget_planner/backend/ledger/internal/domain/budget/usecase/transaction/commands.go:109.17,111.4 1 0
github.com/m11ano/budget_planner/backend/ledger/internal/domain/budget/usecase/transaction/commands.go:113.3,113.13 1 0
github.com/m11ano/budget_planner/backend/ledger/internal/domain/budget/usecase/transaction/commands.go:115.2,115.16 1 0
github.com/m11ano/budget_planner/backend/ledger/internal/domain/budget/usecase/transaction/commands.go:115.16,117.3 1 0
github.com/m11ano/budget_planner/backend/ledger/internal/domain/budget/usecase/transaction/commands.go:119.2,120.16 2 0
github.com/m11ano/budget_planner/backend/ledger/internal/domain/budget/usecase/transaction/commands.go:120.16,122.3 1 0
github.com/m11ano/budget_planner/backend/ledger/internal/domain/budget/usecase/transaction/commands.go:124.2,124.30 1 0
github.com/m11ano/budget_planner/backend/ledger/internal/domain/budget/usecase/transaction/commands.go:124.30,127.3 2 0
github.com/m11ano/budget_planner/backend/ledger/internal/domain/budget/usecase/transaction/commands.go:129.2,129.31 1 0
github.com/m11ano/budget_planner/backend/ledger/internal/domain/budget/usecase/transaction/commands.go:137.9,140.100 2 0
github.com/m11ano/budget_planner/backend/ledger/internal/domain/budget/usecase/transaction/commands.go:140.100,144.17 2 0
github.com/m11ano/budget_planner/backend/ledger/internal/domain/budget/usecase/transaction/commands.go:144.17,146.4 1 0
github.com/m11ano/budget_planner/backend/ledger/internal/domain/budget/usecase/transaction/commands.go:148.3,148.36 1 0
github.com/m11ano/budget_planner/backend/ledger/internal/domain/budget/usecase/transaction/commands.go:148.36,150.70 2 0
github.com/m11ano/budget_planner/backend/ledger/internal/domain/budget/usecase/transaction/commands.go:150.70,152.5 1 0
github.com/m11ano/budget_planner/backend/ledger/internal/domain/budget/usecase/transaction/commands.go:155.3,155.63 1 0
github.com/m11ano/budget_planner/backend/ledger/internal/domain/budget/usecase/transaction/commands.go:155.63,159.4 1 0
github.com/m11ano/budget_planner/backend/ledger/internal/domain/budget/usecase/transaction/commands.go:161.3,161.27 1 0
github.com/m11ano/budget_planner/backend/ledger/internal/domain/budget/usecase/transaction/commands.go:161.27,163.18 2 0
github.com/m11ano/budget_planner/backend/ledger/internal/domain/budget/usecase/transaction/commands.go:163.18,164.46 1 0
github.com/m11ano/budget_planner/backend/ledger/internal/domain/budget/usecase/transaction/commands.go:164.46,166.6 1 0
github.com/m11ano/budget_planner/backend/ledger/internal/domain/budget/usecase/transaction/commands.go:167.5,167.15 1 0
github.com/m11ano/budget_planner/backend/ledger/internal/domain/budget/usecase/transaction/commands.go:170.4,170.43 1 0
github.com/m11ano/budget_planner/backend/ledger/internal/domain/budget/usecase/transaction/commands.go:173.3,173.27 1 0
github.com/m11ano/budget_planner/backend/ledger/internal/domain/budget/usecase/transaction/commands.go:173.27,175.18 2 0
github.com/m11ano/budget_planner/backend/ledger/internal/domain/budget/usecase/transaction/commands.go:175.18,177.5 1 0
github.com/m11ano/budget_planner/backend/ledger/internal/domain/budget/usecase/transaction/commands.go:180.3,180.23 1 0
github.com/m11ano/budget_planner/backend/ledger/internal/domain/budget/usecase/transaction/commands.go:180.23,181.29 1 0
github.com/m11ano/budget_planner/backend/ledger/internal/domain/budget/usecase/transaction/commands.go:181.29,195.19 3 0
github.com/m11ano/budget_planner/backend/ledger/internal/domain/budget/usecase/transaction/commands.go:195.19,197.6 1 0
github.com/m11ano/budget_planner/backend/ledger/internal/domain/budget/usecase/transaction/commands.go:199.5,199.29 1 0
github.com/m11ano/budget_planner/backend/ledger/internal/domain/budget/usecase/transaction/commands.go:199.29,211.20 4 0
github.com/m11ano/budget_planner/backend/ledger/internal/domain/budget/usecase/transaction/commands.go:211.20,213.7 1 0
github.com/m11ano/budget_planner/backend/ledger/internal/domain/budget/usecase/transaction/commands.go:215.6,216.37 2 0
github.com/m11ano/budget_planner/backend/ledger/internal/domain/budget/usecase/transaction/commands.go:216.37,217.28 1 0
github.com/m11ano/budget_planner/backend/ledger/internal/domain/budget/usecase/transaction/commands.go:217.28,219.22 2 0
github.com/m11ano/budget_planner/backend/ledger/internal/domain/budget/usecase/transaction/commands.go:219.22,221.9 1 0
github.com/m11ano/budget_planner/backend/ledger/internal/domain/budget/usecase/transaction/commands.go:225.6,225.48 1 0
github.com/m11ano/budget_planner/backend/ledger/internal/domain/budget/usecase/transaction/commands.go:225.48,227.7 1 0
github.com/m11ano/budget_planner/backend/ledger/internal/domain/budget/usecase/transaction/commands.go:231.4,232.18 2 0
github.com/m11ano/budget_planner/backend/ledger/internal/domain/budget/usecase/transaction/commands.go:232.18,234.5 1 0
github.com/m11ano/budget_planner/backend/ledger/internal/domain/budget/usecase/transaction/commands.go:237.3,237.28 1 0
github.com/m11ano/budget_planner/backend/ledger/internal/domain/budget/usecase/transaction/commands.go:237.28,239.18 2 0
github.com/m11ano/budget_planner/backend/ledger/internal/domain/budget/usecase/transaction/commands.go:239.18,241.5 1 0
github.com/m11ano/budget_planner/backend/ledger/internal/domain/budget/usecase/transaction/commands.go:244.3,245.17 2 0
github.com/m11ano/budget_planner/backend/ledger/internal/domain/budget/usecase/transaction/commands.go:245.17,247.4 1 0
github.com/m11ano/budget_planner/backend/ledger/internal/domain/budget/usecase/transaction/commands.go:249.3,249.13 1 0
github.com/m11ano/budget_planner/backend/ledger/internal/domain/budget/usecase/transaction/commands.go:251.2,251.16 1 0
github.com/m11ano/budget_planner/backend/ledger/internal/domain/budget/usecase/transaction/commands.go:251.16,253.3 1 0
github.com/m11ano/budget_planner/backend/ledger/internal/domain/budget/usecase/transaction/commands.go:255.2,255.12 1 0
github.com/m11ano/budget_planner/backend/ledger/internal/domain/budget/usecase/transaction/commands.go:258.87,261.67 2 0
github.com/m11ano/budget_planner/backend/ledger/internal/domain/budget/usecase/transaction/commands.go:261.67,265.17 2 0
github.com/m11ano/budget_planner/backend/ledger/internal/domain/budget/usecase/transaction/commands.go:265.17,267.4 1 0
github.com/m11ano/budget_planner/backend/ledger/internal/domain/budget/usecase/transaction/commands.go:269.3,269.36 1 0
github.com/m11ano/budget_planner/backend/ledger/internal/domain/budget/usecase/transaction/commands.go:269.36,271.70 2 0
github.com/m11ano/budget_planner/backend/ledger/internal/domain/budget/usecase/transaction/commands.go:271.70,273.5 1 0
github.com/m11ano/budget_planner/backend/ledger/internal/domain/budget/usecase/transaction/commands.go:276.3,279.17 3 0
github.com/m11ano/budget_planner/backend/ledger/internal/domain/budget/usecase/transaction/commands.go:279.17,281.4 1 0
github.com/m11ano/budget_planner/backend/ledger/internal/domain/budget/usecase/transaction/commands.go:283.3,283.13 1 0
github.com/m11ano/budget_planner/backend/ledger/internal/domain/budget/usecase/transaction/commands.go:285.2,285.16 1 0
github.com/m11ano/budget_planner/backend/ledger/internal/domain/budget/usecase/transaction/commands.go:285.16,287.3 1 0
github.com/m11ano/budget_planner/backend/ledger/internal/domain/budget/usecase/transaction/commands.go:289.2,289.12 1 0
github.com/m11ano/budget_planner/backend/ledger/internal/domain/budget/usecase/transaction/commands.go:296.9,300.16 3 0
github.com/m11ano/budget_planner/backend/ledger/internal/domain/budget/usecase/transaction/commands.go:300.16,302.3 1 0
github.com/m11ano/budget_planner/backend/ledger/internal/domain/budget/usecase/transaction/commands.go:304.2,304.99 1 0
github.com/m11ano/budget_planner/backend/ledger/internal/domain/budget/usecase/transaction/commands.go:304.99,305.32 1 0
github.com/m11ano/budget_planner/backend/ledger/internal/domain/budget/usecase/transaction/commands.go:305.32,314.18 2 0
github.com/m11ano/budget_planner/backend/ledger/internal/domain/budget/usecase/transaction/commands.go:314.18,316.11 2 0
github.com/m11ano/budget_planner/backend/ledger/internal/domain/budget/usecase/transaction/commands.go:316.11,321.6 3 0
github.com/m11ano/budget_planner/backend/ledger/internal/domain/budget/usecase/transaction/commands.go:322.5,322.70 1 0
github.com/m11ano/budget_planner/backend/ledger/internal/domain/budget/usecase/transaction/commands.go:326.3,326.13 1 0
github.com/m11ano/budget_planner/backend/ledger/internal/domain/budget/usecase/transaction/commands.go:328.2,328.16 1 0
github.com/m11ano/budget_planner/backend/ledger/internal/domain/budget/usecase/transaction/commands.go:328.16,330.3 1 0
github.com/m11ano/budget_planner/backend/ledger/internal/domain/budget/usecase/transaction/commands.go:332.2,332.12 1 0
github.com/m11ano/budget_planner/backend/ledger/internal/domain/budget/usecase/transaction/helpers.go:16.38,19.78 2 0
github.com/m11ano/budget_planner/backend/ledger/internal/domain/budget/usecase/transaction/helpers.go:19.78,21.3 1 0
github.com/m11ano/budget_planner/backend/ledger/internal/domain/budget/usecase/transaction/helpers.go:23.2,26.16 2 0
github.com/m11ano/budget_planner/backend/ledger/internal/domain/budget/usecase/transaction/helpers.go:26.16,28.3 1 0
github.com/m11ano/budget_planner/backend/ledger/internal/domain/budget/usecase/transaction/helpers.go:30.2,30.100 1 0
github.com/m11ano/budget_planner/backend/ledger/internal/domain/budget/usecase/transaction/helpers.go:30.100,32.3 1 0
github.com/m11ano/budget_planner/backend/ledger/internal/domain/budget/usecase/transaction/helpers.go:34.2,34.29 1 0
github.com/m11ano/budget_planner/backend/ledger/internal/domain/budget/usecase/transaction/helpers.go:34.29,39.57 2 0
github.com/m11ano/budget_planner/backend/ledger/internal/domain/budget/usecase/transaction/helpers.go:39.57,41.4 1 0
github.com/m11ano/budget_planner/backend/ledger/internal/domain/budget/usecase/transaction/helpers.go:43.3,43.29 1 0
github.com/m11ano/budget_planner/backend/ledger/internal/domain/budget/usecase/transaction/helpers.go:46.2,46.17 1 0
github.com/m11ano/budget_planner/backend/ledger/internal/domain/budget/usecase/transaction/helpers.go:49.90,56.33 4 0
github.com/m11ano/budget_planner/backend/ledger/internal/domain/budget/usecase/transaction/helpers.go:56.33,59.3 2 0
github.com/m11ano/budget_planner/backend/ledger/internal/domain/budget/usecase/transaction/helpers.go:61.2,61.31 1 0
github.com/m11ano/budget_planner/backend/ledger/internal/domain/budget/usecase/transaction/helpers.go:61.31,64.3 2 0
github.com/m11ano/budget_planner/backend/ledger/internal/domain/budget/usecase/transaction/helpers.go:66.2,66.35 1 0
github.com/m11ano/budget_planner/backend/ledger/internal/domain/budget/usecase/transaction/helpers.go:66.35,69.3 2 0
github.com/m11ano/budget_planner/backend/ledger/internal/domain/budget/usecase/transaction/helpers.go:71.2,71.28 1 0
github.com/m11ano/budget_planner/backend/ledger/internal/domain/budget/usecase/transaction/impl.go:34.16,47.2 2 0
github.com/m11ano/budget_planner/backend/ledger/internal/domain/budget/usecase/transaction/queries.go:27.36,31.16 3 0
github.com/m11ano/budget_planner/backend/ledger/internal/domain/budget/usecase/transaction/queries.go:31.16,33.3 1 0
github.com/m11ano/budget_planner/backend/ledger/internal/domain/budget/usecase/transaction/queries.go:35.2,35.35 1 0
github.com/m11ano/budget_planner/backend/ledger/internal/domain/budget/usecase/transaction/queries.go:35.35,37.62 2 0
github.com/m11ano/budget_planner/backend/ledger/internal/domain/budget/usecase/transaction/queries.go:37.62,39.4 1 0
github.com/m11ano/budget_planner/backend/ledger/internal/domain/budget/usecase/transaction/queries.go:42.2,43.16 2 0
github.com/m11ano/budget_planner/backend/ledger/internal/domain/budget/usecase/transaction/queries.go:43.16,45.3 1 0
github.com/m11ano/budget_planner/backend/ledger/internal/domain/budget/usecase/transaction/queries.go:47.2,47.19 1 0
github.com/m11ano/budget_planner/backend/ledger/internal/domain/budget/usecase/transaction/queries.go:47.19,49.3 1 0
github.com/m11ano/budget_planner/backend/ledger/internal/domain/budget/usecase/transaction/queries.go:51.2,51.20 1 0
github.com/m11ano/budget_planner/backend/ledger/internal/domain/budget/usecase/transaction/queries.go:58.38,62.16 3 0
github.com/m11ano/budget_planner/backend/ledger/internal/domain/budget/usecase/transaction/queries.go:62.16,64.3 1 0
github.com/m11ano/budget_planner/backend/ledger/internal/domain/budget/usecase/transaction/queries.go:66.2,67.16 2 0
github.com/m11ano/budget_planner/backend/ledger/internal/domain/budget/usecase/transaction/queries.go:67.16,69.3 1 0
github.com/m11ano/budget_planner/backend/ledger/internal/domain/budget/usecase/transaction/queries.go:71.2,71.17 1 0
github.com/m11ano/budget_planner/backend/ledger/internal/domain/budget/usecase/transaction/queries.go:78.46,82.16 3 0
github.com/m11ano/budget_planner/backend/ledger/internal/domain/budget/usecase/transaction/queries.go:82.16,84.3 1 0
github.com/m11ano/budget_planner/backend/ledger/internal/domain/budget/usecase/transaction/queries.go:86.2,87.16 2 0
github.com/m11ano/budget_planner/backend/ledger/internal/domain/budget/usecase/transaction/queries.go:87.16,89.3 1 0
github.com/m11ano/budget_planner/backend/ledger/internal/domain/budget/usecase/transaction/queries.go:91.2,91.24 1 0
github.com/m11ano/budget_planner/backend/ledger/internal/domain/budget/usecase/transaction/queries.go:98.50,102.16 3 0
github.com/m11ano/budget_planner/backend/ledger/internal/domain/budget/usecase/transaction/queries.go:102.16,104.3 1 0
github.com/m11ano/budget_planner/backend/ledger/internal/domain/budget/usecase/transaction/queries.go:106.2,107.16 2 0
github.com/m11ano/budget_planner/backend/ledger/internal/domain/budget/usecase/transaction/queries.go:107.16,109.3 1 0
github.com/m11ano/budget_planner/backend/ledger/internal/domain/budget/usecase/transaction/queries.go:111.2,111.103 1 0
github.com/m11ano/budget_planner/backend/ledger/internal/domain/budget/usecase/transaction/queries.go:111.103,113.3 1 0
github.com/m11ano/budget_planner/backend/ledger/internal/domain/budget/usecase/transaction/queries.go:115.2,115.20 1 0
github.com/m11ano/budget_planner/backend/ledger/internal/domain/budget/usecase/transaction/queries.go:128.39,133.59 3 0
github.com/m11ano/budget_planner/backend/ledger/internal/domain/budget/usecase/transaction/queries.go:133.59,135.17 2 0
github.com/m11ano/budget_planner/backend/ledger/internal/domain/budget/usecase/transaction/queries.go:135.17,142.4 2 0
github.com/m11ano/budget_planner/backend/ledger/internal/domain/budget/usecase/transaction/queries.go:142.9,142.52 1 0
github.com/m11ano/budget_planner/backend/ledger/internal/domain/budget/usecase/transaction/queries.go:142.52,144.4 1 0
github.com/m11ano/budget_planner/backend/ledger/internal/domain/budget/usecase/transaction/queries.go:146.3,149.17 3 0
github.com/m11ano/budget_planner/backend/ledger/internal/domain/budget/usecase/transaction/queries.go:149.17,151.4 1 0
github.com/m11ano/budget_planner/backend/ledger/internal/domain/budget/usecase/transaction/queries.go:153.3,154.17 2 0
github.com/m11ano/budget_planner/backend/ledger/internal/domain/budget/usecase/transaction/queries.go:154.17,156.4 1 0
github.com/m11ano/budget_planner/backend/ledger/internal/domain/budget/usecase/transaction/queries.go:158.3,161.9 1 0
github.com/m11ano/budget_planner/backend/ledger/internal/domain/budget/usecase/transaction/queries.go:163.2,163.16 1 0
github.com/m11ano/budget_planner/backend/ledger/internal/domain/budget/usecase/transaction/queries.go:163.16,165.3 1 0
github.com/m11ano/budget_planner/backend/ledger/internal/domain/budget/usecase/transaction/queries.go:167.2,168.9 2 0
github.com/m11ano/budget_planner/backend/ledger/internal/domain/budget/usecase/transaction/queries.go:168.9,170.3 1 0
github.com/m11ano/budget_planner/backend/ledger/internal/domain/budget/usecase/transaction/queries.go:172.2,172.47 1 0
github.com/m11ano/budget_planner/backend/ledger/internal/domain/budget/usecase/transaction/queries.go:178.33,183.102 3 0
github.com/m11ano/budget_planner/backend/ledger/internal/domain/budget/usecase/transaction/queries.go:183.102,194.17 3 0
github.com/m11ano/budget_planner/backend/ledger/internal/domain/budget/usecase/transaction/queries.go:194.17,196.4 1 0
github.com/m11ano/budget_planner/backend/ledger/internal/domain/budget/usecase/transaction/queries.go:198.3,198.36 1 0
github.com/m11ano/budget_planner/backend/ledger/internal/domain/budget/usecase/transaction/queries.go:198.36,199.79 1 0
github.com/m11ano/budget_planner/backend/ledger/internal/domain/budget/usecase/transaction/queries.go:199.79,201.5 1 0
github.com/m11ano/budget_planner/backend/ledger/internal/domain/budget/usecase/transaction/queries.go:204.3,205.17 2 0
github.com/m11ano/budget_planner/backend/ledger/internal/domain/budget/usecase/transaction/queries.go:205.17,207.4 1 0
github.com/m11ano/budget_planner/backend/ledger/internal/domain/budget/usecase/transaction/queries.go:209.3,209.86 1 0
github.com/m11ano/budget_planner/backend/ledger/internal/domain/budget/usecase/transaction/queries.go:209.86,211.4 1 0
github.com/m11ano/budget_planner/backend/ledger/internal/domain/budget/usecase/transaction/queries.go:213.3,214.34 2 0
github.com/m11ano/budget_planner/backend/ledger/internal/domain/budget/usecase/transaction/queries.go:214.34,216.4 1 0
github.com/m11ano/budget_planner/backend/ledger/internal/domain/budget/usecase/transaction/queries.go:216.9,217.31 1 0
github.com/m11ano/budget_planner/backend/ledger/internal/domain/budget/usecase/transaction/queries.go:217.31,219.5 1 0
github.com/m11ano/budget_planner/backend/ledger/internal/domain/budget/usecase/transaction/queries.go:221.4,221.39 1 0
github.com/m11ano/budget_planner/backend/ledger/internal/domain/budget/usecase/transaction/queries.go:224.3,225.32 2 0
github.com/m11ano/budget_planner/backend/ledger/internal/domain/budget/usecase/transaction/queries.go:225.32,227.4 1 0
github.com/m11ano/budget_planner/backend/ledger/internal/domain/budget/usecase/transaction/queries.go:227.9,228.31 1 0
github.com/m11ano/budget_planner/backend/ledger/internal/domain/budget/usecase/transaction/queries.go:228.31,230.5 1 0
github.com/m11ano/budget_planner/backend/ledger/internal/domain/budget/usecase/transaction/queries.go:232.4,232.81 1 0
github.com/m11ano/budget_planner/backend/ledger/internal/domain/budget/usecase/transaction/queries.go:235.3,246.17 6 0
github.com/m11ano/budget_planner/backend/ledger/internal/domain/budget/usecase/transaction/queries.go:246.17,248.4 1 0
github.com/m11ano/budget_planner/backend/ledger/internal/domain/budget/usecase/transaction/queries.go:250.3,250.71 1 0
github.com/m11ano/budget_planner/backend/ledger/internal/domain/budget/usecase/transaction/queries.go:250.71,256.35 2 0
github.com/m11ano/budget_planner/backend/ledger/internal/domain/budget/usecase/transaction/queries.go:256.35,258.5 1 0
github.com/m11ano/budget_planner/backend/ledger/internal/domain/budget/usecase/transaction/queries.go:258.10,260.5 1 0
github.com/m11ano/budget_planner/backend/ledger/internal/domain/budget/usecase/transaction/queries.go:262.4,262.33 1 0
github.com/m11ano/budget_planner/backend/ledger/internal/domain/budget/usecase/transaction/queries.go:262.33,264.5 1 0
github.com/m11ano/budget_planner/backend/ledger/internal/domain/budget/usecase/transaction/queries.go:264.10,266.5 1 0
github.com/m11ano/budget_planner/backend/ledger/internal/domain/budget/usecase/transaction/queries.go:268.4,268.40 1 0
github.com/m11ano/budget_planner/backend/ledger/internal/domain/budget/usecase/transaction/queries.go:268.40,269.102 1 0
github.com/m11ano/budget_planner/backend/ledger/internal/domain/budget/usecase/transaction/queries.go:269.102,271.6 1 0
github.com/m11ano/budget_planner/backend/ledger/internal/domain/budget/usecase/transaction/queries.go:273.5,273.11 1 0
github.com/m11ano/budget_planner/backend/ledger/internal/domain/budget/usecase/transaction/queries.go:273.11,275.6 1 0
github.com/m11ano/budget_planner/backend/ledger/internal/domain/budget/usecase/transaction/queries.go:275.11,281.77 2 0
github.com/m11ano/budget_planner/backend/ledger/internal/domain/budget/usecase/transaction/queries.go:281.77,283.7 1 0
github.com/m11ano/budget_planner/backend/ledger/internal/domain/budget/usecase/transaction/queries.go:284.6,284.12 1 0
github.com/m11ano/budget_planner/backend/ledger/internal/domain/budget/usecase/transaction/queries.go:284.12,287.7 2 0
github.com/m11ano/budget_planner/backend/ledger/internal/domain/budget/usecase/transaction/queries.go:289.6,289.46 1 0
github.com/m11ano/budget_planner/backend/ledger/internal/domain/budget/usecase/transaction/queries.go:293.4,293.27 1 0
github.com/m11ano/budget_planner/backend/ledger/internal/domain/budget/usecase/transaction/queries.go:296.3,296.13 1 0
github.com/m11ano/budget_planner/backend/ledger/internal/domain/budget/usecase/transaction/queries.go:298.2,298.16 1 0
github.com/m11ano/budget_planner/backend/ledger/internal/domain/budget/usecase/transaction/queries.go:298.16,300.3 1 0
github.com/m11ano/budget_planner/backend/ledger/internal/domain/budget/usecase/transaction/queries.go:302.2,302.17 1 0
github.com/m11ano/budget_planner/backend/ledger/internal/domain/budget/usecase/transaction/queries.go:309.27,313.16 3 0
github.com/m11ano/budget_planner/backend/ledger/internal/domain/budget/usecase/transaction/queries.go:313.16,315.3 1 0
github.com/m11ano/budget_planner/backend/ledger/internal/domain/budget/usecase/transaction/queries.go:317.2,318.16 2 0
github.com/m11ano/budget_planner/backend/ledger/internal/domain/budget/usecase/transaction/queries.go:318.16,320.3 1 0
github.com/m11ano/budget_planner/backend/ledger/internal/domain/budget/usecase/transaction/queries.go:322.2,322.25 1 0
github.com/m11ano/budget_planner/backend/ledger/internal/domain/budget/usecase/budget/commands.go:23.31,26.35 2 0
github.com/m11ano/budget_planner/backend/ledger/internal/domain/budget/usecase/budget/commands.go:26.35,28.60 2 0
github.com/m11ano/budget_planner/backend/ledger/internal/domain/budget/usecase/budget/commands.go:28.60,30.4 1 0
github.com/m11ano/budget_planner/backend/ledger/internal/domain/budget/usecase/budget/commands.go:33.2,39.16 2 0
github.com/m11ano/budget_planner/backend/ledger/internal/domain/budget/usecase/budget/commands.go:39.16,41.3 1 0
github.com/m11ano/budget_planner/backend/ledger/internal/domain/budget/usecase/budget/commands.go:43.2,43.99 1 0
github.com/m11ano/budget_planner/backend/ledger/internal/domain/budget/usecase/budget/commands.go:43.99,45.17 2 0
github.com/m11ano/budget_planner/backend/ledger/internal/domain/budget/usecase/budget/commands.go:45.17,46.45 1 0
github.com/m11ano/budget_planner/backend/ledger/internal/domain/budget/usecase/budget/commands.go:46.45,48.5 1 0
github.com/m11ano/budget_planner/backend/ledger/internal/domain/budget/usecase/budget/commands.go:49.4,49.14 1 0
github.com/m11ano/budget_planner/backend/ledger/internal/domain/budget/usecase/budget/commands.go:52.3,59.17 2 0
github.com/m11ano/budget_planner/backend/ledger/internal/domain/budget/usecase/budget/commands.go:59.17,61.4 1 0
github.com/m11ano/budget_planner/backend/ledger/internal/domain/budget/usecase/budget/commands.go:63.3,63.21 1 0
github.com/m11ano/budget_planner/backend/ledger/internal/domain/budget/usecase/budget/commands.go:63.21,67.4 1 0
github.com/m11ano/budget_planner/backend/ledger/internal/domain/budget/usecase/budget/commands.go:69.3,70.17 2 0
github.com/m11ano/budget_planner/backend/ledger/internal/domain/budget/usecase/budget/commands.go:70.17,72.4 1 0
github.com/m11ano/budget_planner/backend/ledger/internal/domain/budget/usecase/budget/commands.go:74.3,74.13 1 0
github.com/m11ano/budget_planner/backend/ledger/internal/domain/budget/usecase/budget/commands.go:76.2,76.16 1 0
github.com/m11ano/budget_planner/backend/ledger/internal/domain/budget/usecase/budget/commands.go:76.16,78.3 1 0
github.com/m11ano/budget_planner/backend/ledger/internal/domain/budget/usecase/budget/commands.go:80.2,81.16 2 0
github.com/m11ano/budget_planner/backend/ledger/internal/domain/budget/usecase/budget/commands.go:81.16,83.3 1 0
github.com/m11ano/budget_planner/backend/ledger/internal/domain/budget/usecase/budget/commands.go:85.2,85.25 1 0
github.com/m11ano/budget_planner/backend/ledger/internal/domain/budget/usecase/budget/commands.go:85.25,88.3 2 0
github.com/m11ano/budget_planner/backend/ledger/internal/domain/budget/usecase/budget/commands.go:90.2,92.31 3 0
github.com/m11ano/budget_planner/backend/ledger/internal/domain/budget/usecase/budget/commands.go:92.31,95.17 3 0
github.com/m11ano/budget_planner/backend/ledger/internal/domain/budget/usecase/budget/commands.go:95.17,97.4 1 0
github.com/m11ano/budget_planner/backend/ledger/internal/domain/budget/usecase/budget/commands.go:100.2,100.26 1 0
github.com/m11ano/budget_planner/backend/ledger/internal/domain/budget/usecase/budget/commands.go:108.9,113.100 3 0
github.com/m11ano/budget_planner/backend/ledger/internal/domain/budget/usecase/budget/commands.go:113.100,117.17 2 0
github.com/m11ano/budget_planner/backend/ledger/internal/domain/budget/usecase/budget/commands.go:117.17,119.4 1 0
github.com/m11ano/budget_planner/backend/ledger/internal/domain/budget/usecase/budget/commands.go:121.3,123.36 2 0
github.com/m11ano/budget_planner/backend/ledger/internal/domain/budget/usecase/budget/commands.go:123.36,125.65 2 0
github.com/m11ano/budget_planner/backend/ledger/internal/domain/budget/usecase/budget/commands.go:125.65,127.5 1 0
github.com/m11ano/budget_planner/backend/ledger/internal/domain/budget/usecase/budget/commands.go:130.3,130.58 1 0
github.com/m11ano/budget_planner/backend/ledger/internal/domain/budget/usecase/budget/commands.go:130.58,134.4 1 0
github.com/m11ano/budget_planner/backend/ledger/internal/domain/budget/usecase/budget/commands.go:136.3,136.23 1 0
github.com/m11ano/budget_planner/backend/ledger/internal/domain/budget/usecase/budget/commands.go:136.23,138.18 2 0
github.com/m11ano/budget_planner/backend/ledger/internal/domain/budget/usecase/budget/commands.go:138.18,140.5 1 0
github.com/m11ano/budget_planner/backend/ledger/internal/domain/budget/usecase/budget/commands.go:143.3,150.66 3 0
github.com/m11ano/budget_planner/backend/ledger/internal/domain/budget/usecase/budget/commands.go:150.66,155.4 3 0
github.com/m11ano/budget_planner/backend/ledger/internal/domain/budget/usecase/budget/commands.go:157.3,160.43 1 0
github.com/m11ano/budget_planner/backend/ledger/internal/domain/budget/usecase/budget/commands.go:160.43,163.18 2 0
github.com/m11ano/budget_planner/backend/ledger/internal/domain/budget/usecase/budget/commands.go:163.18,165.5 1 0
github.com/m11ano/budget_planner/backend/ledger/internal/domain/budget/usecase/budget/commands.go:167.4,168.45 2 0
github.com/m11ano/budget_planner/backend/ledger/internal/domain/budget/usecase/budget/commands.go:171.3,171.16 1 0
github.com/m11ano/budget_planner/backend/ledger/internal/domain/budget/usecase/budget/commands.go:171.16,175.18 2 0
github.com/m11ano/budget_planner/backend/ledger/internal/domain/budget/usecase/budget/commands.go:175.18,177.5 1 0
github.com/m11ano/budget_planner/backend/ledger/internal/domain/budget/usecase/budget/commands.go:179.4,179.22 1 0
github.com/m11ano/budget_planner/backend/ledger/internal/domain/budget/usecase/budget/commands.go:179.22,183.5 1 0
github.com/m11ano/budget_planner/backend/ledger/internal/domain/budget/usecase/budget/commands.go:186.3,187.17 2 0
github.com/m11ano/budget_planner/backend/ledger/internal/domain/budget/usecase/budget/commands.go:187.17,189.4 1 0
github.com/m11ano/budget_planner/backend/ledger/internal/domain/budget/usecase/budget/commands.go:191.3,191.13 1 0
github.com/m11ano/budget_planner/backend/ledger/internal/domain/budget/usecase/budget/commands.go:193.2,193.16 1 0
github.com/m11ano/budget_planner/backend/ledger/internal/domain/budget/usecase/budget/commands.go:193.16,195.3 1 0
github.com/m11ano/budget_planner/backend/ledger/internal/domain/budget/usecase/budget/commands.go:197.2,199.31 3 0
github.com/m11ano/budget_planner/backend/ledger/internal/domain/budget/usecase/budget/commands.go:199.31,206.17 3 0
github.com/m11ano/budget_planner/backend/ledger/internal/domain/budget/usecase/budget/commands.go:206.17,208.4 1 0
github.com/m11ano/budget_planner/backend/ledger/internal/domain/budget/usecase/budget/commands.go:211.2,211.12 1 0
github.com/m11ano/budget_planner/backend/ledger/internal/domain/budget/usecase/budget/commands.go:214.82,219.67 3 0
github.com/m11ano/budget_planner/backend/ledger/internal/domain/budget/usecase/budget/commands.go:219.67,223.17 2 0
github.com/m11ano/budget_planner/backend/ledger/internal/domain/budget/usecase/budget/commands.go:223.17,225.4 1 0
github.com/m11ano/budget_planner/backend/ledger/internal/domain/budget/usecase/budget/commands.go:227.3,229.36 2 0
github.com/m11ano/budget_planner/backend/ledger/internal/domain/budget/usecase/budget/commands.go:229.36,231.65 2 0
github.com/m11ano/budget_planner/backend/ledger/internal/domain/budget/usecase/budget/commands.go:231.65,233.5 1 0
github.com/m11ano/budget_planner/backend/ledger/internal/domain/budget/usecase/budget/commands.go:236.3,239.17 3 0
github.com/m11ano/budget_planner/backend/ledger/internal/domain/budget/usecase/budget/commands.go:239.17,241.4 1 0
github.com/m11ano/budget_planner/backend/ledger/internal/domain/budget/usecase/budget/commands.go:243.3,243.13 1 0
github.com/m11ano/budget_planner/backend/ledger/internal/domain/budget/usecase/budget/commands.go:245.2,245.16 1 0
github.com/m11ano/budget_planner/backend/ledger/internal/domain/budget/usecase/budget/commands.go:245.16,247.3 1 0
github.com/m11ano/budget_planner/backend/ledger/internal/domain/budget/usecase/budget/commands.go:249.2,251.31 3 0
github.com/m11ano/budget_planner/backend/ledger/internal/domain/budget/usecase/budget/commands.go:251.31,254.17 3 0
github.com/m11ano/budget_planner/backend/ledger/internal/domain/budget/usecase/budget/commands.go:254.17,256.4 1 0
github.com/m11ano/budget_planner/backend/ledger/internal/domain/budget/usecase/budget/commands.go:259.2,259.12 1 0
github.com/m11ano/budget_planner/backend/ledger/internal/domain/budget/usecase/budget/helpers.go:17.33,20.29 2 0
github.com/m11ano/budget_planner/backend/ledger/internal/domain/budget/usecase/budget/helpers.go:20.29,26.3 2 0
github.com/m11ano/budget_planner/backend/ledger/internal/domain/budget/usecase/budget/helpers.go:28.2,28.17 1 0
github.com/m11ano/budget_planner/backend/ledger/internal/domain/budget/usecase/budget/helpers.go:31.50,33.2 1 0
github.com/m11ano/budget_planner/backend/ledger/internal/domain/budget/usecase/budget/helpers.go:38.10,43.40 3 0
github.com/m11ano/budget_planner/backend/ledger/internal/domain/budget/usecase/budget/helpers.go:43.40,46.3 2 0
github.com/m11ano/budget_planner/backend/ledger/internal/domain/budget/usecase/budget/helpers.go:48.2,48.37 1 0
github.com/m11ano/budget_planner/backend/ledger/internal/domain/budget/usecase/budget/helpers.go:48.37,51.3 2 0
github.com/m11ano/budget_planner/backend/ledger/internal/domain/budget/usecase/budget/helpers.go:53.2,53.41 1 0
github.com/m11ano/budget_planner/backend/ledger/internal/domain/budget/usecase/budget/helpers.go:53.41,56.3 2 0
github.com/m11ano/budget_planner/backend/ledger/internal/domain/budget/usecase/budget/helpers.go:58.2,58.39 1 0
github.com/m11ano/budget_planner/backend/ledger/internal/domain/budget/usecase/budget/helpers.go:58.39,61.3 2 0
github.com/m11ano/budget_planner/backend/ledger/internal/domain/budget/usecase/budget/helpers.go:63.2,63.41 1 0
github.com/m11ano/budget_planner/backend/ledger/internal/domain/budget/usecase/budget/helpers.go:63.41,66.3 2 0
github.com/m11ano/budget_planner/backend/ledger/internal/domain/budget/usecase/budget/helpers.go:68.2,68.29 1 0
github.com/m11ano/budget_planner/backend/ledger/internal/domain/budget/usecase/budget/helpers.go:68.29,70.41 2 0
github.com/m11ano/budget_planner/backend/ledger/internal/domain/budget/usecase/budget/helpers.go:70.41,72.4 1 0
github.com/m11ano/budget_planner/backend/ledger/internal/domain/budget/usecase/budget/helpers.go:75.2,75.24 1 0
github.com/m11ano/budget_planner/backend/ledger/internal/domain/budget/usecase/budget/helpers.go:75.24,80.3 4 0
github.com/m11ano/budget_planner/backend/ledger/internal/domain/budget/usecase/budget/helpers.go:82.2,82.28 1 0
github.com/m11ano/budget_planner/backend/ledger/internal/domain/budget/usecase/budget/helpers.go:88.10,90.2 1 0
github.com/m11ano/budget_planner/backend/ledger/internal/domain/budget/usecase/budget/impl.go:30.16,41.2 2 0
github.com/m11ano/budget_planner/backend/ledger/internal/domain/budget/usecase/budget/queries.go:30.37,35.59 3 0
github.com/m11ano/budget_planner/backend/ledger/internal/domain/budget/usecase/budget/queries.go:35.59,36.51 1 0
github.com/m11ano/budget_planner/backend/ledger/internal/domain/budget/usecase/budget/queries.go:36.51,38.18 2 0
github.com/m11ano/budget_planner/backend/ledger/internal/domain/budget/usecase/budget/queries.go:38.18,45.5 2 0
github.com/m11ano/budget_planner/backend/ledger/internal/domain/budget/usecase/budget/queries.go:45.10,45.53 1 0
github.com/m11ano/budget_planner/backend/ledger/internal/domain/budget/usecase/budget/queries.go:45.53,47.5 1 0
github.com/m11ano/budget_planner/backend/ledger/internal/domain/budget/usecase/budget/queries.go:49.4,49.86 1 0
github.com/m11ano/budget_planner/backend/ledger/internal/domain/budget/usecase/budget/queries.go:52.3,53.17 2 0
github.com/m11ano/budget_planner/backend/ledger/internal/domain/budget/usecase/budget/queries.go:53.17,55.4 1 0
github.com/m11ano/budget_planner/backend/ledger/internal/domain/budget/usecase/budget/queries.go:57.3,58.17 2 0
github.com/m11ano/budget_planner/backend/ledger/internal/domain/budget/usecase/budget/queries.go:58.17,60.4 1 0
github.com/m11ano/budget_planner/backend/ledger/internal/domain/budget/usecase/budget/queries.go:62.3,65.9 1 0
github.com/m11ano/budget_planner/backend/ledger/internal/domain/budget/usecase/budget/queries.go:67.2,67.16 1 0
github.com/m11ano/budget_planner/backend/ledger/internal/domain/budget/usecase/budget/queries.go:67.16,69.3 1 0
github.com/m11ano/budget_planner/backend/ledger/internal/domain/budget/usecase/budget/queries.go:71.2,72.9 2 0
github.com/m11ano/budget_planner/backend/ledger/internal/domain/budget/usecase/budget/queries.go:72.9,74.3 1 0
github.com/m11ano/budget_planner/backend/ledger/internal/domain/budget/usecase/budget/queries.go:76.2,76.35 1 0
github.com/m11ano/budget_planner/backend/ledger/internal/domain/budget/usecase/budget/queries.go:76.35,78.71 2 0
github.com/m11ano/budget_planner/backend/ledger/internal/domain/budget/usecase/budget/queries.go:78.71,80.4 1 0
github.com/m11ano/budget_planner/backend/ledger/internal/domain/budget/usecase/budget/queries.go:83.2,84.16 2 0
github.com/m11ano/budget_planner/backend/ledger/internal/domain/budget/usecase/budget/queries.go:84.16,86.3 1 0
github.com/m11ano/budget_planner/backend/ledger/internal/domain/budget/usecase/budget/queries.go:88.2,88.19 1 0
github.com/m11ano/budget_planner/backend/ledger/internal/domain/budget/usecase/budget/queries.go:88.19,90.3 1 0
github.com/m11ano/budget_planner/backend/ledger/internal/domain/budget/usecase/budget/queries.go:92.2,92.39 1 0
github.com/m11ano/budget_planner/backend/ledger/internal/domain/budget/usecase/budget/queries.go:104.39,109.59 3 0
github.com/m11ano/budget_planner/backend/ledger/internal/domain/budget/usecase/budget/queries.go:109.59,110.51 1 0
github.com/m11ano/budget_planner/backend/ledger/internal/domain/budget/usecase/budget/queries.go:110.51,112.18 2 0
github.com/m11ano/budget_planner/backend/ledger/internal/domain/budget/usecase/budget/queries.go:112.18,119.5 2 0
github.com/m11ano/budget_planner/backend/ledger/internal/domain/budget/usecase/budget/queries.go:119.10,119.53 1 0
github.com/m11ano/budget_planner/backend/ledger/internal/domain/budget/usecase/budget/queries.go:119.53,121.5 1 0
github.com/m11ano/budget_planner/backend/ledger/internal/domain/budget/usecase/budget/queries.go:123.4,123.89 1 0
github.com/m11ano/budget_planner/backend/ledger/internal/domain/budget/usecase/budget/queries.go:126.3,127.17 2 0
github.com/m11ano/budget_planner/backend/ledger/internal/domain/budget/usecase/budget/queries.go:127.17,129.4 1 0
github.com/m11ano/budget_planner/backend/ledger/internal/domain/budget/usecase/budget/queries.go:131.3,132.17 2 0
github.com/m11ano/budget_planner/backend/ledger/internal/domain/budget/usecase/budget/queries.go:132.17,134.4 1 0
github.com/m11ano/budget_planner/backend/ledger/internal/domain/budget/usecase/budget/queries.go:136.3,139.9 1 0
github.com/m11ano/budget_planner/backend/ledger/internal/domain/budget/usecase/budget/queries.go:141.2,141.16 1 0
github.com/m11ano/budget_planner/backend/ledger/internal/domain/budget/usecase/budget/queries.go:141.16,143.3 1 0
github.com/m11ano/budget_planner/backend/ledger/internal/domain/budget/usecase/budget/queries.go:145.2,146.9 2 0
github.com/m11ano/budget_planner/backend/ledger/internal/domain/budget/usecase/budget/queries.go:146.9,148.3 1 0
github.com/m11ano/budget_planner/backend/ledger/internal/domain/budget/usecase/budget/queries.go:150.2,151.16 2 0
github.com/m11ano/budget_planner/backend/ledger/internal/domain/budget/usecase/budget/queries.go:151.16,153.3 1 0
github.com/m11ano/budget_planner/backend/ledger/internal/domain/budget/usecase/budget/queries.go:155.2,155.36 1 0
github.com/m11ano/budget_planner/backend/ledger/internal/domain/budget/usecase/budget/queries.go:168.47,173.59 3 0
github.com/m11ano/budget_planner/backend/ledger/internal/domain/budget/usecase/budget/queries.go:173.59,174.51 1 0
github.com/m11ano/budget_planner/backend/ledger/internal/domain/budget/usecase/budget/queries.go:174.51,176.18 2 0
github.com/m11ano/budget_planner/backend/ledger/internal/domain/budget/usecase/budget/queries.go:176.18,184.5 2 0
github.com/m11ano/budget_planner/backend/ledger/internal/domain/budget/usecase/budget/queries.go:184.10,184.53 1 0
github.com/m11ano/budget_planner/backend/ledger/internal/domain/budget/usecase/budget/queries.go:184.53,186.5 1 0
github.com/m11ano/budget_planner/backend/ledger/internal/domain/budget/usecase/budget/queries.go:188.4,188.94 1 0
github.com/m11ano/budget_planner/backend/ledger/internal/domain/budget/usecase/budget/queries.go:191.3,192.17 2 0
github.com/m11ano/budget_planner/backend/ledger/internal/domain/budget/usecase/budget/queries.go:192.17,194.4 1 0
github.com/m11ano/budget_planner/backend/ledger/internal/domain/budget/usecase/budget/queries.go:196.3,197.17 2 0
github.com/m11ano/budget_planner/backend/ledger/internal/domain/budget/usecase/budget/queries.go:197.17,199.4 1 0
github.com/m11ano/budget_planner/backend/ledger/internal/domain/budget/usecase/budget/queries.go:201.3,205.9 1 0
github.com/m11ano/budget_planner/backend/ledger/internal/domain/budget/usecase/budget/queries.go:207.2,207.16 1 0
github.com/m11ano/budget_planner/backend/ledger/internal/domain/budget/usecase/budget/queries.go:207.16,209.3 1 0
github.com/m11ano/budget_planner/backend/ledger/internal/domain/budget/usecase/budget/queries.go:211.2,212.9 2 0
github.com/m11ano/budget_planner/backend/ledger/internal/domain/budget/usecase/budget/queries.go:212.9,214.3 1 0
github.com/m11ano/budget_planner/backend/ledger/internal/domain/budget/usecase/budget/queries.go:216.2,217.16 2 0
github.com/m11ano/budget_planner/backend/ledger/internal/domain/budget/usecase/budget/queries.go:217.16,219.3 1 0
github.com/m11ano/budget_planner/backend/ledger/internal/domain/budget/usecase/budget/queries.go:221.2,221.52 1 0
github.com/m11ano/budget_planner/backend/ledger/internal/domain/budget/usecase/category/helpers.go:13.35,16.29 2 0
github.com/m11ano/budget_planner/backend/ledger/internal/domain/budget/usecase/category/helpers.go:16.29,22.3 2 0
github.com/m11ano/budget_planner/backend/ledger/internal/domain/budget/usecase/category/helpers.go:24.2,24.17 1 0
github.com/m11ano/budget_planner/backend/ledger/internal/domain/budget/usecase/category/impl.go:24.16,33.2 2 0
github.com/m11ano/budget_planner/backend/ledger/internal/domain/budget/usecase/category/queries.go:17.33,21.16 3 0
github.com/m11ano/budget_planner/backend/ledger/internal/domain/budget/usecase/category/queries.go:21.16,23.3 1 0
github.com/m11ano/budget_planner/backend/ledger/internal/domain/budget/usecase/category/queries.go:25.2,26.16 2 0
github.com/m11ano/budget_planner/backend/ledger/internal/domain/budget/usecase/category/queries.go:26.16,28.3 1 0
github.com/m11ano/budget_planner/backend/ledger/internal/domain/budget/usecase/category/queries.go:30.2,30.19 1 0
github.com/m11ano/budget_planner/backend/ledger/internal/domain/budget/usecase/category/queries.go:30.19,32.3 1 0
github.com/m11ano/budget_planner/backend/ledger/internal/domain/budget/usecase/category/queries.go:34.2,34.20 1 0
github.com/m11ano/budget_planner/backend/ledger/internal/domain/budget/usecase/category/queries.go:41.35,45.16 3 0
github.com/m11ano/budget_planner/backend/ledger/internal/domain/budget/usecase/category/queries.go:45.16,47.3 1 0
github.com/m11ano/budget_planner/backend/ledger/internal/domain/budget/usecase/category/queries.go:49.2,50.16 2 0
github.com/m11ano/budget_planner/backend/ledger/internal/domain/budget/usecase/category/queries.go:50.16,52.3 1 0
github.com/m11ano/budget_planner/backend/ledger/internal/domain/budget/usecase/category/queries.go:54.2,54.17 1 0
github.com/m11ano/budget_planner/backend/ledger/internal/domain/budget/usecase/transaction/commands.go:24.36,27.35 2 0
github.com/m11ano/budget_planner/backend/ledger/internal/domain/budget/usecase/transaction/commands.go:27.35,29.60 2 0
github.com/m11ano/budget_planner/backend/ledger/internal/domain/budget/usecase/transaction/commands.go:29.60,31.4 1 0
github.com/m11ano/budget_planner/backend/ledger/internal/domain/budget/usecase/transaction/commands.go:34.2,41.16 2 0
github.com/m11ano/budget_planner/backend/ledger/internal/domain/budget/usecase/transaction/commands.go:41.16,43.3 1 0
github.com/m11ano/budget_planner/backend/ledger/internal/domain/budget/usecase/transaction/commands.go:45.2,46.16 2 0
github.com/m11ano/budget_planner/backend/ledger/internal/domain/budget/usecase/transaction/commands.go:46.16,48.3 1 0
github.com/m11ano/budget_planner/backend/ledger/internal/domain/budget/usecase/transaction/commands.go:50.2,50.99 1 0
github.com/m11ano/budget_planner/backend/ledger/internal/domain/budget/usecase/transaction/commands.go:50.99,52.17 2 0
github.com/m11ano/budget_planner/backend/ledger/internal/domain/budget/usecase/transaction/commands.go:52.17,53.45 1 0
github.com/m11ano/budget_planner/backend/ledger/internal/domain/budget/usecase/transaction/commands.go:53.45,55.5 1 0
github.com/m11ano/budget_planner/backend/ledger/internal/domain/budget/usecase/transaction/commands.go:56.4,56.14 1 0
github.com/m11ano/budget_planner/backend/ledger/internal/domain/budget/usecase/transaction/commands.go:59.3,59.19 1 0
github.com/m11ano/budget_planner/backend/ledger/internal/domain/budget/usecase/transaction/commands.go:59.19,73.18 3 0
github.com/m11ano/budget_planner/backend/ledger/internal/domain/budget/usecase/transaction/commands.go:73.18,75.5 1 0
github.com/m11ano/budget_planner/backend/ledger/internal/domain/budget/usecase/transaction/commands.go:77.4,77.28 1 0
github.com/m11ano/budget_planner/backend/ledger/internal/domain/budget/usecase/transaction/commands.go:77.28,88.19 4 0
github.com/m11ano/budget_planner/backend/ledger/internal/domain/budget/usecase/transaction/commands.go:88.19,90.6 1 0
github.com/m11ano/budget_planner/backend/ledger/internal/domain/budget/usecase/transaction/commands.go:92.5,93.36 2 0
github.com/m11ano/budget_planner/backend/ledger/internal/domain/budget/usecase/transaction/commands.go:93.36,94.27 1 0
github.com/m11ano/budget_planner/backend/ledger/internal/domain/budget/usecase/transaction/commands.go:94.27,96.21 2 0
github.com/m11ano/budget_planner/backend/ledger/internal/domain/budget/usecase/transaction/commands.go:96.21,98.8 1 0
github.com/m11ano/budget_planner/backend/ledger/internal/domain/budget/usecase/transaction/commands.go:102.5,102.47 1 0
github.com/m11ano/budget_planner/backend/ledger/internal/domain/budget/usecase/transaction/commands.go:102.47,104.6 1 0
github.com/m11ano/budget_planner/backend/ledger/internal/domain/budget/usecase/transaction/commands.go:108.3,109.17 2 0
github.com/m11ano/budget_planner/backend/ledger/internal/domain/budget/usecase/transaction/commands.go:109.17,111.4 1 0
github.com/m11ano/budget_planner/backend/ledger/internal/domain/budget/usecase/transaction/commands.go:113.3,113.13 1 0
github.com/m11ano/budget_planner/backend/ledger/internal/domain/budget/usecase/transaction/commands.go:115.2,115.16 1 0
github.com/m11ano/budget_planner/backend/ledger/internal/domain/budget/usecase/transaction/commands.go:115.16,117.3 1 0
github.com/m11ano/budget_planner/backend/ledger/internal/domain/budget/usecase/transaction/commands.go:119.2,120.16 2 0
github.com/m11ano/budget_planner/backend/ledger/internal/domain/budget/usecase/transaction/commands.go:120.16,122.3 1 0
github.com/m11ano/budget_planner/backend/ledger/internal/domain/budget/usecase/transaction/commands.go:124.2,124.30 1 0
github.com/m11ano/budget_planner/backend/ledger/internal/domain/budget/usecase/transaction/commands.go:124.30,127.3 2 0
github.com/m11ano/budget_planner/backend/ledger/internal/domain/budget/usecase/transaction/commands.go:129.2,129.31 1 0
github.com/m11ano/budget_planner/backend/ledger/internal/domain/budget/usecase/transaction/commands.go:137.9,140.100 2 0
github.com/m11ano/budget_planner/backend/ledger/internal/domain/budget/usecase/transaction/commands.go:140.100,144.17 2 0
github.com/m11ano/budget_planner/backend/ledger/internal/domain/budget/usecase/transaction/commands.go:144.17,146.4 1 0
github.com/m11ano/budget_planner/backend/ledger/internal/domain/budget/usecase/transaction/commands.go:148.3,148.36 1 0
github.com/m11ano/budget_planner/backend/ledger/internal/domain/budget/usecase/transaction/commands.go:148.36,150.70 2 0
github.com/m11ano/budget_planner/backend/ledger/internal/domain/budget/usecase/transaction/commands.go:150.70,152.5 1 0
github.com/m11ano/budget_planner/backend/ledger/internal/domain/budget/usecase/transaction/commands.go:155.3,155.63 1 0
github.com/m11ano/budget_planner/backend/ledger/internal/domain/budget/usecase/transaction/commands.go:155.63,159.4 1 0
github.com/m11ano/budget_planner/backend/ledger/internal/domain/budget/usecase/transaction/commands.go:161.3,161.27 1 0
github.com/m11ano/budget_planner/backend/ledger/internal/domain/budget/usecase/transaction/commands.go:161.27,163.18 2 0
github.com/m11ano/budget_planner/backend/ledger/internal/domain/budget/usecase/transaction/commands.go:163.18,164.46 1 0
github.com/m11ano/budget_planner/backend/ledger/internal/domain/budget/usecase/transaction/commands.go:164.46,166.6 1 0
github.com/m11ano/budget_planner/backend/ledger/internal/domain/budget/usecase/transaction/commands.go:167.5,167.15 1 0
github.com/m11ano/budget_planner/backend/ledger/internal/domain/budget/usecase/transaction/commands.go:170.4,170.43 1 0
github.com/m11ano/budget_planner/backend/ledger/internal/domain/budget/usecase/transaction/commands.go:173.3,173.27 1 0
github.com/m11ano/budget_planner/backend/ledger/internal/domain/budget/usecase/transaction/commands.go:173.27,175.18 2 0
github.com/m11ano/budget_planner/backend/ledger/internal/domain/budget/usecase/transaction/commands.go:175.18,177.5 1 0
github.com/m11ano/budget_planner/backend/ledger/internal/domain/budget/usecase/transaction/commands.go:180.3,180.23 1 0
github.com/m11ano/budget_planner/backend/ledger/internal/domain/budget/usecase/transaction/commands.go:180.23,181.29 1 0
github.com/m11ano/budget_planner/backend/ledger/internal/domain/budget/usecase/transaction/commands.go:181.29,195.19 3 0
github.com/m11ano/budget_planner/backend/ledger/internal/domain/budget/usecase/transaction/commands.go:195.19,197.6 1 0
github.com/m11ano/budget_planner/backend/ledger/internal/domain/budget/usecase/transaction/commands.go:199.5,199.29 1 0
github.com/m11ano/budget_planner/backend/ledger/internal/domain/budget/usecase/transaction/commands.go:199.29,211.20 4 0
github.com/m11ano/budget_planner/backend/ledger/internal/domain/budget/usecase/transaction/commands.go:211.20,213.7 1 0
github.com/m11ano/budget_planner/backend/ledger/internal/domain/budget/usecase/transaction/commands.go:215.6,216.37 2 0
github.com/m11ano/budget_planner/backend/ledger/internal/domain/budget/usecase/transaction/commands.go:216.37,217.28 1 0
github.com/m11ano/budget_planner/backend/ledger/internal/domain/budget/usecase/transaction/commands.go:217.28,219.22 2 0
github.com/m11ano/budget_planner/backend/ledger/internal/domain/budget/usecase/transaction/commands.go:219.22,221.9 1 0
github.com/m11ano/budget_planner/backend/ledger/internal/domain/budget/usecase/transaction/commands.go:225.6,225.48 1 0
github.com/m11ano/budget_planner/backend/ledger/internal/domain/budget/usecase/transaction/commands.go:225.48,227.7 1 0
github.com/m11ano/budget_planner/backend/ledger/internal/domain/budget/usecase/transaction/commands.go:231.4,232.18 2 0
github.com/m11ano/budget_planner/backend/ledger/internal/domain/budget/usecase/transaction/commands.go:232.18,234.5 1 0
github.com/m11ano/budget_planner/backend/ledger/internal/domain/budget/usecase/transaction/commands.go:237.3,237.28 1 0
github.com/m11ano/budget_planner/backend/ledger/internal/domain/budget/usecase/transaction/commands.go:237.28,239.18 2 0
github.com/m11ano/budget_planner/backend/ledger/internal/domain/budget/usecase/transaction/commands.go:239.18,241.5 1 0
github.com/m11ano/budget_planner/backend/ledger/internal/domain/budget/usecase/transaction/commands.go:244.3,245.17 2 0
github.com/m11ano/budget_planner/backend/ledger/internal/domain/budget/usecase/transaction/commands.go:245.17,247.4 1 0
github.com/m11ano/budget_planner/backend/ledger/internal/domain/budget/usecase/transaction/commands.go:249.3,249.13 1 0
github.com/m11ano/budget_planner/backend/ledger/internal/domain/budget/usecase/transaction/commands.go:251.2,251.16 1 0
github.com/m11ano/budget_planner/backend/ledger/internal/domain/budget/usecase/transaction/commands.go:251.16,253.3 1 0
github.com/m11ano/budget_planner/backend/ledger/internal/domain/budget/usecase/transaction/commands.go:255.2,255.12 1 0
github.com/m11ano/budget_planner/backend/ledger/internal/domain/budget/usecase/transaction/commands.go:258.87,261.67 2 0
github.com/m11ano/budget_planner/backend/ledger/internal/domain/budget/usecase/transaction/commands.go:261.67,265.17 2 0
github.com/m11ano/budget_planner/backend/ledger/internal/domain/budget/usecase/transaction/commands.go:265.17,267.4 1 0
github.com/m11ano/budget_planner/backend/ledger/internal/domain/budget/usecase/transaction/commands.go:269.3,269.36 1 0
github.com/m11ano/budget_planner/backend/ledger/internal/domain/budget/usecase/transaction/commands.go:269.36,271.70 2 0
github.com/m11ano/budget_planner/backend/ledger/internal/domain/budget/usecase/transaction/commands.go:271.70,273.5 1 0
github.com/m11ano/budget_planner/backend/ledger/internal/domain/budget/usecase/transaction/commands.go:276.3,279.17 3 0
github.com/m11ano/budget_planner/backend/ledger/internal/domain/budget/usecase/transaction/commands.go:279.17,281.4 1 0
github.com/m11ano/budget_planner/backend/ledger/internal/domain/budget/usecase/transaction/commands.go:283.3,283.13 1 0
github.com/m11ano/budget_planner/backend/ledger/internal/domain/budget/usecase/transaction/commands.go:285.2,285.16 1 0
github.com/m11ano/budget_planner/backend/ledger/internal/domain/budget/usecase/transaction/commands.go:285.16,287.3 1 0
github.com/m11ano/budget_planner/backend/ledger/internal/domain/budget/usecase/transaction/commands.go:289.2,289.12 1 0
github.com/m11ano/budget_planner/backend/ledger/internal/domain/budget/usecase/transaction/commands.go:296.9,300.16 3 0
github.com/m11ano/budget_planner/backend/ledger/internal/domain/budget/usecase/transaction/commands.go:300.16,302.3 1 0
github.com/m11ano/budget_planner/backend/ledger/internal/domain/budget/usecase/transaction/commands.go:304.2,304.99 1 0
github.com/m11ano/budget_planner/backend/ledger/internal/domain/budget/usecase/transaction/commands.go:304.99,305.32 1 0
github.com/m11ano/budget_planner/backend/ledger/internal/domain/budget/usecase/transaction/commands.go:305.32,314.18 2 0
github.com/m11ano/budget_planner/backend/ledger/internal/domain/budget/usecase/transaction/commands.go:314.18,316.11 2 0
github.com/m11ano/budget_planner/backend/ledger/internal/domain/budget/usecase/transaction/commands.go:316.11,321.6 3 0
github.com/m11ano/budget_planner/backend/ledger/internal/domain/budget/usecase/transaction/commands.go:322.5,322.70 1 0
github.com/m11ano/budget_planner/backend/ledger/internal/domain/budget/usecase/transaction/commands.go:326.3,326.13 1 0
github.com/m11ano/budget_planner/backend/ledger/internal/domain/budget/usecase/transaction/commands.go:328.2,328.16 1 0
github.com/m11ano/budget_planner/backend/ledger/internal/domain/budget/usecase/transaction/commands.go:328.16,330.3 1 0
github.com/m11ano/budget_planner/backend/ledger/internal/domain/budget/usecase/transaction/commands.go:332.2,332.12 1 0
github.com/m11ano/budget_planner/backend/ledger/internal/domain/budget/usecase/transaction/helpers.go:16.38,19.78 2 0
github.com/m11ano/budget_planner/backend/ledger/internal/domain/budget/usecase/transaction/helpers.go:19.78,21.3 1 0
github.com/m11ano/budget_planner/backend/ledger/internal/domain/budget/usecase/transaction/helpers.go:23.2,26.16 2 0
github.com/m11ano/budget_planner/backend/ledger/internal/domain/budget/usecase/transaction/helpers.go:26.16,28.3 1 0
github.com/m11ano/budget_planner/backend/ledger/internal/domain/budget/usecase/transaction/helpers.go:30.2,30.100 1 0
github.com/m11ano/budget_planner/backend/ledger/internal/domain/budget/usecase/transaction/helpers.go:30.100,32.3 1 0
github.com/m11ano/budget_planner/backend/ledger/internal/domain/budget/usecase/transaction/helpers.go:34.2,34.29 1 0
github.com/m11ano/budget_planner/backend/ledger/internal/domain/budget/usecase/transaction/helpers.go:34.29,39.57 2 0
github.com/m11ano/budget_planner/backend/ledger/internal/domain/budget/usecase/transaction/helpers.go:39.57,41.4 1 0
github.com/m11ano/budget_planner/backend/ledger/internal/domain/budget/usecase/transaction/helpers.go:43.3,43.29 1 0
github.com/m11ano/budget_planner/backend/ledger/internal/domain/budget/usecase/transaction/helpers.go:46.2,46.17 1 0
github.com/m11ano/budget_planner/backend/ledger/internal/domain/budget/usecase/transaction/helpers.go:49.90,56.33 4 0
github.com/m11ano/budget_planner/backend/ledger/internal/domain/budget/usecase/transaction/helpers.go:56.33,59.3 2 0
github.com/m11ano/budget_planner/backend/ledger/internal/domain/budget/usecase/transaction/helpers.go:61.2,61.31 1 0
github.com/m11ano/budget_planner/backend/ledger/internal/domain/budget/usecase/transaction/helpers.go:61.31,64.3 2 0
github.com/m11ano/budget_planner/backend/ledger/internal/domain/budget/usecase/transaction/helpers.go:66.2,66.35 1 0
github.com/m11ano/budget_planner/backend/ledger/internal/domain/budget/usecase/transaction/helpers.go:66.35,69.3 2 0
github.com/m11ano/budget_planner/backend/ledger/internal/domain/budget/usecase/transaction/helpers.go:71.2,71.28 1 0
github.com/m11ano/budget_planner/backend/ledger/internal/domain/budget/usecase/transaction/impl.go:34.16,47.2 2 0
github.com/m11ano/budget_planner/backend/ledger/internal/domain/budget/usecase/transaction/queries.go:27.36,31.16 3 0
github.com/m11ano/budget_planner/backend/ledger/internal/domain/budget/usecase/transaction/queries.go:31.16,33.3 1 0
github.com/m11ano/budget_planner/backend/ledger/internal/domain/budget/usecase/transaction/queries.go:35.2,35.35 1 0
github.com/m11ano/budget_planner/backend/ledger/internal/domain/budget/usecase/transaction/queries.go:35.35,37.62 2 0
github.com/m11ano/budget_planner/backend/ledger/internal/domain/budget/usecase/transaction/queries.go:37.62,39.4 1 0
github.com/m11ano/budget_planner/backend/ledger/internal/domain/budget/usecase/transaction/queries.go:42.2,43.16 2 0
github.com/m11ano/budget_planner/backend/ledger/internal/domain/budget/usecase/transaction/queries.go:43.16,45.3 1 0
github.com/m11ano/budget_planner/backend/ledger/internal/domain/budget/usecase/transaction/queries.go:47.2,47.19 1 0
github.com/m11ano/budget_planner/backend/ledger/internal/domain/budget/usecase/transaction/queries.go:47.19,49.3 1 0
github.com/m11ano/budget_planner/backend/ledger/internal/domain/budget/usecase/transaction/queries.go:51.2,51.20 1 0
github.com/m11ano/budget_planner/backend/ledger/internal/domain/budget/usecase/transaction/queries.go:58.38,62.16 3 0
github.com/m11ano/budget_planner/backend/ledger/internal/domain/budget/usecase/transaction/queries.go:62.16,64.3 1 0
github.com/m11ano/budget_planner/backend/ledger/internal/domain/budget/usecase/transaction/queries.go:66.2,67.16 2 0
github.com/m11ano/budget_planner/backend/ledger/internal/domain/budget/usecase/transaction/queries.go:67.16,69.3 1 0
[...]
github.com/m11ano/budget_planner/backend/ledger/internal/domain/budget/usecase/transaction/commands.go:161.3,161.27 1 0
github.com/m11ano/budget_planner/backend/ledger/internal/domain/budget/usecase/transaction/commands.go:161.27,163.18 2 0
github.com/m11ano/budget_planner/backend/ledger/internal/domain/budget/usecase/transaction/commands.go:163.18,164.46 1 0
github.com/m11ano/budget_planner/backend/ledger/internal/domain/budget/usecase/transaction/commands.go:164.46,166.6 1 0
github.com/m11ano/budget_planner/backend/ledger/internal/domain/budget/usecase/transaction/commands.go:167.5,167.15 1 0
github.com/m11ano/budget_planner/backend/ledger/internal/domain/budget/usecase/transaction/commands.go:170.4,170.43 1 0
github.com/m11ano/budget_planner/backend/ledger/internal/domain/budget/usecase/transaction/commands.go:173.3,173.27 1 0
github.com/m11ano/budget_planner/backend/ledger/internal/domain/budget/usecase/transaction/commands.go:173.27,175.18 2 0
github.com/m11ano/budget_planner/backend/ledger/internal/domain/budget/usecase/transaction/commands.go:175.18,177.5 1 0
github.com/m11ano/budget_planner/backend/ledger/internal/domain/budget/usecase/transaction/commands.go:180.3,180.23 1 0
github.com/m11ano/budget_planner/backend/ledger/internal/domain/budget/usecase/transaction/commands.go:180.23,181.29 1 0
github.com/m11ano/budget_planner/backend/ledger/internal/domain/budget/usecase/transaction/commands.go:181.29,195.19 3 0
github.com/m11ano/budget_planner/backend/ledger/internal/domain/budget/usecase/transaction/commands.go:195.19,197.6 1 0
github.com/m11ano/budget_planner/backend/ledger/internal/domain/budget/usecase/transaction/commands.go:199.5,199.29 1 0
github.com/m11ano/budget_planner/backend/ledger/internal/domain/budget/usecase/transaction/commands.go:199.29,211.20 4 0
github.com/m11ano/budget_planner/backend/ledger/internal/domain/budget/usecase/transaction/commands.go:211.20,213.7 1 0
github.com/m11ano/budget_planner/backend/ledger/internal/domain/budget/usecase/transaction/commands.go:215.6,216.37 2 0
github.com/m11ano/budget_planner/backend/ledger/internal/domain/budget/usecase/transaction/commands.go:216.37,217.28 1 0
github.com/m11ano/budget_planner/backend/ledger/internal/domain/budget/usecase/transaction/commands.go:217.28,219.22 2 0
github.com/m11ano/budget_planner/backend/ledger/internal/domain/budget/usecase/transaction/commands.go:219.22,221.9 1 0
github.com/m11ano/budget_planner/backend/ledger/internal/domain/budget/usecase/transaction/commands.go:225.6,225.48 1 0
github.com/m11ano/budget_planner/backend/ledger/internal/domain/budget/usecase/transaction/commands.go:225.48,227.7 1 0
github.com/m11ano/budget_planner/backend/ledger/internal/domain/budget/usecase/transaction/commands.go:231.4,232.18 2 0
github.com/m11ano/budget_planner/backend/ledger/internal/domain/budget/usecase/transaction/commands.go:232.18,234.5 1 0
github.com/m11ano/budget_planner/backend/ledger/internal/domain/budget/usecase/transaction/commands.go:237.3,237.28 1 0
github.com/m11ano/budget_planner/backend/ledger/internal/domain/budget/usecase/transaction/commands.go:237.28,239.18 2 0
github.com/m11ano/budget_planner/backend/ledger/internal/domain/budget/usecase/transaction/commands.go:239.18,241.5 1 0
github.com/m11ano/budget_planner/backend/ledger/internal/domain/budget/usecase/transaction/commands.go:244.3,245.17 2 0
github.com/m11ano/budget_planner/backend/ledger/internal/domain/budget/usecase/transaction/commands.go:245.17,247.4 1 0
github.com/m11ano/budget_planner/backend/ledger/internal/domain/budget/usecase/transaction/commands.go:249.3,249.13 1 0
github.com/m11ano/budget_planner/backend/ledger/internal/domain/budget/usecase/transaction/commands.go:251.2,251.16 1 0
github.com/m11ano/budget_planner/backend/ledger/internal/domain/budget/usecase/transaction/commands.go:251.16,253.3 1 0
github.com/m11ano/budget_planner/backend/ledger/internal/domain/budget/usecase/transaction/commands.go:255.2,255.12 1 0
github.com/m11ano/budget_planner/backend/ledger/internal/domain/budget/usecase/transaction/commands.go:258.87,261.67 2 0
github.com/m11ano/budget_planner/backend/ledger/internal/domain/budget/usecase/transaction/commands.go:261.67,265.17 2 0
github.com/m11ano/budget_planner/backend/ledger/internal/domain/budget/usecase/transaction/commands.go:265.17,267.4 1 0
github.com/m11ano/budget_planner/backend/ledger/internal/domain/budget/usecase/transaction/commands.go:269.3,269.36 1 0
github.com/m11ano/budget_planner/backend/ledger/internal/domain/budget/usecase/transaction/commands.go:269.36,271.70 2 0
github.com/m11ano/budget_planner/backend/ledger/internal/domain/budget/usecase/transaction/commands.go:271.70,273.5 1 0
github.com/m11ano/budget_planner/backend/ledger/internal/domain/budget/usecase/transaction/commands.go:276.3,279.17 3 0
github.com/m11ano/budget_planner/backend/ledger/internal/domain/budget/usecase/transaction/commands.go:279.17,281.4 1 0
github.com/m11ano/budget_planner/backend/ledger/internal/domain/budget/usecase/transaction/commands.go:283.3,283.13 1 0
github.com/m11ano/budget_planner/backend/ledger/internal/domain/budget/usecase/transaction/commands.go:285.2,285.16 1 0
github.com/m11ano/budget_planner/backend/ledger/internal/domain/budget/usecase/transaction/commands.go:285.16,287.3 1 0
github.com/m11ano/budget_planner/backend/ledger/internal/domain/budget/usecase/transaction/commands.go:289.2,289.12 1 0
github.com/m11ano/budget_planner/backend/ledger/internal/domain/budget/usecase/transaction/commands.go:296.9,300.16 3 0
github.com/m11ano/budget_planner/backend/ledger/internal/domain/budget/usecase/transaction/commands.go:300.16,302.3 1 0
github.com/m11ano/budget_planner/backend/ledger/internal/domain/budget/usecase/transaction/commands.go:304.2,304.99 1 0
github.com/m11ano/budget_planner/backend/ledger/internal/domain/budget/usecase/transaction/commands.go:304.99,305.32 1 0
github.com/m11ano/budget_planner/backend/ledger/internal/domain/budget/usecase/transaction/commands.go:305.32,314.18 2 0
github.com/m11ano/budget_planner/backend/ledger/internal/domain/budget/usecase/transaction/commands.go:314.18,316.11 2 0
github.com/m11ano/budget_planner/backend/ledger/internal/domain/budget/usecase/transaction/commands.go:316.11,321.6 3 0
github.com/m11ano/budget_planner/backend/ledger/internal/domain/budget/usecase/transaction/commands.go:322.5,322.70 1 0
github.com/m11ano/budget_planner/backend/ledger/internal/domain/budget/usecase/transaction/commands.go:326.3,326.13 1 0
github.com/m11ano/budget_planner/backend/ledger/internal/domain/budget/usecase/transaction/commands.go:328.2,328.16 1 0
github.com/m11ano/budget_planner/backend/ledger/internal/domain/budget/usecase/transaction/commands.go:328.16,330.3 1 0
github.com/m11ano/budget_planner/backend/ledger/internal/domain/budget/usecase/transaction/commands.go:332.2,332.12 1 0
github.com/m11ano/budget_planner/backend/ledger/internal/domain/budget/usecase/transaction/helpers.go:16.38,19.78 2 0
github.com/m11ano/budget_planner/backend/ledger/internal/domain/budget/usecase/transaction/helpers.go:19.78,21.3 1 0
github.com/m11ano/budget_planner/backend/ledger/internal/domain/budget/usecase/transaction/helpers.go:23.2,26.16 2 0
github.com/m11ano/budget_planner/backend/ledger/internal/domain/budget/usecase/transaction/helpers.go:26.16,28.3 1 0
github.com/m11ano/budget_planner/backend/ledger/internal/domain/budget/usecase/transaction/helpers.go:30.2,30.100 1 0
github.com/m11ano/budget_planner/backend/ledger/internal/domain/budget/usecase/transaction/helpers.go:30.100,32.3 1 0
github.com/m11ano/budget_planner/backend/ledger/internal/domain/budget/usecase/transaction/helpers.go:34.2,34.29 1 0
github.com/m11ano/budget_planner/backend/ledger/internal/domain/budget/usecase/transaction/helpers.go:34.29,39.57 2 0
github.com/m11ano/budget_planner/backend/ledger/internal/domain/budget/usecase/transaction/helpers.go:39.57,41.4 1 0
github.com/m11ano/budget_planner/backend/ledger/internal/domain/budget/usecase/transaction/helpers.go:43.3,43.29 1 0
github.com/m11ano/budget_planner/backend/ledger/internal/domain/budget/usecase/transaction/helpers.go:46.2,46.17 1 0
github.com/m11ano/budget_planner/backend/ledger/internal/domain/budget/usecase/transaction/helpers.go:49.90,56.33 4 0
github.com/m11ano/budget_planner/backend/ledger/internal/domain/budget/usecase/transaction/helpers.go:56.33,59.3 2 0
github.com/m11ano/budget_planner/backend/ledger/internal/domain/budget/usecase/transaction/helpers.go:61.2,61.31 1 0
github.com/m11ano/budget_planner/backend/ledger/internal/domain/budget/usecase/transaction/helpers.go:61.31,64.3 2 0
github.com/m11ano/budget_planner/backend/ledger/internal/domain/budget/usecase/transaction/helpers.go:66.2,66.35 1 0
github.com/m11ano/budget_planner/backend/ledger/internal/domain/budget/usecase/transaction/helpers.go:66.35,69.3 2 0
github.com/m11ano/budget_planner/backend/ledger/internal/domain/budget/usecase/transaction/helpers.go:71.2,71.28 1 0
github.com/m11ano/budget_planner/backend/ledger/internal/domain/budget/usecase/transaction/impl.go:34.16,47.2 2 0
github.com/m11ano/budget_planner/backend/ledger/internal/domain/budget/usecase/transaction/queries.go:27.36,31.16 3 0
github.com/m11ano/budget_planner/backend/ledger/internal/domain/budget/usecase/transaction/queries.go:31.16,33.3 1 0
github.com/m11ano/budget_planner/backend/ledger/internal/domain/budget/usecase/transaction/queries.go:35.2,35.35 1 0
github.com/m11ano/budget_planner/backend/ledger/internal/domain/budget/usecase/transaction/queries.go:35.35,37.62 2 0
github.com/m11ano/budget_planner/backend/ledger/internal/domain/budget/usecase/transaction/queries.go:37.62,39.4 1 0
github.com/m11ano/budget_planner/backend/ledger/internal/domain/budget/usecase/transaction/queries.go:42.2,43.16 2 0
github.com/m11ano/budget_planner/backend/ledger/internal/domain/budget/usecase/transaction/queries.go:43.16,45.3 1 0
github.com/m11ano/budget_planner/backend/ledger/internal/domain/budget/usecase/transaction/queries.go:47.2,47.19 1 0
github.com/m11ano/budget_planner/backend/ledger/internal/domain/budget/usecase/transaction/queries.go:47.19,49.3 1 0
github.com/m11ano/budget_planner/backend/ledger/internal/domain/budget/usecase/transaction/queries.go:51.2,51.20 1 0
github.com/m11ano/budget_planner/backend/ledger/internal/domain/budget/usecase/transaction/queries.go:58.38,62.16 3 0
github.com/m11ano/budget_planner/backend/ledger/internal/domain/budget/usecase/transaction/queries.go:62.16,64.3 1 0
github.com/m11ano/budget_planner/backend/ledger/internal/domain/budget/usecase/transaction/queries.go:66.2,67.16 2 0
github.com/m11ano/budget_planner/backend/ledger/internal/domain/budget/usecase/transaction/queries.go:67.16,69.3 1 0
github.com/m11ano/budget_planner/backend/ledger/internal/domain/budget/usecase/transaction/queries.go:71.2,71.17 1 0
github.com/m11ano/budget_planner/backend/ledger/internal/domain/budget/usecase/transaction/queries.go:78.46,82.16 3 0
github.com/m11ano/budget_planner/backend/ledger/internal/domain/budget/usecase/transaction/queries.go:82.16,84.3 1 0
github.com/m11ano/budget_planner/backend/ledger/internal/domain/budget/usecase/transaction/queries.go:86.2,87.16 2 0
github.com/m11ano/budget_planner/backend/ledger/internal/domain/budget/usecase/transaction/queries.go:87.16,89.3 1 0
github.com/m11ano/budget_planner/backend/ledger/internal/domain/budget/usecase/transaction/queries.go:91.2,91.24 1 0
github.com/m11ano/budget_planner/backend/ledger/internal/domain/budget/usecase/transaction/queries.go:98.50,102.16 3 0
github.com/m11ano/budget_planner/backend/ledger/internal/domain/budget/usecase/transaction/queries.go:102.16,104.3 1 0
github.com/m11ano/budget_planner/backend/ledger/internal/domain/budget/usecase/transaction/queries.go:106.2,107.16 2 0
github.com/m11ano/budget_planner/backend/ledger/internal/domain/budget/usecase/transaction/queries.go:107.16,109.3 1 0
github.com/m11ano/budget_planner/backend/ledger/internal/domain/budget/usecase/transaction/queries.go:111.2,111.103 1 0
github.com/m11ano/budget_planner/backend/ledger/internal/domain/budget/usecase/transaction/queries.go:111.103,113.3 1 0
github.com/m11ano/budget_planner/backend/ledger/internal/domain/budget/usecase/transaction/queries.go:115.2,115.20 1 0
github.com/m11ano/budget_planner/backend/ledger/internal/domain/budget/usecase/transaction/queries.go:128.39,133.59 3 0
github.com/m11ano/budget_planner/backend/ledger/internal/domain/budget/usecase/transaction/queries.go:133.59,135.17 2 0
github.com/m11ano/budget_planner/backend/ledger/internal/domain/budget/usecase/transaction/queries.go:135.17,142.4 2 0
github.com/m11ano/budget_planner/backend/ledger/internal/domain/budget/usecase/transaction/queries.go:142.9,142.52 1 0
github.com/m11ano/budget_planner/backend/ledger/internal/domain/budget/usecase/transaction/queries.go:142.52,144.4 1 0
github.com/m11ano/budget_planner/backend/ledger/internal/domain/budget/usecase/transaction/queries.go:146.3,149.17 3 0
github.com/m11ano/budget_planner/backend/ledger/internal/domain/budget/usecase/transaction/queries.go:149.17,151.4 1 0
github.com/m11ano/budget_planner/backend/ledger/internal/domain/budget/usecase/transaction/queries.go:153.3,154.17 2 0
github.com/m11ano/budget_planner/backend/ledger/internal/domain/budget/usecase/transaction/queries.go:154.17,156.4 1 0
github.com/m11ano/budget_planner/backend/ledger/internal/domain/budget/usecase/transaction/queries.go:158.3,161.9 1 0
github.com/m11ano/budget_planner/backend/ledger/internal/domain/budget/usecase/transaction/queries.go:163.2,163.16 1 0
github.com/m11ano/budget_planner/backend/ledger/internal/domain/budget/usecase/transaction/queries.go:163.16,165.3 1 0
github.com/m11ano/budget_planner/backend/ledger/internal/domain/budget/usecase/transaction/queries.go:167.2,168.9 2 0
github.com/m11ano/budget_planner/backend/ledger/internal/domain/budget/usecase/transaction/queries.go:168.9,170.3 1 0
github.com/m11ano/budget_planner/backend/ledger/internal/domain/budget/usecase/transaction/queries.go:172.2,172.47 1 0
github.com/m11ano/budget_planner/backend/ledger/internal/domain/budget/usecase/transaction/queries.go:178.33,183.102 3 0
github.com/m11ano/budget_planner/backend/ledger/internal/domain/budget/usecase/transaction/queries.go:183.102,194.17 3 0
github.com/m11ano/budget_planner/backend/ledger/internal/domain/budget/usecase/transaction/queries.go:194.17,196.4 1 0
github.com/m11ano/budget_planner/backend/ledger/internal/domain/budget/usecase/transaction/queries.go:198.3,198.36 1 0
github.com/m11ano/budget_planner/backend/ledger/internal/domain/budget/usecase/transaction/queries.go:198.36,199.79 1 0
github.com/m11ano/budget_planner/backend/ledger/internal/domain/budget/usecase/transaction/queries.go:199.79,201.5 1 0
github.com/m11ano/budget_planner/backend/ledger/internal/domain/budget/usecase/transaction/queries.go:204.3,205.17 2 0
github.com/m11ano/budget_planner/backend/ledger/internal/domain/budget/usecase/transaction/queries.go:205.17,207.4 1 0
github.com/m11ano/budget_planner/backend/ledger/internal/domain/budget/usecase/transaction/queries.go:209.3,209.86 1 0
github.com/m11ano/budget_planner/backend/ledger/internal/domain/budget/usecase/transaction/queries.go:209.86,211.4 1 0
github.com/m11ano/budget_planner/backend/ledger/internal/domain/budget/usecase/transaction/queries.go:213.3,214.34 2 0
github.com/m11ano/budget_planner/backend/ledger/internal/domain/budget/usecase/transaction/queries.go:214.34,216.4 1 0
github.com/m11ano/budget_planner/backend/ledger/internal/domain/budget/usecase/transaction/queries.go:216.9,217.31 1 0
github.com/m11ano/budget_planner/backend/ledger/internal/domain/budget/usecase/transaction/queries.go:217.31,219.5 1 0
github.com/m11ano/budget_planner/backend/ledger/internal/domain/budget/usecase/transaction/queries.go:221.4,221.39 1 0
github.com/m11ano/budget_planner/backend/ledger/internal/domain/budget/usecase/transaction/queries.go:224.3,225.32 2 0
github.com/m11ano/budget_planner/backend/ledger/internal/domain/budget/usecase/transaction/queries.go:225.32,227.4 1 0
github.com/m11ano/budget_planner/backend/ledger/internal/domain/budget/usecase/transaction/queries.go:227.9,228.31 1 0
github.com/m11ano/budget_planner/backend/ledger/internal/domain/budget/usecase/transaction/queries.go:228.31,230.5 1 0
github.com/m11ano/budget_planner/backend/ledger/internal/domain/budget/usecase/transaction/queries.go:232.4,232.81 1 0
github.com/m11ano/budget_planner/backend/ledger/internal/domain/budget/usecase/transaction/queries.go:235.3,246.17 6 0
github.com/m11ano/budget_planner/backend/ledger/internal/domain/budget/usecase/transaction/queries.go:246.17,248.4 1 0
github.com/m11ano/budget_planner/backend/ledger/internal/domain/budget/usecase/transaction/queries.go:250.3,250.71 1 0
github.com/m11ano/budget_planner/backend/ledger/internal/domain/budget/usecase/transaction/queries.go:250.71,256.35 2 0
github.com/m11ano/budget_planner/backend/ledger/internal/domain/budget/usecase/transaction/queries.go:256.35,258.5 1 0
github.com/m11ano/budget_planner/backend/ledger/internal/domain/budget/usecase/transaction/queries.go:258.10,260.5 1 0
github.com/m11ano/budget_planner/backend/ledger/internal/domain/budget/usecase/transaction/queries.go:262.4,262.33 1 0
github.com/m11ano/budget_planner/backend/ledger/internal/domain/budget/usecase/transaction/queries.go:262.33,264.5 1 0
github.com/m11ano/budget_planner/backend/ledger/internal/domain/budget/usecase/transaction/queries.go:264.10,266.5 1 0
github.com/m11ano/budget_planner/backend/ledger/internal/domain/budget/usecase/transaction/queries.go:268.4,268.40 1 0
github.com/m11ano/budget_planner/backend/ledger/internal/domain/budget/usecase/transaction/queries.go:268.40,269.102 1 0
github.com/m11ano/budget_planner/backend/ledger/internal/domain/budget/usecase/transaction/queries.go:269.102,271.6 1 0
github.com/m11ano/budget_planner/backend/ledger/internal/domain/budget/usecase/transaction/queries.go:273.5,273.11 1 0
github.com/m11ano/budget_planner/backend/ledger/internal/domain/budget/usecase/transaction/queries.go:273.11,275.6 1 0
github.com/m11ano/budget_planner/backend/ledger/internal/domain/budget/usecase/transaction/queries.go:275.11,281.77 2 0
github.com/m11ano/budget_planner/backend/ledger/internal/domain/budget/usecase/transaction/queries.go:281.77,283.7 1 0
github.com/m11ano/budget_planner/backend/ledger/internal/domain/budget/usecase/transaction/queries.go:284.6,284.12 1 0
github.com/m11ano/budget_planner/backend/ledger/internal/domain/budget/usecase/transaction/queries.go:284.12,287.7 2 0
github.com/m11ano/budget_planner/backend/ledger/internal/domain/budget/usecase/transaction/queries.go:289.6,289.46 1 0
github.com/m11ano/budget_planner/backend/ledger/internal/domain/budget/usecase/transaction/queries.go:293.4,293.27 1 0
github.com/m11ano/budget_planner/backend/ledger/internal/domain/budget/usecase/transaction/queries.go:296.3,296.13 1 0
github.com/m11ano/budget_planner/backend/ledger/internal/domain/budget/usecase/transaction/queries.go:298.2,298.16 1 0
github.com/m11ano/budget_planner/backend/ledger/internal/domain/budget/usecase/transaction/queries.go:298.16,300.3 1 0
github.com/m11ano/budget_planner/backend/ledger/internal/domain/budget/usecase/transaction/queries.go:302.2,302.17 1 0
github.com/m11ano/budget_planner/backend/ledger/internal/domain/budget/usecase/transaction/queries.go:309.27,313.16 3 0
github.com/m11ano/budget_planner/backend/ledger/internal/domain/budget/usecase/transaction/queries.go:313.16,315.3 1 0
github.com/m11ano/budget_planner/backend/ledger/internal/domain/budget/usecase/transaction/queries.go:317.2,318.16 2 0
github.com/m11ano/budget_planner/backend/ledger/internal/domain/budget/usecase/transaction/queries.go:318.16,320.3 1 0
github.com/m11ano/budget_planner/backend/ledger/internal/domain/budget/usecase/transaction/queries.go:322.2,322.25 1 0
